<?xml version="1.0" encoding="utf-8"?><testsuites name="pytest tests"><testsuite name="pytest" errors="0" failures="0" skipped="0" tests="15" time="2.674" timestamp="2026-04-30T02:42:30.511093+00:00" hostname="agent-env-983ba008-be40-4716-87ca-c8d187e456bf"><testcase classname="backend.tests.test_iter35_v62" name="test_regression_seed_suite_and_pulse" time="0.577" /><testcase classname="backend.tests.test_iter35_v62" name="test_publish_delta_origin" time="0.059" /><testcase classname="backend.tests.test_iter35_v62" name="test_list_deltas_origin_published_status" time="0.049" /><testcase classname="backend.tests.test_iter35_v62" name="test_get_delta_full_bundle" time="0.055" /><testcase classname="backend.tests.test_iter35_v62" name="test_non_gm_cannot_list_deltas" time="0.418" /><testcase classname="backend.tests.test_iter35_v62" name="test_non_gm_cannot_publish_delta" time="0.053" /><testcase classname="backend.tests.test_iter35_v62" name="test_clone_and_apply_delta" time="0.212" /><testcase classname="backend.tests.test_iter35_v62" name="test_apply_idempotent" time="0.081" /><testcase classname="backend.tests.test_iter35_v62" name="test_defer_delta" time="0.163" /><testcase classname="backend.tests.test_iter35_v62" name="test_origin_apply_rejected_400" time="0.054" /><testcase classname="backend.tests.test_iter35_v62" name="test_validate_character_besm" time="0.103" /><testcase classname="backend.tests.test_iter35_v62" name="test_app_validate_stamps_approval" time="0.048" /><testcase classname="backend.tests.test_iter35_v62" name="test_gm_approve_blocks_when_fails_no_house_rules" time="0.284" /><testcase classname="backend.tests.test_iter35_v62" name="test_gm_approve_with_house_rules_succeeds" time="0.142" /><testcase classname="backend.tests.test_iter35_v62" name="test_seat_character_409_when_unapproved" time="0.286" /></testsuite></testsuites>