<?xml version="1.0" encoding="utf-8"?><testsuites name="pytest tests"><testsuite name="pytest" errors="0" failures="0" skipped="0" tests="11" time="4.132" timestamp="2026-05-01T00:47:50.122297+00:00" hostname="agent-env-983ba008-be40-4716-87ca-c8d187e456bf"><testcase classname="tests.test_iter40_v67.TestAnime5eSoftCapWarning" name="test_party8_warns_soft_cap" time="0.579" /><testcase classname="tests.test_iter40_v67.TestAnime5eSoftCapWarning" name="test_party4_no_warning" time="0.120" /><testcase classname="tests.test_iter40_v67.TestBesmEncounterBudget" name="test_happy_path_hard_party4" time="0.228" /><testcase classname="tests.test_iter40_v67.TestBesmEncounterBudget" name="test_soft_cap_warning_party8" time="0.122" /><testcase classname="tests.test_iter40_v67.TestBesmEncounterBudget" name="test_400_on_non_besm" time="0.114" /><testcase classname="tests.test_iter40_v67.TestBesmEncounterBudget" name="test_403_for_non_member" time="0.783" /><testcase classname="tests.test_iter40_v67.TestGenerateNPCSheet" name="test_besm_boss_block" time="0.258" /><testcase classname="tests.test_iter40_v67.TestGenerateNPCSheet" name="test_d5e_compatible_block[anime-5e]" time="0.264" /><testcase classname="tests.test_iter40_v67.TestGenerateNPCSheet" name="test_d5e_compatible_block[dnd-5e]" time="0.232" /><testcase classname="tests.test_iter40_v67.TestGenerateNPCSheet" name="test_cypher_block" time="0.360" /><testcase classname="tests.test_iter40_v67.TestGenerateNPCSheet" name="test_403_for_non_gm" time="0.986" /></testsuite></testsuites>