<?xml version="1.0" encoding="utf-8"?><testsuites name="pytest tests"><testsuite name="pytest" errors="0" failures="5" skipped="0" tests="11" time="97.768" timestamp="2026-05-09T17:16:33.654882+00:00" hostname="agent-env-983ba008-be40-4716-87ca-c8d187e456bf"><testcase classname="backend.tests.test_v62534_forge_v2_validators.TestConceptForgeV2" name="test_multi_field_brief" time="49.031" /><testcase classname="backend.tests.test_v62534_forge_v2_validators.TestConceptForgeV2" name="test_with_imported_codex_no_500" time="47.044" /><testcase classname="backend.tests.test_v62534_forge_v2_validators.TestConceptForgeV2" name="test_empty_brief_400" time="0.142" /><testcase classname="backend.tests.test_v62534_forge_v2_validators.TestConceptForgeV2" name="test_cleanup_draft" time="0.110" /><testcase classname="backend.tests.test_v62534_forge_v2_validators.TestValidators" name="test_clean_character_zero_warnings" time="0.124"><failure message="AssertionError: create char failed: 422 {&quot;detail&quot;:[{&quot;type&quot;:&quot;missing&quot;,&quot;loc&quot;:[&quot;body&quot;,&quot;attributes&quot;,0,&quot;cost_per_level&quot;],&quot;msg&quot;:&quot;Field required&quot;,&quot;input&quot;:{&quot;name&quot;:&quot;Healing&quot;,&quot;level&quot;:3},&quot;url&quot;:&quot;https://errors.pydantic.dev/2.13/v/missing&quot;},{&quot;type&quot;:&quot;missing&quot;,&quot;loc&quot;:[&quot;body&quot;,&quot;defects&quot;,0,&quot;points_per_rank&quot;],&quot;msg&quot;:&quot;Field required&quot;,&quot;input&quot;:{&quot;name&quot;:&quot;Marked&quot;,&quot;&#10;assert 422 in (200, 201)&#10; +  where 422 = &lt;Response [422]&gt;.status_code">backend/tests/test_v62534_forge_v2_validators.py:154: in test_clean_character_zero_warnings
    ch_id = self._make_char(
backend/tests/test_v62534_forge_v2_validators.py:149: in _make_char
    assert r.status_code in (200, 201), f"create char failed: {r.status_code} {r.text[:300]}"
E   AssertionError: create char failed: 422 {"detail":[{"type":"missing","loc":["body","attributes",0,"cost_per_level"],"msg":"Field required","input":{"name":"Healing","level":3},"url":"https://errors.pydantic.dev/2.13/v/missing"},{"type":"missing","loc":["body","defects",0,"points_per_rank"],"msg":"Field required","input":{"name":"Marked","
E   assert 422 in (200, 201)
E    +  where 422 = &lt;Response [422]&gt;.status_code</failure></testcase><testcase classname="backend.tests.test_v62534_forge_v2_validators.TestValidators" name="test_dirty_character_warnings" time="0.109"><failure message="AssertionError: create char failed: 422 {&quot;detail&quot;:[{&quot;type&quot;:&quot;missing&quot;,&quot;loc&quot;:[&quot;body&quot;,&quot;attributes&quot;,0,&quot;cost_per_level&quot;],&quot;msg&quot;:&quot;Field required&quot;,&quot;input&quot;:{&quot;name&quot;:&quot;Tough&quot;,&quot;level&quot;:3},&quot;url&quot;:&quot;https://errors.pydantic.dev/2.13/v/missing&quot;},{&quot;type&quot;:&quot;missing&quot;,&quot;loc&quot;:[&quot;body&quot;,&quot;attributes&quot;,1,&quot;cost_per_level&quot;],&quot;msg&quot;:&quot;Field required&quot;,&quot;input&quot;:{&quot;name&quot;:&quot;Tough&quot;,&quot;l&#10;assert 422 in (200, 201)&#10; +  where 422 = &lt;Response [422]&gt;.status_code">backend/tests/test_v62534_forge_v2_validators.py:168: in test_dirty_character_warnings
    ch_id = self._make_char(
backend/tests/test_v62534_forge_v2_validators.py:149: in _make_char
    assert r.status_code in (200, 201), f"create char failed: {r.status_code} {r.text[:300]}"
E   AssertionError: create char failed: 422 {"detail":[{"type":"missing","loc":["body","attributes",0,"cost_per_level"],"msg":"Field required","input":{"name":"Tough","level":3},"url":"https://errors.pydantic.dev/2.13/v/missing"},{"type":"missing","loc":["body","attributes",1,"cost_per_level"],"msg":"Field required","input":{"name":"Tough","l
E   assert 422 in (200, 201)
E    +  where 422 = &lt;Response [422]&gt;.status_code</failure></testcase><testcase classname="backend.tests.test_v62534_forge_v2_validators.TestValidators" name="test_dismiss_persists_and_idempotent" time="0.113"><failure message="KeyError: 'warnings'">backend/tests/test_v62534_forge_v2_validators.py:200: in test_dismiss_persists_and_idempotent
    dup = next(w for w in r["warnings"] if w["kind"] == "duplicate_attribute")
                          ^^^^^^^^^^^^^
E   KeyError: 'warnings'</failure></testcase><testcase classname="backend.tests.test_v62534_forge_v2_validators.TestValidators" name="test_signature_changes_on_level_bump" time="0.105"><failure message="KeyError: 'warnings'">backend/tests/test_v62534_forge_v2_validators.py:221: in test_signature_changes_on_level_bump
    attr_w = next((w for w in r["warnings"]
                              ^^^^^^^^^^^^^
E   KeyError: 'warnings'</failure></testcase><testcase classname="backend.tests.test_v62534_forge_v2_validators.TestValidators" name="test_campaign_dashboard_gm" time="0.159"><failure message="assert 0 &gt;= 1">backend/tests/test_v62534_forge_v2_validators.py:256: in test_campaign_dashboard_gm
    assert body["total_warnings"] &gt;= 1
E   assert 0 &gt;= 1</failure></testcase><testcase classname="backend.tests.test_v62534_forge_v2_validators.TestValidators" name="test_campaign_dashboard_non_gm_403" time="0.688" /><testcase classname="backend.tests.test_v62534_forge_v2_validators.TestValidators" name="test_zzz_cleanup" time="0.000" /></testsuite></testsuites>