<?xml version="1.0" encoding="utf-8"?><testsuites name="pytest tests"><testsuite name="pytest" errors="0" failures="0" skipped="0" tests="8" time="4.387" timestamp="2026-05-13T18:33:55.854687+00:00" hostname="agent-env-983ba008-be40-4716-87ca-c8d187e456bf"><testcase classname="tests.test_v62549_conditions_patch_stats" name="test_besm_reference_has_conditions" time="0.416" /><testcase classname="tests.test_v62549_conditions_patch_stats" name="test_all_systems_have_conditions" time="0.592" /><testcase classname="tests.test_v62549_conditions_patch_stats" name="test_anime5e_keeps_genre_conditions" time="0.165" /><testcase classname="tests.test_v62549_conditions_patch_stats" name="test_cypher_has_damage_track" time="0.202" /><testcase classname="tests.test_v62549_conditions_patch_stats" name="test_patch_token_partial_update" time="1.509" /><testcase classname="tests.test_v62549_conditions_patch_stats" name="test_patch_token_lock_blocks_player_move" time="1.144" /><testcase classname="tests.test_v62549_conditions_patch_stats" name="test_public_stats_deeper_fields" time="0.161" /><testcase classname="tests.test_v62549_conditions_patch_stats" name="test_activity_pulse_returns_seven_days" time="0.139" /></testsuite></testsuites>