<?xml version="1.0" encoding="utf-8"?><testsuites name="pytest tests"><testsuite name="pytest" errors="0" failures="0" skipped="0" tests="50" time="27.870" timestamp="2026-05-09T01:14:28.231807+00:00" hostname="agent-env-983ba008-be40-4716-87ca-c8d187e456bf"><testcase classname="tests.test_v62525_flavor_converter_lib_codex" name="test_flavors_full_listing" time="0.168" /><testcase classname="tests.test_v62525_flavor_converter_lib_codex" name="test_flavors_genre_filter" time="0.099" /><testcase classname="tests.test_v62525_flavor_converter_lib_codex" name="test_flavors_substitutions_present" time="0.116" /><testcase classname="tests.test_v62525_flavor_converter_lib_codex" name="test_reference_includes_flavors" time="0.125" /><testcase classname="tests.test_v62525_flavor_converter_lib_codex" name="test_converter_warrior_default" time="0.130" /><testcase classname="tests.test_v62525_flavor_converter_lib_codex" name="test_converter_adept_tier3_with_focus" time="0.125" /><testcase classname="tests.test_v62525_flavor_converter_lib_codex" name="test_converter_unknown_falls_back_to_warrior" time="0.116" /><testcase classname="tests.test_v62525_flavor_converter_lib_codex" name="test_reference_library_requires_system_id" time="0.439" /><testcase classname="tests.test_v62525_flavor_converter_lib_codex" name="test_reference_library_aggregates_for_system" time="0.830" /><testcase classname="tests.test_v62525_flavor_converter_lib_codex" name="test_codex_pdf_export_requires_shared_nodes" time="0.687" /><testcase classname="tests.test_v62525_flavor_converter_lib_codex" name="test_codex_pdf_export_emits_pdf" time="0.766" /><testcase classname="tests.test_v62525_roll_tables" name="test_rarity_tiers_static_metadata" time="0.103" /><testcase classname="tests.test_v62525_roll_tables" name="test_create_table_with_reference_entry" time="0.830" /><testcase classname="tests.test_v62525_roll_tables" name="test_silent_freetext_is_rejected" time="0.349" /><testcase classname="tests.test_v62525_roll_tables" name="test_two_sources_rejected" time="0.505" /><testcase classname="tests.test_v62525_roll_tables" name="test_rarity_gate_auto_snaps_up" time="0.324" /><testcase classname="tests.test_v62525_roll_tables" name="test_roll_below_gate_returns_403" time="0.621" /><testcase classname="tests.test_v62525_roll_tables" name="test_roll_at_gate_returns_pick" time="0.599" /><testcase classname="tests.test_v62525_roll_tables" name="test_unknown_reference_id_rejected" time="0.325" /><testcase classname="tests.test_v62525_roll_tables" name="test_player_cannot_create_table" time="0.640" /><testcase classname="tests.test_v62525_roll_tables" name="test_list_and_delete_round_trip" time="0.843" /><testcase classname="tests.test_v62526_marketplace_pdf" name="test_marketplace_share_requires_attestation" time="1.038" /><testcase classname="tests.test_v62526_marketplace_pdf" name="test_marketplace_share_paywall_requires_price" time="0.866" /><testcase classname="tests.test_v62526_marketplace_pdf" name="test_marketplace_share_success_then_duplicate_409" time="1.242" /><testcase classname="tests.test_v62526_marketplace_pdf" name="test_pdf_export_returns_valid_stream" time="1.139" /><testcase classname="tests.test_v62526_materials_encounters" name="test_materials_three_tier_chain" time="0.942" /><testcase classname="tests.test_v62526_materials_encounters" name="test_materials_unknown_ingredient_rejected" time="0.365" /><testcase classname="tests.test_v62526_materials_encounters" name="test_materials_codex_mirror_when_ticked" time="0.489" /><testcase classname="tests.test_v62526_materials_encounters" name="test_materials_filter_by_tier" time="0.609" /><testcase classname="tests.test_v62526_materials_encounters" name="test_roll_table_material_source" time="0.560" /><testcase classname="tests.test_v62526_materials_encounters" name="test_encounter_create_run_complete_flow" time="0.621" /><testcase classname="tests.test_v62526_materials_encounters" name="test_encounter_clone_as_template" time="0.508" /><testcase classname="tests.test_v62526_materials_encounters" name="test_encounter_filter_by_status" time="0.610" /><testcase classname="tests.test_v62526_materials_encounters" name="test_encounter_player_cannot_create" time="0.435" /><testcase classname="tests.test_v62527_codex_validate_inventory.TestCodexPdfUnicode" name="test_codex_pdf_ascii_campaign_returns_200" time="0.440" /><testcase classname="tests.test_v62527_codex_validate_inventory.TestCodexPdfUnicode" name="test_codex_pdf_dash_campaign_no_unicode_crash" time="0.082" /><testcase classname="tests.test_v62527_codex_validate_inventory.TestCharacterValidateBreakdown" name="test_eli_validate_returns_audit" time="0.052" /><testcase classname="tests.test_v62527_codex_validate_inventory.TestInventoryStatePersistence" name="test_patch_inventory_state_round_trip" time="0.105" /><testcase classname="tests.test_v62528_dnd5e_canon_seed" name="test_dnd5e_reference_payload_shape" time="0.128" /><testcase classname="tests.test_v62528_dnd5e_canon_seed" name="test_dnd5e_feats_have_prereq_and_summary" time="0.158" /><testcase classname="tests.test_v62528_dnd5e_canon_seed" name="test_dnd5e_monsters_have_combat_stats" time="0.150" /><testcase classname="tests.test_v62528_dnd5e_canon_seed" name="test_dnd5e_magic_items_have_rarity_and_attune" time="0.150" /><testcase classname="tests.test_v62528_dnd5e_canon_seed" name="test_dnd5e_languages_categorised" time="0.129" /><testcase classname="tests.test_v62528_dnd5e_canon_seed" name="test_reference_editor_accepts_new_kinds" time="2.215" /><testcase classname="tests.test_v62528_dnd5e_canon_seed" name="test_reference_editor_rejects_unknown_kind" time="0.541" /><testcase classname="tests.test_v62529_encounter_propagation" name="test_entities_endpoint_returns_npc_nodes" time="0.933" /><testcase classname="tests.test_v62529_encounter_propagation" name="test_complete_encounter_vigilizes_npc_and_tallies_kills" time="1.558" /><testcase classname="tests.test_v62529_encounter_propagation" name="test_complete_encounter_legacy_query_param_still_works" time="0.806" /><testcase classname="tests.test_v62529_encounter_propagation" name="test_kill_tally_resolves_character_names" time="1.151" /><testcase classname="tests.test_v62529_encounter_propagation" name="test_entities_includes_deceased_filter" time="0.991" /></testsuite></testsuites>