<?xml version="1.0" encoding="utf-8"?><testsuites name="pytest tests"><testsuite name="pytest" errors="0" failures="0" skipped="0" tests="13" time="2.537" timestamp="2026-04-26T20:51:02.316646+00:00" hostname="agent-env-983ba008-be40-4716-87ca-c8d187e456bf"><testcase classname="backend.tests.test_iter18_v44_phase_e.TestProfileByline" name="test_patch_sets_byline" time="0.663" /><testcase classname="backend.tests.test_iter18_v44_phase_e.TestProfileByline" name="test_patch_empty_clears" time="0.094" /><testcase classname="backend.tests.test_iter18_v44_phase_e.TestProfileByline" name="test_patch_empty_body_noop" time="0.108" /><testcase classname="backend.tests.test_iter18_v44_phase_e.TestProfileByline" name="test_set_back_to_fran" time="0.056" /><testcase classname="backend.tests.test_iter18_v44_phase_e.TestPdfPolish" name="test_pdf_basics" time="0.479" /><testcase classname="backend.tests.test_iter18_v44_phase_e.TestPdfPolish" name="test_cover_byline_and_weaved_and_dyskami" time="0.004" /><testcase classname="backend.tests.test_iter18_v44_phase_e.TestPdfPolish" name="test_chapter_pages_use_single_heading" time="0.067" /><testcase classname="backend.tests.test_iter18_v44_phase_e.TestPdfPolish" name="test_sessions_have_multiple_paragraphs" time="0.005" /><testcase classname="backend.tests.test_iter18_v44_phase_e.TestPdfPolish" name="test_legal_page_has_required_attribution" time="0.010" /><testcase classname="backend.tests.test_iter18_v44_phase_e.TestPdfPolish" name="test_footer_byline" time="0.034" /><testcase classname="backend.tests.test_iter18_v44_phase_e.TestPdfRegression" name="test_player_forbidden" time="0.663" /><testcase classname="backend.tests.test_iter18_v44_phase_e.TestPdfRegression" name="test_no_sessions_400" time="0.161" /><testcase classname="backend.tests.test_iter18_v44_phase_e.TestLeaveByline" name="test_final_state" time="0.104" /></testsuite></testsuites>