<?xml version="1.0" encoding="utf-8"?><testsuites name="pytest tests"><testsuite name="pytest" errors="0" failures="0" skipped="0" tests="6" time="1.949" timestamp="2026-05-01T04:19:40.737278+00:00" hostname="agent-env-983ba008-be40-4716-87ca-c8d187e456bf"><testcase classname="tests.test_iter44_v611.TestSessionReorder" name="test_reorder_assigns_sequence_index" time="0.712" /><testcase classname="tests.test_iter44_v611.TestSessionReorder" name="test_non_gm_forbidden" time="0.140" /><testcase classname="tests.test_iter44_v611.TestCreaturePool" name="test_creatures_separated_in_pool" time="0.101" /><testcase classname="tests.test_iter44_v611.TestCharacterPortrait" name="test_upload_persists_url" time="0.364" /><testcase classname="tests.test_iter44_v611.TestCharacterPortrait" name="test_404_on_unknown_character" time="0.105" /><testcase classname="tests.test_iter44_v611.TestInlineLevelEdit" name="test_put_attribute_level_persists" time="0.456" /></testsuite></testsuites>