<?xml version="1.0" encoding="utf-8"?><testsuites name="pytest tests"><testsuite name="pytest" errors="0" failures="0" skipped="0" tests="12" time="16.880" timestamp="2026-05-13T16:03:55.610877+00:00" hostname="agent-env-983ba008-be40-4716-87ca-c8d187e456bf"><testcase classname="tests.test_v62547_writer_tools_remainder" name="test_cultures_crud_and_strict_fields" time="1.629" /><testcase classname="tests.test_v62547_writer_tools_remainder" name="test_cosmology_kind_enum_and_grouping" time="2.211" /><testcase classname="tests.test_v62547_writer_tools_remainder" name="test_pov_bibles_full_field_roundtrip" time="1.108" /><testcase classname="tests.test_v62547_writer_tools_remainder" name="test_themes_motifs_kind_enum" time="1.529" /><testcase classname="tests.test_v62546_writer_tools" name="test_atlas_map_and_pin_lifecycle" time="1.493" /><testcase classname="tests.test_v62546_writer_tools" name="test_magic_system_crud" time="1.120" /><testcase classname="tests.test_v62546_writer_tools" name="test_manuscript_tree_crud" time="1.940" /><testcase classname="tests.test_v62546_writer_tools_supplemental" name="test_atlas_rejects_out_of_range_coords" time="0.914" /><testcase classname="tests.test_v62546_writer_tools_supplemental" name="test_atlas_pin_existing_node_does_not_create_new" time="1.291" /><testcase classname="tests.test_v62546_writer_tools_supplemental" name="test_manuscript_parent_gating_extras" time="1.315" /><testcase classname="tests.test_v62546_writer_tools_supplemental" name="test_non_gm_cannot_write_but_can_read" time="2.140" /><testcase classname="tests.test_v62546_writer_tools_supplemental" name="test_reseed_checkpoint_persistence_and_nodes_present" time="0.104" /></testsuite></testsuites>