<?xml version="1.0" encoding="utf-8"?><testsuites name="pytest tests"><testsuite name="pytest" errors="0" failures="0" skipped="0" tests="12" time="3.224" timestamp="2026-04-26T19:55:09.484417+00:00" hostname="agent-env-983ba008-be40-4716-87ca-c8d187e456bf"><testcase classname="backend.tests.test_iter16_v44_phase_ab.TestXPSuggest" name="test_suggest_admin_returns_structure" time="0.913" /><testcase classname="backend.tests.test_iter16_v44_phase_ab.TestXPSuggest" name="test_suggest_player_403" time="0.442" /><testcase classname="backend.tests.test_iter16_v44_phase_ab.TestXPCommitAndConvert" name="test_commit_persists_xp" time="0.338" /><testcase classname="backend.tests.test_iter16_v44_phase_ab.TestXPCommitAndConvert" name="test_negative_award_correction" time="0.220" /><testcase classname="backend.tests.test_iter16_v44_phase_ab.TestXPCommitAndConvert" name="test_convert_reduces_unspent_and_raises_total_points" time="0.389" /><testcase classname="backend.tests.test_iter16_v44_phase_ab.TestXPCommitAndConvert" name="test_convert_over_unspent_400" time="0.114" /><testcase classname="backend.tests.test_iter16_v44_phase_ab.TestAtelier" name="test_get_atelier_admin_default" time="0.110" /><testcase classname="backend.tests.test_iter16_v44_phase_ab.TestAtelier" name="test_put_atelier_upserts_arcs" time="0.128" /><testcase classname="backend.tests.test_iter16_v44_phase_ab.TestAtelier" name="test_continuity_finds_missing_node" time="0.115" /><testcase classname="backend.tests.test_iter16_v44_phase_ab.TestAtelier" name="test_player_view_returns_safety_subset_only" time="0.120" /><testcase classname="backend.tests.test_iter16_v44_phase_ab.TestAtelier" name="test_player_cannot_put_atelier" time="0.112" /><testcase classname="backend.tests.test_iter16_v44_phase_ab.TestAtelier" name="test_player_cannot_run_continuity" time="0.133" /></testsuite></testsuites>