<?xml version="1.0" encoding="utf-8"?><testsuites name="pytest tests"><testsuite name="pytest" errors="0" failures="0" skipped="0" tests="27" time="30.567" timestamp="2026-05-13T21:25:12.815079+00:00" hostname="agent-env-983ba008-be40-4716-87ca-c8d187e456bf"><testcase classname="backend.tests.test_v62546_writer_tools" name="test_atlas_map_and_pin_lifecycle" time="1.386" /><testcase classname="backend.tests.test_v62546_writer_tools" name="test_magic_system_crud" time="1.236" /><testcase classname="backend.tests.test_v62546_writer_tools" name="test_manuscript_tree_crud" time="1.834" /><testcase classname="backend.tests.test_v62546_writer_tools_supplemental" name="test_atlas_rejects_out_of_range_coords" time="0.872" /><testcase classname="backend.tests.test_v62546_writer_tools_supplemental" name="test_atlas_pin_existing_node_does_not_create_new" time="1.233" /><testcase classname="backend.tests.test_v62546_writer_tools_supplemental" name="test_manuscript_parent_gating_extras" time="1.231" /><testcase classname="backend.tests.test_v62546_writer_tools_supplemental" name="test_non_gm_cannot_write_but_can_read" time="1.836" /><testcase classname="backend.tests.test_v62546_writer_tools_supplemental" name="test_reseed_checkpoint_persistence_and_nodes_present" time="0.088" /><testcase classname="backend.tests.test_v62547_writer_tools_perms" name="test_perms_non_member_403_read_non_gm_403_write" time="3.110" /><testcase classname="backend.tests.test_v62547_writer_tools_remainder" name="test_cultures_crud_and_strict_fields" time="1.404" /><testcase classname="backend.tests.test_v62547_writer_tools_remainder" name="test_cosmology_kind_enum_and_grouping" time="1.761" /><testcase classname="backend.tests.test_v62547_writer_tools_remainder" name="test_pov_bibles_full_field_roundtrip" time="1.070" /><testcase classname="backend.tests.test_v62547_writer_tools_remainder" name="test_themes_motifs_kind_enum" time="1.413" /><testcase classname="backend.tests.test_v62548_battlemap_sidebar" name="test_token_new_fields_roundtrip" time="1.082" /><testcase classname="backend.tests.test_v62548_battlemap_sidebar" name="test_vitals_endpoint_no_pcs" time="0.943" /><testcase classname="backend.tests.test_v62548_battlemap_sidebar" name="test_vitals_with_linked_character" time="1.145" /><testcase classname="backend.tests.test_v62548_battlemap_supplemental" name="test_vitals_non_member_403" time="1.665" /><testcase classname="backend.tests.test_v62548_battlemap_supplemental" name="test_marker_palette_all_types_roundtrip" time="1.929" /><testcase classname="backend.tests.test_v62548_battlemap_supplemental" name="test_token_patch_and_delete_still_work" time="1.439" /><testcase classname="backend.tests.test_v62549_conditions_patch_stats" name="test_besm_reference_has_conditions" time="0.134" /><testcase classname="backend.tests.test_v62549_conditions_patch_stats" name="test_all_systems_have_conditions" time="0.557" /><testcase classname="backend.tests.test_v62549_conditions_patch_stats" name="test_anime5e_keeps_genre_conditions" time="0.232" /><testcase classname="backend.tests.test_v62549_conditions_patch_stats" name="test_cypher_has_damage_track" time="0.158" /><testcase classname="backend.tests.test_v62549_conditions_patch_stats" name="test_patch_token_partial_update" time="1.349" /><testcase classname="backend.tests.test_v62549_conditions_patch_stats" name="test_patch_token_lock_blocks_player_move" time="1.047" /><testcase classname="backend.tests.test_v62549_conditions_patch_stats" name="test_public_stats_deeper_fields" time="0.140" /><testcase classname="backend.tests.test_v62549_conditions_patch_stats" name="test_activity_pulse_returns_seven_days" time="0.152" /></testsuite></testsuites>