<?xml version="1.0" encoding="utf-8"?><testsuites name="pytest tests"><testsuite name="pytest" errors="0" failures="0" skipped="0" tests="13" time="2.938" timestamp="2026-04-25T20:44:43.884893+00:00" hostname="agent-env-983ba008-be40-4716-87ca-c8d187e456bf"><testcase classname="backend.tests.test_iter9_v35.TestWhitelist" name="test_attributes_have_whitelist_keys" time="0.272" /><testcase classname="backend.tests.test_iter9_v35.TestWhitelist" name="test_tough_no_enhancements" time="0.000" /><testcase classname="backend.tests.test_iter9_v35.TestWhitelist" name="test_item_open_kit_full_lists" time="0.000" /><testcase classname="backend.tests.test_iter9_v35.TestWhitelist" name="test_wealth_no_enhancements" time="0.000" /><testcase classname="backend.tests.test_iter9_v35.TestWhitelist" name="test_mind_control_all_5_enh" time="0.000" /><testcase classname="backend.tests.test_iter9_v35.TestWhitelist" name="test_heightened_senses_only_range" time="0.000" /><testcase classname="backend.tests.test_iter9_v35.TestCostEngineClamp" name="test_clamp_floors_per_level_at_1" time="0.827" /><testcase classname="backend.tests.test_iter9_v35.TestCostEngineClamp" name="test_clamp_extreme_negative_still_floors" time="0.309" /><testcase classname="backend.tests.test_iter9_v35.TestCostEngineClamp" name="test_item_with_nested_defect" time="0.216" /><testcase classname="backend.tests.test_iter9_v35.TestCostEngineClamp" name="test_nested_defect_refund_floors_at_zero" time="0.215" /><testcase classname="backend.tests.test_iter9_v35.TestCostEngineClamp" name="test_defect_subtracted_from_total" time="0.263" /><testcase classname="backend.tests.test_iter9_v35.TestCampaignBenchmarks" name="test_put_and_get_benchmarks" time="0.212" /><testcase classname="backend.tests.test_iter9_v35.TestCampaignBenchmarks" name="test_character_uses_campaign_dm_baseline" time="0.540" /></testsuite></testsuites>