<?xml version="1.0" encoding="utf-8"?><testsuites name="pytest tests"><testsuite name="pytest" errors="0" failures="0" skipped="0" tests="13" time="14.417" timestamp="2026-04-26T20:24:57.341805+00:00" hostname="agent-env-983ba008-be40-4716-87ca-c8d187e456bf"><testcase classname="backend.tests.test_iter17_v44_phase_ce.TestIngestErrors" name="test_unsupported_type_400" time="0.594" /><testcase classname="backend.tests.test_iter17_v44_phase_ce.TestIngestErrors" name="test_empty_file_400" time="0.055" /><testcase classname="backend.tests.test_iter17_v44_phase_ce.TestIngestErrors" name="test_oversize_file_413" time="0.982" /><testcase classname="backend.tests.test_iter17_v44_phase_ce.TestIngestErrors" name="test_player_403" time="0.645" /><testcase classname="backend.tests.test_iter17_v44_phase_ce.TestIngestHappy" name="test_ingest_shape" time="10.632" /><testcase classname="backend.tests.test_iter17_v44_phase_ce.TestIngestHappy" name="test_list_ingestions" time="0.056" /><testcase classname="backend.tests.test_iter17_v44_phase_ce.TestIngestHappy" name="test_get_single_ingestion" time="0.060" /><testcase classname="backend.tests.test_iter17_v44_phase_ce.TestIngestHappy" name="test_accept_persists_nodes_and_custom_attrs" time="0.199" /><testcase classname="backend.tests.test_iter17_v44_phase_ce.TestIngestHappy" name="test_delete_ingestion_keeps_children" time="0.295" /><testcase classname="backend.tests.test_iter17_v44_phase_ce.TestPdfExport" name="test_pdf_admin_returns_pdf" time="0.364" /><testcase classname="backend.tests.test_iter17_v44_phase_ce.TestPdfExport" name="test_pdf_player_403" time="0.052" /><testcase classname="backend.tests.test_iter17_v44_phase_ce.TestPdfExport" name="test_pdf_no_sessions_400" time="0.170" /><testcase classname="backend.tests.test_iter17_v44_phase_ce.TestResetWipesIngestions" name="test_reset_clears_ingestions" time="0.227" /></testsuite></testsuites>