<?xml version="1.0" encoding="utf-8"?><testsuites name="pytest tests"><testsuite name="pytest" errors="0" failures="0" skipped="0" tests="10" time="3.453" timestamp="2026-04-25T22:31:48.842669+00:00" hostname="agent-env-983ba008-be40-4716-87ca-c8d187e456bf"><testcase classname="tests.test_iter10_v38.TestJournalOwnerHappyPath" name="test_owner_can_journal_with_session" time="0.706" /><testcase classname="tests.test_iter10_v38.TestJournalOwnerHappyPath" name="test_get_character_returns_journal_array" time="0.110" /><testcase classname="tests.test_iter10_v38.TestJournalOwnerHappyPath" name="test_journal_chat_line_was_broadcast" time="0.116" /><testcase classname="tests.test_iter10_v38.TestJournalAccessControl" name="test_non_owner_non_gm_player_gets_403" time="0.451" /><testcase classname="tests.test_iter10_v38.TestJournalAccessControl" name="test_gm_can_journal_as_any_character_in_their_campaign" time="0.106" /><testcase classname="tests.test_iter10_v38.TestJournalValidation" name="test_empty_text_returns_422" time="0.169" /><testcase classname="tests.test_iter10_v38.TestJournalValidation" name="test_text_over_2000_returns_422" time="0.105" /><testcase classname="tests.test_iter10_v38.TestJournalValidation" name="test_bad_character_id_returns_404" time="0.114" /><testcase classname="tests.test_iter10_v38.TestJournalValidation" name="test_session_id_from_other_campaign_does_not_echo" time="1.179" /><testcase classname="tests.test_iter10_v38.TestJournalLegacyCoercion" name="test_string_journal_is_coerced_to_array" time="0.253" /></testsuite></testsuites>