<?xml version="1.0" encoding="utf-8"?><testsuites name="pytest tests"><testsuite name="pytest" errors="0" failures="0" skipped="2" tests="15" time="24.116" timestamp="2026-05-09T16:35:39.477108+00:00" hostname="agent-env-983ba008-be40-4716-87ca-c8d187e456bf"><testcase classname="backend.tests.test_v62533_concept_forge_cost_overrides.TestCostOverrides" name="test_list_initial" time="0.816" /><testcase classname="backend.tests.test_v62533_concept_forge_cost_overrides.TestCostOverrides" name="test_upsert_create_then_idempotent" time="0.387" /><testcase classname="backend.tests.test_v62533_concept_forge_cost_overrides.TestCostOverrides" name="test_patch_to_zero" time="0.150" /><testcase classname="backend.tests.test_v62533_concept_forge_cost_overrides.TestCostOverrides" name="test_player_put_forbidden" time="0.703" /><testcase classname="backend.tests.test_v62533_concept_forge_cost_overrides.TestCostOverrides" name="test_bad_kind_400" time="0.122" /><testcase classname="backend.tests.test_v62533_concept_forge_cost_overrides.TestCostOverrides" name="test_delete" time="0.109" /><testcase classname="backend.tests.test_v62533_concept_forge_cost_overrides.TestConceptForge" name="test_post_draft_besm" time="20.239" /><testcase classname="backend.tests.test_v62533_concept_forge_cost_overrides.TestConceptForge" name="test_post_draft_unsupported_system" time="0.348" /><testcase classname="backend.tests.test_v62533_concept_forge_cost_overrides.TestConceptForge" name="test_list_player_sees_own" time="0.109"><skipped type="pytest.skip" message="Player persona not seated at this BESM campaign">/app/backend/tests/test_v62533_concept_forge_cost_overrides.py:181: Player persona not seated at this BESM campaign</skipped></testcase><testcase classname="backend.tests.test_v62533_concept_forge_cost_overrides.TestConceptForge" name="test_list_gm_sees_all" time="0.112" /><testcase classname="backend.tests.test_v62533_concept_forge_cost_overrides.TestConceptForge" name="test_commit_before_approval_400" time="0.118" /><testcase classname="backend.tests.test_v62533_concept_forge_cost_overrides.TestConceptForge" name="test_gm_approve" time="0.110" /><testcase classname="backend.tests.test_v62533_concept_forge_cost_overrides.TestConceptForge" name="test_commit_after_approval" time="0.109" /><testcase classname="backend.tests.test_v62533_concept_forge_cost_overrides.TestConceptForge" name="test_delete_other_player_403" time="0.468"><skipped type="pytest.skip" message="Aurora not seated at this campaign">/app/backend/tests/test_v62533_concept_forge_cost_overrides.py:235: Aurora not seated at this campaign</skipped></testcase><testcase classname="backend.tests.test_v62533_concept_forge_cost_overrides.TestConceptForge" name="test_delete_as_requester" time="0.120" /></testsuite></testsuites>