<?xml version="1.0" encoding="utf-8"?><testsuites name="pytest tests"><testsuite name="pytest" errors="0" failures="0" skipped="0" tests="15" time="4.454" timestamp="2026-05-07T05:27:30.662179+00:00" hostname="agent-env-983ba008-be40-4716-87ca-c8d187e456bf"><testcase classname="tests.test_v62514_world_tree_lattice" name="test_creation_tree_returns_v62514_schema_with_lenses_and_prompts" time="0.236" /><testcase classname="tests.test_v62514_world_tree_lattice" name="test_bridge_sow_creates_twin_nodes_and_edge" time="0.242" /><testcase classname="tests.test_v62514_world_tree_lattice" name="test_bridge_sow_rejects_unknown_section" time="0.234" /><testcase classname="tests.test_v62514_world_tree_lattice" name="test_bridge_sow_player_blocked" time="0.458" /><testcase classname="tests.test_v62515_anime5e_attributes" name="test_anime5e_reference_exposes_canonical_attribute_roster" time="0.004" /><testcase classname="tests.test_v62515_anime5e_attributes" name="test_anime5e_signature_attribute_costs_match_pdf" time="0.003" /><testcase classname="tests.test_v62516_dnd_conversion" name="test_dnd_conversion_lists_all_12_classes" time="0.002" /><testcase classname="tests.test_v62516_dnd_conversion" name="test_dnd_conversion_anime5e_class_ids_are_canonical" time="0.002" /><testcase classname="tests.test_v62516_dnd_conversion" name="test_dnd_conversion_attributes_match_canonical_roster" time="0.005" /><testcase classname="tests.test_v62516_dnd_conversion" name="test_dnd_conversion_single_class_lookup" time="0.001" /><testcase classname="tests.test_v62516_dnd_conversion" name="test_dnd_conversion_unknown_class_returns_helpful_404ish" time="0.001" /><testcase classname="tests.test_v62517_private_access" name="test_invite_password_gates_join" time="1.133" /><testcase classname="tests.test_v62517_private_access" name="test_share_links_lifecycle_with_password" time="1.133" /><testcase classname="tests.test_v62517_private_access" name="test_share_link_max_uses_caps_redemptions" time="0.460" /><testcase classname="tests.test_v62517_private_access" name="test_share_link_endpoints_block_non_gm" time="0.461" /></testsuite></testsuites>