<?xml version="1.0" encoding="utf-8"?><testsuites name="pytest tests"><testsuite name="pytest" errors="0" failures="0" skipped="0" tests="10" time="12.943" timestamp="2026-05-09T19:11:28.198461+00:00" hostname="agent-env-983ba008-be40-4716-87ca-c8d187e456bf"><testcase classname="tests.test_v62536_voice_admin_macros.TestSuperAdminSeed" name="test_admin_login" time="0.367" /><testcase classname="tests.test_v62536_voice_admin_macros.TestVoiceLines" name="test_create_voice_line_synthetic" time="10.879" /><testcase classname="tests.test_v62536_voice_admin_macros.TestVoiceLines" name="test_empty_body_400" time="0.128" /><testcase classname="tests.test_v62536_voice_admin_macros.TestVoiceLines" name="test_bogus_mime_415" time="0.142" /><testcase classname="tests.test_v62536_voice_admin_macros.TestVoiceLines" name="test_oversize_413" time="0.679" /><testcase classname="tests.test_v62536_voice_admin_macros.TestVoiceLines" name="test_list_voice_lines" time="0.118" /><testcase classname="tests.test_v62536_voice_admin_macros.TestVoiceLines" name="test_patch_text_as_gm" time="0.152" /><testcase classname="tests.test_v62536_voice_admin_macros.TestVoiceLines" name="test_delete_as_gm" time="0.146" /><testcase classname="tests.test_v62536_voice_admin_macros.TestMacroResolver" name="test_cypher_tokens" time="0.246" /><testcase classname="tests.test_v62536_voice_admin_macros.TestMacroResolver" name="test_anime5e_point_buys" time="0.000" /></testsuite></testsuites>