<?xml version="1.0" encoding="utf-8"?><testsuites name="pytest tests"><testsuite name="pytest" errors="0" failures="0" skipped="0" tests="7" time="5.288" timestamp="2026-05-14T14:45:01.014920+00:00" hostname="agent-env-983ba008-be40-4716-87ca-c8d187e456bf"><testcase classname="tests.test_v62554_campaign_export" name="test_export_returns_self_contained_json_bundle" time="0.926" /><testcase classname="tests.test_v62554_campaign_export" name="test_export_forbidden_for_non_owner" time="0.966" /><testcase classname="tests.test_v62554_campaign_export" name="test_export_404_for_unknown_campaign" time="0.552" /><testcase classname="tests.test_v62554_campaign_export" name="test_import_round_trip_creates_new_campaign_with_fresh_ids" time="1.090" /><testcase classname="tests.test_v62554_campaign_export" name="test_import_rejects_bad_schema_version" time="0.493" /><testcase classname="tests.test_v62554_campaign_export" name="test_import_rejects_non_json" time="0.459" /><testcase classname="tests.test_v62554_campaign_export" name="test_import_resets_public_surface_flags" time="0.732" /></testsuite></testsuites>