<?xml version="1.0" encoding="utf-8"?><testsuites name="pytest tests"><testsuite name="pytest" errors="0" failures="0" skipped="0" tests="13" time="1.573" timestamp="2026-04-30T03:28:44.813893+00:00" hostname="agent-env-983ba008-be40-4716-87ca-c8d187e456bf"><testcase classname="backend.tests.test_iter36_v63" name="test_seed_origin" time="0.503" /><testcase classname="backend.tests.test_iter36_v63" name="test_estimate_bundle_cost_breakdown" time="0.052" /><testcase classname="backend.tests.test_iter36_v63" name="test_estimate_bundle_cost_enhancement_zero" time="0.051" /><testcase classname="backend.tests.test_iter36_v63" name="test_estimate_bundle_cost_empty" time="0.051" /><testcase classname="backend.tests.test_iter36_v63" name="test_reference_list_enhancement_kind" time="0.058" /><testcase classname="backend.tests.test_iter36_v63" name="test_reference_list_power_bundle_kind" time="0.053" /><testcase classname="backend.tests.test_iter36_v63" name="test_reference_list_unknown_kind_400" time="0.052" /><testcase classname="backend.tests.test_iter36_v63" name="test_create_enhancement_reference" time="0.109" /><testcase classname="backend.tests.test_iter36_v63" name="test_create_power_bundle_reference" time="0.053" /><testcase classname="backend.tests.test_iter36_v63" name="test_create_power_pack_and_limiter" time="0.270" /><testcase classname="backend.tests.test_iter36_v63" name="test_regression_validate_endpoint" time="0.098" /><testcase classname="backend.tests.test_iter36_v63" name="test_regression_deltas_list" time="0.048" /><testcase classname="backend.tests.test_iter36_v63" name="test_cleanup_test_references" time="0.096" /></testsuite></testsuites>