<?xml version="1.0" encoding="utf-8"?><testsuites name="pytest tests"><testsuite name="pytest" errors="0" failures="0" skipped="0" tests="22" time="16.025" timestamp="2026-05-13T01:38:02.757774+00:00" hostname="agent-env-983ba008-be40-4716-87ca-c8d187e456bf"><testcase classname="backend.tests.test_v62542_e2e_live.TestPublicEndpoints" name="test_public_stats" time="0.210" /><testcase classname="backend.tests.test_v62542_e2e_live.TestPublicEndpoints" name="test_public_roadmap" time="0.251" /><testcase classname="backend.tests.test_v62542_e2e_live.TestPublicEndpoints" name="test_public_featured" time="0.107" /><testcase classname="backend.tests.test_v62542_e2e_live.TestSEO" name="test_sitemap_xml" time="0.149" /><testcase classname="backend.tests.test_v62542_e2e_live.TestSEO" name="test_og_unknown_slug" time="0.138" /><testcase classname="backend.tests.test_v62542_e2e_live.TestSEO" name="test_og_known_slug_if_any" time="0.608" /><testcase classname="backend.tests.test_v62542_e2e_live.TestCostBalance" name="test_preview_cost_balance_or_skip" time="0.644" /><testcase classname="backend.tests.test_v62542_e2e_live.TestAdminModeration" name="test_admin_endpoints_require_admin" time="0.450" /><testcase classname="backend.tests.test_v62542_e2e_live.TestAdminModeration" name="test_admin_flags_list" time="0.132" /><testcase classname="backend.tests.test_v62542_e2e_live.TestAdminModeration" name="test_admin_audit_log" time="0.130" /><testcase classname="backend.tests.test_v62542_e2e_live.TestAdminModeration" name="test_admin_showcases" time="0.135" /><testcase classname="backend.tests.test_v62542_e2e_live.TestAdminModeration" name="test_admin_roadmap_crud" time="0.643" /><testcase classname="backend.tests.test_v62542_e2e_live.TestAutoQueueLive" name="test_player_put_gets_queued" time="1.681" /><testcase classname="backend.tests.test_v62542_e2e_live.TestAutoQueueLive" name="test_player_inventory_folio_queued" time="0.134" /><testcase classname="backend.tests.test_v62542_e2e_live.TestAutoQueueLive" name="test_player_noninventory_folio_passes_through" time="0.107" /><testcase classname="backend.tests.test_v62542_e2e_live.TestAutoQueueLive" name="test_gm_put_passes_through" time="0.262" /><testcase classname="backend.tests.test_v62542_e2e_live.TestAutoQueueLive" name="test_gate_off_player_writes_through" time="0.687" /><testcase classname="backend.tests.test_v62541_auto_queue.TestAutoQueueCharacterPUT" name="test_player_put_queued_when_gate_on" time="1.961" /><testcase classname="backend.tests.test_v62541_auto_queue.TestAutoQueueCharacterPUT" name="test_gm_put_writes_through_even_when_gate_on" time="1.975" /><testcase classname="backend.tests.test_v62541_auto_queue.TestAutoQueueCharacterPUT" name="test_player_put_direct_when_gate_off" time="1.743" /><testcase classname="backend.tests.test_v62541_auto_queue.TestAutoQueueFolioInventory" name="test_inventory_patch_queued_when_gate_on" time="1.922" /><testcase classname="backend.tests.test_v62541_auto_queue.TestAutoQueueFolioInventory" name="test_non_inventory_folio_not_queued" time="1.876" /></testsuite></testsuites>