<?xml version="1.0" encoding="utf-8"?><testsuites name="pytest tests"><testsuite name="pytest" errors="0" failures="0" skipped="0" tests="18" time="25.721" timestamp="2026-04-26T17:28:23.455067+00:00" hostname="agent-env-983ba008-be40-4716-87ca-c8d187e456bf"><testcase classname="tests.test_iter14_v43.TestDemoAccountsRetired" name="test_retired_demo_login_401[admin@tablegnostic.com-admin123]" time="0.124" /><testcase classname="tests.test_iter14_v43.TestDemoAccountsRetired" name="test_retired_demo_login_401[gm@tablegnostic.com-gm123456]" time="0.132" /><testcase classname="tests.test_iter14_v43.TestDemoAccountsRetired" name="test_retired_demo_login_401[player@tablegnostic.com-player12345]" time="0.108" /><testcase classname="tests.test_iter14_v43.TestDemoAccountsRetired" name="test_gmfran_login_ok_admin" time="0.460" /><testcase classname="tests.test_iter14_v43.TestNodeVisibilityFlip" name="test_flip_to_shared" time="1.265" /><testcase classname="tests.test_iter14_v43.TestNodeVisibilityFlip" name="test_flip_to_revealed_then_back_to_gm_only_clears_revealed_to" time="0.566" /><testcase classname="tests.test_iter14_v43.TestNodeVisibilityFlip" name="test_invalid_visibility_400" time="0.216" /><testcase classname="tests.test_iter14_v43.TestNodeVisibilityFlip" name="test_player_cannot_change_visibility" time="0.285" /><testcase classname="tests.test_iter14_v43.TestBulkVisibility" name="test_bulk_shared_then_gm_only_returns_count" time="0.535" /><testcase classname="tests.test_iter14_v43.TestBulkVisibility" name="test_bulk_invalid_visibility_400" time="0.106" /><testcase classname="tests.test_iter14_v43.TestBulkVisibility" name="test_bulk_player_403" time="0.127" /><testcase classname="tests.test_iter14_v43.TestPlayerJournalToCodex" name="test_journal_creates_codex_node_and_keeps_folio_copy" time="0.786" /><testcase classname="tests.test_iter14_v43.TestRecapAndFinalize" name="test_finalize_missing_recap_node_id_400" time="0.108" /><testcase classname="tests.test_iter14_v43.TestRecapAndFinalize" name="test_finalize_invalid_tone_400" time="0.223" /><testcase classname="tests.test_iter14_v43.TestRecapAndFinalize" name="test_finalize_cross_campaign_recap_404" time="0.692" /><testcase classname="tests.test_iter14_v43.TestRecapAndFinalize" name="test_finalize_player_403" time="0.111" /><testcase classname="tests.test_iter14_v43.TestRecapAndFinalize" name="test_recap_creates_session_record_node" time="13.585" /><testcase classname="tests.test_iter14_v43.TestRecapAndFinalize" name="test_finalize_positive_path" time="5.332" /></testsuite></testsuites>