<?xml version="1.0" encoding="utf-8"?><testsuites name="pytest tests"><testsuite name="pytest" errors="0" failures="0" skipped="0" tests="19" time="26.935" timestamp="2026-05-13T14:44:12.122243+00:00" hostname="agent-env-983ba008-be40-4716-87ca-c8d187e456bf"><testcase classname="tests.test_v62546_writer_tools" name="test_atlas_map_and_pin_lifecycle" time="1.445" /><testcase classname="tests.test_v62546_writer_tools" name="test_magic_system_crud" time="1.127" /><testcase classname="tests.test_v62546_writer_tools" name="test_manuscript_tree_crud" time="1.874" /><testcase classname="tests.test_v62546_writer_tools_supplemental" name="test_atlas_rejects_out_of_range_coords" time="0.936" /><testcase classname="tests.test_v62546_writer_tools_supplemental" name="test_atlas_pin_existing_node_does_not_create_new" time="1.339" /><testcase classname="tests.test_v62546_writer_tools_supplemental" name="test_manuscript_parent_gating_extras" time="1.274" /><testcase classname="tests.test_v62546_writer_tools_supplemental" name="test_non_gm_cannot_write_but_can_read" time="1.902" /><testcase classname="tests.test_v62546_writer_tools_supplemental" name="test_reseed_checkpoint_persistence_and_nodes_present" time="0.078" /><testcase classname="tests.test_v62545_catalogue_and_roles" name="test_besm_reference_exposes_new_catalogue_surfaces" time="0.135" /><testcase classname="tests.test_v62545_catalogue_and_roles" name="test_register_accepts_writer_roles" time="0.767" /><testcase classname="tests.test_v62545_catalogue_and_roles" name="test_register_rejects_unknown_role" time="0.123" /><testcase classname="tests.test_v62543_scenes" name="test_scene_lifecycle_and_confirm_guard" time="3.247" /><testcase classname="tests.test_v62543_scenes_supplemental" name="test_scenes_list_endpoint_returns_array" time="1.360" /><testcase classname="tests.test_v62543_scenes_supplemental" name="test_chat_with_no_active_scene_has_no_scene_id" time="1.209" /><testcase classname="tests.test_v62541_auto_queue.TestAutoQueueCharacterPUT" name="test_player_put_queued_when_gate_on" time="1.935" /><testcase classname="tests.test_v62541_auto_queue.TestAutoQueueCharacterPUT" name="test_gm_put_writes_through_even_when_gate_on" time="2.307" /><testcase classname="tests.test_v62541_auto_queue.TestAutoQueueCharacterPUT" name="test_player_put_direct_when_gate_off" time="1.788" /><testcase classname="tests.test_v62541_auto_queue.TestAutoQueueFolioInventory" name="test_inventory_patch_queued_when_gate_on" time="2.148" /><testcase classname="tests.test_v62541_auto_queue.TestAutoQueueFolioInventory" name="test_non_inventory_folio_not_queued" time="1.838" /></testsuite></testsuites>