<?xml version="1.0" encoding="utf-8"?><testsuites name="pytest tests"><testsuite name="pytest" errors="0" failures="0" skipped="0" tests="4" time="0.971" timestamp="2026-05-08T23:06:24.068331+00:00" hostname="agent-env-983ba008-be40-4716-87ca-c8d187e456bf"><testcase classname="tests.test_v62527_codex_validate_inventory.TestCodexPdfUnicode" name="test_codex_pdf_ascii_campaign_returns_200" time="0.588" /><testcase classname="tests.test_v62527_codex_validate_inventory.TestCodexPdfUnicode" name="test_codex_pdf_dash_campaign_no_unicode_crash" time="0.103" /><testcase classname="tests.test_v62527_codex_validate_inventory.TestCharacterValidateBreakdown" name="test_eli_validate_returns_audit" time="0.074" /><testcase classname="tests.test_v62527_codex_validate_inventory.TestInventoryStatePersistence" name="test_patch_inventory_state_round_trip" time="0.143" /></testsuite></testsuites>