<?xml version="1.0" encoding="utf-8"?><testsuites name="pytest tests"><testsuite name="pytest" errors="0" failures="0" skipped="1" tests="50" time="11.565" timestamp="2026-04-30T04:40:47.459357+00:00" hostname="agent-env-983ba008-be40-4716-87ca-c8d187e456bf"><testcase classname="tests.test_iter38_v65" name="test_spell_conversions_returns_62" time="0.458" /><testcase classname="tests.test_iter38_v65" name="test_spell_conversion_entry_shape" time="0.105" /><testcase classname="tests.test_iter38_v65" name="test_spell_conversion_max_level_zero_only_cantrips" time="0.097" /><testcase classname="tests.test_iter38_v65" name="test_spell_conversion_school_evocation_filter" time="0.106" /><testcase classname="tests.test_iter38_v65" name="test_power_bundle_templates_regression" time="0.128" /><testcase classname="tests.test_iter38_v65" name="test_simulate_import_shape_and_fits" time="0.321" /><testcase classname="tests.test_iter38_v65" name="test_simulate_import_over_cap_fits_false" time="0.107" /><testcase classname="tests.test_iter38_v65" name="test_simulate_import_extra_bundle_cost" time="0.107" /><testcase classname="tests.test_iter38_v65" name="test_simulate_import_403_for_non_member" time="0.753" /><testcase classname="tests.test_iter38_v65" name="test_pdf_export_besm" time="0.676" /><testcase classname="tests.test_iter38_v65" name="test_pdf_export_anime5e" time="0.322"><skipped type="pytest.skip" message="No Anime 5E campaign with exportable sessions.">/app/backend/tests/test_iter38_v65.py:208: No Anime 5E campaign with exportable sessions.</skipped></testcase><testcase classname="tests.test_iter37_v64_rules" name="test_enh_lim_value_shifts_effective_level" time="0.756" /><testcase classname="tests.test_iter37_v64_rules" name="test_out_of_range_modifier_warns" time="0.434" /><testcase classname="tests.test_iter37_v64_rules" name="test_power_pack_vs_bundle_distinct_in_breakdown" time="0.414" /><testcase classname="tests.test_iter37_v64_rules" name="test_anime5e_xp_to_cp_formulas[flat-1-58]" time="0.238" /><testcase classname="tests.test_iter37_v64_rules" name="test_anime5e_xp_to_cp_formulas[flat-5-90]" time="0.000" /><testcase classname="tests.test_iter37_v64_rules" name="test_anime5e_xp_to_cp_formulas[flat-10-130]" time="0.000" /><testcase classname="tests.test_iter37_v64_rules" name="test_anime5e_xp_to_cp_formulas[curve-1-50]" time="0.000" /><testcase classname="tests.test_iter37_v64_rules" name="test_anime5e_xp_to_cp_formulas[curve-5-90]" time="0.000" /><testcase classname="tests.test_iter37_v64_rules" name="test_anime5e_xp_to_cp_formulas[curve-6-112]" time="0.000" /><testcase classname="tests.test_iter37_v64_rules" name="test_anime5e_xp_to_cp_formulas[curve-10-160]" time="0.000" /><testcase classname="tests.test_iter37_v64_rules" name="test_anime5e_xp_to_cp_formulas[curve-11-205]" time="0.000" /><testcase classname="tests.test_iter37_v64_rules" name="test_anime5e_xp_to_cp_formulas[curve-20-340]" time="0.000" /><testcase classname="tests.test_iter37_v64_rules" name="test_anime5e_xp_curve_endpoint" time="0.239" /><testcase classname="tests.test_iter37_v64_rules" name="test_power_bundle_templates_filter" time="0.116" /><testcase classname="tests.test_iter37_v64_rules" name="test_dnd_level_bound" time="0.431" /><testcase classname="tests.test_iter37_v64_rules" name="test_cypher_tier_bound" time="0.425" /><testcase classname="tests.test_iter37_v64_rules" name="test_bundle_estimator_matches_validator_per_line" time="0.101" /><testcase classname="tests.test_iter37_v64_rules" name="test_house_rules_bypass_retained" time="0.872" /><testcase classname="tests.test_iter37_v64_rules" name="test_legacy_string_tags_default_to_plus_minus_one" time="0.459" /><testcase classname="tests.test_iter35_v62" name="test_regression_seed_suite_and_pulse" time="0.419" /><testcase classname="tests.test_iter35_v62" name="test_publish_delta_origin" time="0.068" /><testcase classname="tests.test_iter35_v62" name="test_list_deltas_origin_published_status" time="0.046" /><testcase classname="tests.test_iter35_v62" name="test_get_delta_full_bundle" time="0.054" /><testcase classname="tests.test_iter35_v62" name="test_non_gm_cannot_list_deltas" time="0.366" /><testcase classname="tests.test_iter35_v62" name="test_non_gm_cannot_publish_delta" time="0.052" /><testcase classname="tests.test_iter35_v62" name="test_clone_and_apply_delta" time="0.213" /><testcase classname="tests.test_iter35_v62" name="test_apply_idempotent" time="0.048" /><testcase classname="tests.test_iter35_v62" name="test_defer_delta" time="0.154" /><testcase classname="tests.test_iter35_v62" name="test_origin_apply_rejected_400" time="0.047" /><testcase classname="tests.test_iter35_v62" name="test_validate_character_besm" time="0.095" /><testcase classname="tests.test_iter35_v62" name="test_app_validate_stamps_approval" time="0.046" /><testcase classname="tests.test_iter35_v62" name="test_gm_approve_blocks_when_fails_no_house_rules" time="0.279" /><testcase classname="tests.test_iter35_v62" name="test_gm_approve_with_house_rules_succeeds" time="0.158" /><testcase classname="tests.test_iter35_v62" name="test_seat_character_409_when_unapproved" time="0.312" /><testcase classname="tests.test_iter34_v61_retest.TestFreshEvereanthaSuite" name="test_delete_existing_then_fresh_seed_has_9_motives" time="0.806" /><testcase classname="tests.test_iter34_v61_retest.TestFreshEvereanthaSuite" name="test_second_call_returns_skipped_existing_true" time="0.054" /><testcase classname="tests.test_iter34_v61_retest.TestPulseMotives" name="test_epic9_motives_include_all_5_canonical_npcs" time="0.050" /><testcase classname="tests.test_iter34_v61_retest.TestPulseMotives" name="test_total_motives_across_all_phases_at_least_9" time="0.445" /><testcase classname="tests.test_iter34_v61_retest.TestSeedDemoIdempotency" name="test_seed_demo_skips_existing_on_second_call" time="0.101" /></testsuite></testsuites>