<?xml version="1.0" encoding="utf-8"?><testsuites name="pytest tests"><testsuite name="pytest" errors="0" failures="0" skipped="0" tests="6" time="10.203" timestamp="2026-05-01T02:37:15.073560+00:00" hostname="agent-env-983ba008-be40-4716-87ca-c8d187e456bf"><testcase classname="tests.test_iter43_v610.TestCharacterStatusRings" name="test_endpoint_returns_array" time="0.758" /><testcase classname="tests.test_iter43_v610.TestBulkAutoGenerate" name="test_bulk_generate_returns_counts" time="0.117" /><testcase classname="tests.test_iter43_v610.TestBulkAutoGenerate" name="test_idempotent_second_call_skips" time="0.249" /><testcase classname="tests.test_iter43_v610.TestBulkAutoGenerate" name="test_non_gm_forbidden" time="8.367" /><testcase classname="tests.test_iter43_v610.TestSeedEvereanthaSuiteAuto" name="test_seed_returns_auto_generated_npc_sheets" time="0.136" /><testcase classname="tests.test_iter43_v610.TestExportPdfBundle" name="test_pdf_streams" time="0.511" /></testsuite></testsuites>