<?xml version="1.0" encoding="utf-8"?><testsuites name="pytest tests"><testsuite name="pytest" errors="0" failures="1" skipped="0" tests="12" time="9.447" timestamp="2026-05-01T21:53:02.755932+00:00" hostname="agent-env-983ba008-be40-4716-87ca-c8d187e456bf"><testcase classname="tests.test_iter49_v616_api.TestConverterEndpointPermissions" name="test_player_role_gets_403_on_content_convert" time="0.632"><failure message="AssertionError: Expected 403 for player, got 422: {&quot;detail&quot;:[{&quot;type&quot;:&quot;missing&quot;,&quot;loc&quot;:[&quot;body&quot;,&quot;payload&quot;],&quot;msg&quot;:&quot;Field required&quot;,&quot;input&quot;:{&quot;source_system&quot;:&quot;dnd-5e&quot;,&quot;target_system&quot;:&quot;cypher&quot;,&quot;source_kind&quot;:&quot;spell&quot;,&quot;content&quot;:&quot;Fireball&quot;},&quot;url&quot;:&quot;https://error&#10;assert 422 == 403&#10; +  where 422 = &lt;Response [422]&gt;.status_code">tests/test_iter49_v616_api.py:51: in test_player_role_gets_403_on_content_convert
    assert r.status_code == 403, f"Expected 403 for player, got {r.status_code}: {r.text[:200]}"
E   AssertionError: Expected 403 for player, got 422: {"detail":[{"type":"missing","loc":["body","payload"],"msg":"Field required","input":{"source_system":"dnd-5e","target_system":"cypher","source_kind":"spell","content":"Fireball"},"url":"https://error
E   assert 422 == 403
E    +  where 422 = &lt;Response [422]&gt;.status_code</failure></testcase><testcase classname="tests.test_iter49_v616_api.TestConverterEndpointPermissions" name="test_player_role_gets_403_on_character_convert" time="0.109" /><testcase classname="tests.test_iter49_v616_api.TestConverterEndpointPermissions" name="test_gm_unknown_target_system_rejected" time="0.454" /><testcase classname="tests.test_iter49_v616_api.TestConverterEndpointPermissions" name="test_gm_missing_content_rejected" time="0.110" /><testcase classname="tests.test_iter49_v616_api.TestConverterEndpointPermissions" name="test_gm_convert_character_unknown_source_returns_404_or_400" time="0.143" /><testcase classname="tests.test_iter49_v616_api.TestEliCharacterShapes" name="test_cypher_eli_has_cypher_state" time="0.112" /><testcase classname="tests.test_iter49_v616_api.TestEliCharacterShapes" name="test_dnd_eli_has_dnd_state" time="0.115" /><testcase classname="tests.test_iter49_v616_api.TestEliCharacterShapes" name="test_anime5e_eli_has_anime5e_state" time="0.120" /><testcase classname="tests.test_iter49_v616_api.TestEliCharacterShapes" name="test_besm_eli_baseline" time="0.138" /><testcase classname="tests.test_iter49_v616_api.TestAuroraAccess" name="test_aurora_owns_all_four_eli" time="0.466" /><testcase classname="tests.test_iter49_v616_api.TestAuroraAccess" name="test_aurora_sees_four_evereantha_campaigns" time="0.115" /><testcase classname="tests.test_iter49_v616_api.TestIngestSize" name="test_ingest_accepts_large_payload" time="6.825" /></testsuite></testsuites>