<?xml version="1.0" encoding="utf-8"?><testsuites name="pytest tests"><testsuite name="pytest" errors="0" failures="0" skipped="0" tests="11" time="0.536" timestamp="2026-05-02T22:44:35.043331+00:00" hostname="agent-env-983ba008-be40-4716-87ca-c8d187e456bf"><testcase classname="tests.test_iter52_v617_advancement_tracker" name="test_seed_has_at_least_50_entries" time="0.000" /><testcase classname="tests.test_iter52_v617_advancement_tracker" name="test_seed_normalizer_extracts_page_int" time="0.000" /><testcase classname="tests.test_iter52_v617_advancement_tracker" name="test_seed_normalizer_coerces_plural_kinds" time="0.000" /><testcase classname="tests.test_iter52_v617_advancement_tracker" name="test_advancement_detects_dnd_asi_at_level_4" time="0.000" /><testcase classname="tests.test_iter52_v617_advancement_tracker" name="test_advancement_detects_cypher_tier_benefits" time="0.000" /><testcase classname="tests.test_iter52_v617_advancement_tracker" name="test_advancement_detects_anime5e_underspend" time="0.000" /><testcase classname="tests.test_iter52_v617_advancement_tracker" name="test_advancement_no_dnd_asi_before_level_4" time="0.000" /><testcase classname="tests.test_iter52_v617_advancement_tracker" name="test_spell_tracker_full_caster_level_5_wizard" time="0.000" /><testcase classname="tests.test_iter52_v617_advancement_tracker" name="test_spell_tracker_warlock_level_3" time="0.000" /><testcase classname="tests.test_iter52_v617_advancement_tracker" name="test_spell_tracker_used_slots_reduce_remaining" time="0.000" /><testcase classname="tests.test_iter52_v617_advancement_tracker" name="test_spell_tracker_includes_power_bundles" time="0.000" /></testsuite></testsuites>