<?xml version="1.0" encoding="utf-8"?><testsuites name="pytest tests"><testsuite name="pytest" errors="0" failures="0" skipped="0" tests="15" time="2.799" timestamp="2026-05-02T22:45:47.166771+00:00" hostname="agent-env-983ba008-be40-4716-87ca-c8d187e456bf"><testcase classname="tests.test_iter52_v617_api.TestAdvancement" name="test_get_advancement_eli_anime" time="0.482" /><testcase classname="tests.test_iter52_v617_api.TestAdvancement" name="test_get_advancement_eli_dnd" time="0.113" /><testcase classname="tests.test_iter52_v617_api.TestAdvancement" name="test_get_advancement_eli_cypher" time="0.127" /><testcase classname="tests.test_iter52_v617_api.TestAdvancement" name="test_apply_advancement_unknown_id_returns_400" time="0.112" /><testcase classname="tests.test_iter52_v617_api.TestAdvancement" name="test_aurora_403_on_apply_of_other_player_char" time="0.559" /><testcase classname="tests.test_iter52_v617_api.TestSpellTracker" name="test_get_spell_tracker_eli_dnd" time="0.104" /><testcase classname="tests.test_iter52_v617_api.TestSpellTracker" name="test_get_spell_tracker_eli_anime" time="0.106" /><testcase classname="tests.test_iter52_v617_api.TestSpellTracker" name="test_cast_missing_slot_level_returns_400" time="0.120" /><testcase classname="tests.test_iter52_v617_api.TestSpellTracker" name="test_restore_long_rest_returns_tracker_state" time="0.160" /><testcase classname="tests.test_iter52_v617_api.TestSpellTracker" name="test_aurora_403_on_cast_non_owned" time="0.110" /><testcase classname="tests.test_iter52_v617_api.TestAnime5eSeed" name="test_seed_anime5e_idempotent_gm" time="0.264" /><testcase classname="tests.test_iter52_v617_api.TestAnime5eSeed" name="test_seed_unknown_campaign_404" time="0.108" /><testcase classname="tests.test_iter52_v617_api.TestAnime5eSeed" name="test_seed_aurora_403" time="0.127" /><testcase classname="tests.test_iter52_v617_api.TestAnime5eRecompute" name="test_recompute_budget_anime_eli" time="0.113" /><testcase classname="tests.test_iter52_v617_api.TestAnime5eRecompute" name="test_recompute_on_non_anime_campaign_returns_400" time="0.110" /></testsuite></testsuites>