<?xml version="1.0" encoding="utf-8"?><testsuites name="pytest tests"><testsuite name="pytest" errors="0" failures="0" skipped="0" tests="6" time="3.618" timestamp="2026-05-14T14:46:16.985673+00:00" hostname="agent-env-983ba008-be40-4716-87ca-c8d187e456bf"><testcase classname="tests.test_v62553_cosmology" name="test_cosmology_payload_shape" time="0.535" /><testcase classname="tests.test_v62553_cosmology" name="test_cosmology_required_canon_faces_present" time="0.476" /><testcase classname="tests.test_v62553_cosmology" name="test_cosmology_opposition_direct_pairs_are_advantage" time="1.359" /><testcase classname="tests.test_v62553_cosmology" name="test_cosmology_opposition_unknown_face_404" time="0.588" /><testcase classname="tests.test_v62553_cosmology" name="test_cosmology_neutral_fallback_for_unknown_pair" time="0.462" /><testcase classname="tests.test_v62553_cosmology" name="test_cosmology_auth_required" time="0.128" /></testsuite></testsuites>