<?xml version="1.0" encoding="utf-8"?><testsuites name="pytest tests"><testsuite name="pytest" errors="0" failures="0" skipped="0" tests="7" time="15.775" timestamp="2026-05-15T03:40:06.458020+00:00" hostname="agent-env-983ba008-be40-4716-87ca-c8d187e456bf"><testcase classname="backend.tests.test_v62558_starters" name="test_starter_from_campaign_round_trip" time="12.501" /><testcase classname="backend.tests.test_v62558_starters" name="test_starter_upload_direct_json_file" time="1.042" /><testcase classname="backend.tests.test_v62558_starters" name="test_starter_upload_rejects_non_json" time="0.454" /><testcase classname="backend.tests.test_v62558_starters" name="test_starter_admin_only" time="0.442" /><testcase classname="backend.tests.test_v62558_starters" name="test_starter_patch_and_delete" time="1.040" /><testcase classname="backend.tests.test_v62558_starters" name="test_starter_download_404_unknown_slug" time="0.117" /><testcase classname="backend.tests.test_v62558_starters" name="test_starter_public_list_is_anonymous" time="0.108" /></testsuite></testsuites>