<?xml version="1.0" encoding="utf-8"?><testsuites name="pytest tests"><testsuite name="pytest" errors="0" failures="0" skipped="0" tests="7" time="3.772" timestamp="2026-05-08T23:28:02.761495+00:00" hostname="agent-env-983ba008-be40-4716-87ca-c8d187e456bf"><testcase classname="backend.tests.test_v62528_dnd5e_canon_seed" name="test_dnd5e_reference_payload_shape" time="0.293" /><testcase classname="backend.tests.test_v62528_dnd5e_canon_seed" name="test_dnd5e_feats_have_prereq_and_summary" time="0.129" /><testcase classname="backend.tests.test_v62528_dnd5e_canon_seed" name="test_dnd5e_monsters_have_combat_stats" time="0.130" /><testcase classname="backend.tests.test_v62528_dnd5e_canon_seed" name="test_dnd5e_magic_items_have_rarity_and_attune" time="0.112" /><testcase classname="backend.tests.test_v62528_dnd5e_canon_seed" name="test_dnd5e_languages_categorised" time="0.148" /><testcase classname="backend.tests.test_v62528_dnd5e_canon_seed" name="test_reference_editor_accepts_new_kinds" time="2.307" /><testcase classname="backend.tests.test_v62528_dnd5e_canon_seed" name="test_reference_editor_rejects_unknown_kind" time="0.591" /></testsuite></testsuites>