<?xml version="1.0" encoding="utf-8"?><testsuites name="pytest tests"><testsuite name="pytest" errors="0" failures="0" skipped="0" tests="7" time="3.410" timestamp="2026-05-09T17:18:43.306647+00:00" hostname="agent-env-983ba008-be40-4716-87ca-c8d187e456bf"><testcase classname="backend.tests.test_v62534_forge_v2_validators.TestValidators" name="test_clean_character_zero_warnings" time="0.882" /><testcase classname="backend.tests.test_v62534_forge_v2_validators.TestValidators" name="test_dirty_character_warnings" time="0.224" /><testcase classname="backend.tests.test_v62534_forge_v2_validators.TestValidators" name="test_dismiss_persists_and_idempotent" time="0.492" /><testcase classname="backend.tests.test_v62534_forge_v2_validators.TestValidators" name="test_signature_changes_on_level_bump" time="0.711" /><testcase classname="backend.tests.test_v62534_forge_v2_validators.TestValidators" name="test_campaign_dashboard_gm" time="0.112" /><testcase classname="backend.tests.test_v62534_forge_v2_validators.TestValidators" name="test_campaign_dashboard_non_gm_403" time="0.667" /><testcase classname="backend.tests.test_v62534_forge_v2_validators.TestValidators" name="test_zzz_cleanup" time="0.226" /></testsuite></testsuites>