<?xml version="1.0" encoding="utf-8"?><testsuites name="pytest tests"><testsuite name="pytest" errors="0" failures="1" skipped="0" tests="10" time="100.408" timestamp="2026-05-09T17:52:40.297319+00:00" hostname="agent-env-983ba008-be40-4716-87ca-c8d187e456bf"><testcase classname="backend.tests.test_v62535_phase_cd.TestCostOverrides" name="test_attribute_override" time="0.871"><failure message="AssertionError: baseline expected 12 got 3&#10;assert 3 == 12">backend/tests/test_v62535_phase_cd.py:86: in test_attribute_override
    assert bd["attribute_total"] == 12, f"baseline expected 12 got {bd['attribute_total']}"
E   AssertionError: baseline expected 12 got 3
E   assert 3 == 12</failure></testcase><testcase classname="backend.tests.test_v62535_phase_cd.TestCostOverrides" name="test_skill_group_override" time="0.687" /><testcase classname="backend.tests.test_v62535_phase_cd.TestCostOverrides" name="test_defect_override" time="0.752" /><testcase classname="backend.tests.test_v62535_phase_cd.TestCostOverrides" name="test_cleanup_main" time="0.111" /><testcase classname="backend.tests.test_v62535_phase_cd.TestReference" name="test_dnd_reference_patrons_pacts" time="0.136" /><testcase classname="backend.tests.test_v62535_phase_cd.TestReference" name="test_anime5e_reference_demon_heritages" time="0.125" /><testcase classname="backend.tests.test_v62535_phase_cd.TestConceptForge" name="test_dnd_warlock_concept" time="45.075" /><testcase classname="backend.tests.test_v62535_phase_cd.TestConceptForge" name="test_cypher_concept" time="51.719" /><testcase classname="backend.tests.test_v62535_phase_cd.TestTableHealth" name="test_gm_aggregator" time="0.112" /><testcase classname="backend.tests.test_v62535_phase_cd.TestTableHealth" name="test_non_gm_403" time="0.692" /></testsuite></testsuites>