<?xml version="1.0" encoding="utf-8"?><testsuites name="pytest tests"><testsuite name="pytest" errors="0" failures="0" skipped="0" tests="6" time="4.016" timestamp="2026-05-14T14:28:53.955004+00:00" hostname="agent-env-983ba008-be40-4716-87ca-c8d187e456bf"><testcase classname="backend.tests.test_v62553_cosmology" name="test_cosmology_payload_shape" time="0.577" /><testcase classname="backend.tests.test_v62553_cosmology" name="test_cosmology_required_canon_faces_present" time="0.542" /><testcase classname="backend.tests.test_v62553_cosmology" name="test_cosmology_opposition_direct_pairs_are_advantage" time="1.558" /><testcase classname="backend.tests.test_v62553_cosmology" name="test_cosmology_opposition_unknown_face_404" time="0.657" /><testcase classname="backend.tests.test_v62553_cosmology" name="test_cosmology_neutral_fallback_for_unknown_pair" time="0.492" /><testcase classname="backend.tests.test_v62553_cosmology" name="test_cosmology_auth_required" time="0.119" /></testsuite></testsuites>