<?xml version="1.0" encoding="utf-8"?><testsuites name="pytest tests"><testsuite name="pytest" errors="0" failures="0" skipped="0" tests="18" time="15.409" timestamp="2026-05-13T10:44:54.792924+00:00" hostname="agent-env-983ba008-be40-4716-87ca-c8d187e456bf"><testcase classname="backend.tests.test_v62545_catalogue_and_roles" name="test_besm_reference_exposes_new_catalogue_surfaces" time="0.262" /><testcase classname="backend.tests.test_v62545_catalogue_and_roles" name="test_register_accepts_writer_roles" time="0.678" /><testcase classname="backend.tests.test_v62545_catalogue_and_roles" name="test_register_rejects_unknown_role" time="0.110" /><testcase classname="backend.tests.test_v6252_besm_templates" name="test_besm_race_template_round_trip" time="0.239" /><testcase classname="backend.tests.test_v6252_besm_templates" name="test_besm_class_template_with_defects" time="0.010" /><testcase classname="backend.tests.test_v6252_besm_templates" name="test_dnd_homebrew_race_accepts_asi_effects" time="0.008" /><testcase classname="backend.tests.test_v62543_scenes" name="test_scene_lifecycle_and_confirm_guard" time="2.994" /><testcase classname="backend.tests.test_v62541_auto_queue.TestAutoQueueCharacterPUT" name="test_player_put_queued_when_gate_on" time="1.843" /><testcase classname="backend.tests.test_v62541_auto_queue.TestAutoQueueCharacterPUT" name="test_gm_put_writes_through_even_when_gate_on" time="1.828" /><testcase classname="backend.tests.test_v62541_auto_queue.TestAutoQueueCharacterPUT" name="test_player_put_direct_when_gate_off" time="1.599" /><testcase classname="backend.tests.test_v62541_auto_queue.TestAutoQueueFolioInventory" name="test_inventory_patch_queued_when_gate_on" time="1.735" /><testcase classname="backend.tests.test_v62541_auto_queue.TestAutoQueueFolioInventory" name="test_non_inventory_folio_not_queued" time="1.697" /><testcase classname="backend.tests.test_v62544_bugfix_batch.TestBugCReferenceLibrary" name="test_create_custom_reference_and_visible_in_library" time="0.808" /><testcase classname="backend.tests.test_v62544_bugfix_batch.TestBugCReferenceLibrary" name="test_library_requires_system_id" time="0.105" /><testcase classname="backend.tests.test_v62544_bugfix_batch.TestBugCReferenceLibrary" name="test_library_admin_sees_all" time="0.431" /><testcase classname="backend.tests.test_v62544_bugfix_batch.TestBugDAdhocLocation" name="test_create_scene_with_adhoc_location_label" time="0.629" /><testcase classname="backend.tests.test_v62544_bugfix_batch.TestBugDVoiceLineRoute" name="test_voice_line_route_registered" time="0.223" /><testcase classname="backend.tests.test_v62544_bugfix_batch.TestBugBCharacterEditRoute" name="test_characters_listing_for_gm" time="0.104" /></testsuite></testsuites>