<?xml version="1.0" encoding="utf-8"?><testsuites name="pytest tests"><testsuite name="pytest" errors="0" failures="0" skipped="0" tests="9" time="36.071" timestamp="2026-04-29T17:33:02.719713+00:00" hostname="agent-env-983ba008-be40-4716-87ca-c8d187e456bf"><testcase classname="tests.test_iter24_v53.TestDirectorEndpoints" name="test_get_director_as_gm" time="0.255" /><testcase classname="tests.test_iter24_v53.TestDirectorEndpoints" name="test_get_director_as_player_403" time="0.230" /><testcase classname="tests.test_iter24_v53.TestDirectorEndpoints" name="test_put_director_roundtrip" time="0.007" /><testcase classname="tests.test_iter24_v53.TestDirectorEndpoints" name="test_zz_cleanup_director" time="0.003" /><testcase classname="tests.test_iter24_v53.TestCrAnalyse" name="test_cr_cypher_tier1_vs_l4_plus_minions" time="0.003" /><testcase classname="tests.test_iter24_v53.TestCrAnalyse" name="test_cr_empty_npcs_pushover" time="0.003" /><testcase classname="tests.test_iter24_v53.TestCrAnalyse" name="test_cr_empty_party_unknown" time="0.003" /><testcase classname="tests.test_iter24_v53.TestScaffold" name="test_scaffold_route_exists_no_file_422" time="0.005" /><testcase classname="tests.test_iter24_v53.TestScaffold" name="test_scaffold_preview" time="35.486" /></testsuite></testsuites>