<?xml version="1.0" encoding="utf-8"?><testsuites name="pytest tests"><testsuite name="pytest" errors="0" failures="0" skipped="0" tests="9" time="5.827" timestamp="2026-04-29T23:37:47.336917+00:00" hostname="agent-env-983ba008-be40-4716-87ca-c8d187e456bf"><testcase classname="backend.tests.test_iter31_v60.TestEvereanthaSuite" name="test_seed_suite_player_forbidden" time="0.921" /><testcase classname="backend.tests.test_iter31_v60.TestEvereanthaSuite" name="test_seed_suite_gm_deploys_4" time="0.474" /><testcase classname="backend.tests.test_iter31_v60.TestMyCharacters" name="test_no_flag_returns_empty" time="0.113" /><testcase classname="backend.tests.test_iter31_v60.TestMyCharacters" name="test_mine_true_returns_owned" time="0.113" /><testcase classname="backend.tests.test_iter31_v60.TestIngestPreview" name="test_preview_parse_only" time="0.568" /><testcase classname="backend.tests.test_iter31_v60.TestIngestPreview" name="test_preview_non_gm_forbidden" time="0.118" /><testcase classname="backend.tests.test_iter31_v60.TestPulseTick" name="test_motive_post_fires_pulse_tick" time="1.447" /><testcase classname="backend.tests.test_iter31_v60.TestPulseTick" name="test_director_put_fires_pulse_tick_encounter" time="1.090" /><testcase classname="backend.tests.test_iter31_v60.TestPulseTick" name="test_journal_post_fires_pulse_tick" time="0.888" /></testsuite></testsuites>