<?xml version="1.0" encoding="utf-8"?><testsuites name="pytest tests"><testsuite name="pytest" errors="0" failures="0" skipped="0" tests="18" time="14.149" timestamp="2026-04-26T05:39:23.788396+00:00" hostname="agent-env-983ba008-be40-4716-87ca-c8d187e456bf"><testcase classname="backend.tests.test_iter13_v42.TestResetGate" name="test_reset_without_confirm_400" time="0.599" /><testcase classname="backend.tests.test_iter13_v42.TestResetGate" name="test_reset_with_wrong_confirm_400" time="1.103" /><testcase classname="backend.tests.test_iter13_v42.TestResetGate" name="test_reset_with_wipe_200" time="0.113" /><testcase classname="backend.tests.test_iter13_v42.TestResetGate" name="test_reset_player_still_403" time="0.455" /><testcase classname="backend.tests.test_iter13_v42.TestBruteForceLockXFF" name="test_xff_pinned_lockout" time="2.163" /><testcase classname="backend.tests.test_iter13_v42.TestBruteForceLockXFF" name="test_lock_isolated_to_xff" time="2.403" /><testcase classname="backend.tests.test_iter13_v42.TestCharacterTransfer" name="test_transfer_to_player_and_auto_member" time="0.934" /><testcase classname="backend.tests.test_iter13_v42.TestCharacterTransfer" name="test_transfer_forbidden_for_non_gm" time="0.196" /><testcase classname="backend.tests.test_iter13_v42.TestCharacterTransfer" name="test_transfer_unknown_owner_404" time="0.226" /><testcase classname="backend.tests.test_iter13_v42.TestCampaignMembers" name="test_non_member_403" time="0.439" /><testcase classname="backend.tests.test_iter13_v42.TestCampaignMembers" name="test_members_list_shape" time="0.104" /><testcase classname="backend.tests.test_iter13_v42.TestEffectTargetCharacterId" name="test_effect_accepts_target_character_id" time="0.443" /><testcase classname="backend.tests.test_iter13_v42.TestEffectiveLevelDecoration" name="test_decorated_on_get_and_list" time="0.116" /><testcase classname="backend.tests.test_iter13_v42.TestOpenAPI" name="test_openapi_tags_and_op_count" time="0.049" /><testcase classname="backend.tests.test_iter13_v42" name="test_ws_campaign_invalid_token" time="0.149" /><testcase classname="backend.tests.test_iter13_v42" name="test_ws_campaign_no_such_campaign" time="0.139" /><testcase classname="backend.tests.test_iter13_v42" name="test_ws_campaign_non_member_4403" time="3.495" /><testcase classname="backend.tests.test_iter13_v42" name="test_ws_campaign_member_receives_channel_msg" time="0.927" /></testsuite></testsuites>