<?xml version="1.0" encoding="utf-8"?><testsuites name="pytest tests"><testsuite name="pytest" errors="0" failures="0" skipped="0" tests="44" time="7.380" timestamp="2026-05-07T05:27:42.128376+00:00" hostname="agent-env-983ba008-be40-4716-87ca-c8d187e456bf"><testcase classname="tests.test_v6258_mod_rank" name="test_attribute_with_rank_mods_round_trips" time="0.247" /><testcase classname="tests.test_v6258_mod_rank" name="test_legacy_string_mods_still_load" time="0.015" /><testcase classname="tests.test_v6258_mod_rank" name="test_genesis_archive_endpoint_returns_list" time="0.010" /><testcase classname="tests.test_v6258_genesis_403" name="test_genesis_archives_gm_200" time="0.234" /><testcase classname="tests.test_v6258_genesis_403" name="test_genesis_archives_non_gm_403" time="0.233" /><testcase classname="tests.test_v6259_macro_grammar" name="test_attr_token_resolves_effective_level" time="0.248" /><testcase classname="tests.test_v6259_macro_grammar" name="test_def_and_derived_tokens" time="0.022" /><testcase classname="tests.test_v6259_macro_grammar" name="test_stat_token_body" time="0.021" /><testcase classname="tests.test_v6259_macro_grammar" name="test_legacy_scalar_tokens_still_resolve" time="0.021" /><testcase classname="tests.test_v6259_macro_grammar" name="test_unknown_token_collapses_to_zero" time="0.021" /><testcase classname="tests.test_v62510_apocophea_bag" name="test_besm_reference_exposes_item_specific_pools" time="0.234" /><testcase classname="tests.test_v62510_apocophea_bag" name="test_apocophea_bag_assigns_to_eli_and_macro_resolves" time="0.027" /><testcase classname="tests.test_v62510_apocophea_bag" name="test_apocophea_materials_can_be_seeded_as_codex_nodes" time="0.025" /><testcase classname="tests.test_v62511_canonical_weapons_item_halfcost" name="test_canonical_weapon_enhancements_p135" time="0.233" /><testcase classname="tests.test_v62511_canonical_weapons_item_halfcost" name="test_canonical_weapon_limiters_p142" time="0.010" /><testcase classname="tests.test_v62511_canonical_weapons_item_halfcost" name="test_item_attribute_pays_half_cost" time="0.015" /><testcase classname="tests.test_v62511_canonical_weapons_item_halfcost" name="test_item_with_contents_uses_assault_mecha_pattern" time="0.015" /><testcase classname="tests.test_v62511_canonical_weapons_item_halfcost" name="test_material_byproduct_craft_output_codex_kinds" time="0.017" /><testcase classname="tests.test_v62512_anime5e_lib_materials_queue" name="test_player_submits_material_to_queue_gm_approves" time="0.477" /><testcase classname="tests.test_v62512_anime5e_lib_materials_queue" name="test_non_member_cannot_submit_to_materials_queue" time="0.232" /><testcase classname="tests.test_v62512_anime5e_lib_materials_queue" name="test_invalid_node_kind_rejected" time="0.012" /><testcase classname="tests.test_v62513_anime5e_canonical" name="test_anime5e_class_library_returns_canonical_14_classes" time="0.008" /><testcase classname="tests.test_v62513_anime5e_canonical" name="test_every_class_has_full_l1_l20_grid_with_ashi_flags" time="0.008" /><testcase classname="tests.test_v62513_anime5e_canonical" name="test_samurai_l5_features_match_canonical" time="0.008" /><testcase classname="tests.test_v62513_anime5e_canonical" name="test_techknight_armour_zero_cost_grant" time="0.008" /><testcase classname="tests.test_v62513_anime5e_canonical" name="test_class_specific_asi_levels_exposed" time="0.008" /><testcase classname="tests.test_v62513_anime5e_canonical" name="test_class_starting_kit_round_trips" time="0.008" /><testcase classname="tests.test_v62513_item_container_and_queue" name="test_reference_item_round_trips_with_item_contents" time="0.235" /><testcase classname="tests.test_v62513_item_container_and_queue" name="test_gm_can_reject_pending_material_ticket" time="0.240" /><testcase classname="tests.test_v62514_world_tree_lattice" name="test_creation_tree_returns_v62514_schema_with_lenses_and_prompts" time="0.232" /><testcase classname="tests.test_v62514_world_tree_lattice" name="test_bridge_sow_creates_twin_nodes_and_edge" time="0.238" /><testcase classname="tests.test_v62514_world_tree_lattice" name="test_bridge_sow_rejects_unknown_section" time="0.232" /><testcase classname="tests.test_v62514_world_tree_lattice" name="test_bridge_sow_player_blocked" time="0.455" /><testcase classname="tests.test_v62515_anime5e_attributes" name="test_anime5e_reference_exposes_canonical_attribute_roster" time="0.004" /><testcase classname="tests.test_v62515_anime5e_attributes" name="test_anime5e_signature_attribute_costs_match_pdf" time="0.003" /><testcase classname="tests.test_v62516_dnd_conversion" name="test_dnd_conversion_lists_all_12_classes" time="0.002" /><testcase classname="tests.test_v62516_dnd_conversion" name="test_dnd_conversion_anime5e_class_ids_are_canonical" time="0.002" /><testcase classname="tests.test_v62516_dnd_conversion" name="test_dnd_conversion_attributes_match_canonical_roster" time="0.005" /><testcase classname="tests.test_v62516_dnd_conversion" name="test_dnd_conversion_single_class_lookup" time="0.001" /><testcase classname="tests.test_v62516_dnd_conversion" name="test_dnd_conversion_unknown_class_returns_helpful_404ish" time="0.001" /><testcase classname="tests.test_v62517_private_access" name="test_invite_password_gates_join" time="1.132" /><testcase classname="tests.test_v62517_private_access" name="test_share_links_lifecycle_with_password" time="1.132" /><testcase classname="tests.test_v62517_private_access" name="test_share_link_max_uses_caps_redemptions" time="0.459" /><testcase classname="tests.test_v62517_private_access" name="test_share_link_endpoints_block_non_gm" time="0.461" /></testsuite></testsuites>