<?xml version="1.0" encoding="utf-8"?><testsuites name="pytest tests"><testsuite name="pytest" errors="0" failures="0" skipped="0" tests="3" time="3.510" timestamp="2026-05-13T17:49:57.677909+00:00" hostname="agent-env-983ba008-be40-4716-87ca-c8d187e456bf"><testcase classname="backend.tests.test_v62548_battlemap_sidebar" name="test_token_new_fields_roundtrip" time="1.285" /><testcase classname="backend.tests.test_v62548_battlemap_sidebar" name="test_vitals_endpoint_no_pcs" time="1.009" /><testcase classname="backend.tests.test_v62548_battlemap_sidebar" name="test_vitals_with_linked_character" time="1.147" /></testsuite></testsuites>