<?xml version="1.0" encoding="utf-8"?><testsuites name="pytest tests"><testsuite name="pytest" errors="0" failures="0" skipped="0" tests="13" time="3.932" timestamp="2026-04-27T07:29:36.998061+00:00" hostname="agent-env-983ba008-be40-4716-87ca-c8d187e456bf"><testcase classname="backend.tests.test_iter22_v512.TestChangePassword" name="test_wrong_current_returns_403" time="0.796" /><testcase classname="backend.tests.test_iter22_v512.TestChangePassword" name="test_correct_current_succeeds_and_revert" time="1.320" /><testcase classname="backend.tests.test_iter22_v512.TestProfilePatch" name="test_patch_and_roundtrip" time="0.194" /><testcase classname="backend.tests.test_iter22_v512.TestAvatarUpload" name="test_upload_png_ok" time="0.100" /><testcase classname="backend.tests.test_iter22_v512.TestAvatarUpload" name="test_reject_non_image" time="0.050" /><testcase classname="backend.tests.test_iter22_v512.TestAvatarUpload" name="test_reject_oversize" time="0.267" /><testcase classname="backend.tests.test_iter22_v512.TestCypherReference" name="test_reference_shape" time="0.051" /><testcase classname="backend.tests.test_iter22_v512.TestSessionSeating" name="test_seat_own_character" time="0.103" /><testcase classname="backend.tests.test_iter22_v512.TestSessionSeating" name="test_release_seat" time="0.050" /><testcase classname="backend.tests.test_iter22_v512.TestSessionSeating" name="test_gm_assign_character" time="0.052" /><testcase classname="backend.tests.test_iter22_v512.TestSessionSeating" name="test_non_gm_assign_denied" time="0.478" /><testcase classname="backend.tests.test_iter22_v512.TestNarrativePdfExport" name="test_narrative_mode_bypasses_licence_gate" time="0.212" /><testcase classname="backend.tests.test_iter22_v512.TestNarrativePdfExport" name="test_campaign_mode_still_gates_451" time="0.167" /></testsuite></testsuites>