<?xml version="1.0" encoding="utf-8"?><testsuites name="pytest tests"><testsuite name="pytest" errors="0" failures="0" skipped="0" tests="21" time="1.597" timestamp="2026-05-08T20:41:31.340450+00:00" hostname="agent-env-983ba008-be40-4716-87ca-c8d187e456bf"><testcase classname="backend.tests.test_v62525_roll_tables" name="test_rarity_tiers_static_metadata" time="0.004" /><testcase classname="backend.tests.test_v62525_roll_tables" name="test_create_table_with_reference_entry" time="0.238" /><testcase classname="backend.tests.test_v62525_roll_tables" name="test_silent_freetext_is_rejected" time="0.009" /><testcase classname="backend.tests.test_v62525_roll_tables" name="test_two_sources_rejected" time="0.011" /><testcase classname="backend.tests.test_v62525_roll_tables" name="test_rarity_gate_auto_snaps_up" time="0.009" /><testcase classname="backend.tests.test_v62525_roll_tables" name="test_roll_below_gate_returns_403" time="0.012" /><testcase classname="backend.tests.test_v62525_roll_tables" name="test_roll_at_gate_returns_pick" time="0.017" /><testcase classname="backend.tests.test_v62525_roll_tables" name="test_unknown_reference_id_rejected" time="0.010" /><testcase classname="backend.tests.test_v62525_roll_tables" name="test_player_cannot_create_table" time="0.234" /><testcase classname="backend.tests.test_v62525_roll_tables" name="test_list_and_delete_round_trip" time="0.023" /><testcase classname="backend.tests.test_v62525_flavor_converter_lib_codex" name="test_flavors_full_listing" time="0.002" /><testcase classname="backend.tests.test_v62525_flavor_converter_lib_codex" name="test_flavors_genre_filter" time="0.001" /><testcase classname="backend.tests.test_v62525_flavor_converter_lib_codex" name="test_flavors_substitutions_present" time="0.001" /><testcase classname="backend.tests.test_v62525_flavor_converter_lib_codex" name="test_reference_includes_flavors" time="0.003" /><testcase classname="backend.tests.test_v62525_flavor_converter_lib_codex" name="test_converter_warrior_default" time="0.002" /><testcase classname="backend.tests.test_v62525_flavor_converter_lib_codex" name="test_converter_adept_tier3_with_focus" time="0.001" /><testcase classname="backend.tests.test_v62525_flavor_converter_lib_codex" name="test_converter_unknown_falls_back_to_warrior" time="0.001" /><testcase classname="backend.tests.test_v62525_flavor_converter_lib_codex" name="test_reference_library_requires_system_id" time="0.227" /><testcase classname="backend.tests.test_v62525_flavor_converter_lib_codex" name="test_reference_library_aggregates_for_system" time="0.237" /><testcase classname="backend.tests.test_v62525_flavor_converter_lib_codex" name="test_codex_pdf_export_requires_shared_nodes" time="0.234" /><testcase classname="backend.tests.test_v62525_flavor_converter_lib_codex" name="test_codex_pdf_export_emits_pdf" time="0.245" /></testsuite></testsuites>