<?xml version="1.0" encoding="utf-8"?><testsuites name="pytest tests"><testsuite name="pytest" errors="0" failures="0" skipped="0" tests="13" time="3.546" timestamp="2026-04-30T01:15:57.107222+00:00" hostname="agent-env-983ba008-be40-4716-87ca-c8d187e456bf"><testcase classname="backend.tests.test_iter33_v61.TestSeedEvereanthaSuite" name="test_player_forbidden" time="0.941" /><testcase classname="backend.tests.test_iter33_v61.TestSeedEvereanthaSuite" name="test_suite_idempotency_first_then_second" time="0.552" /><testcase classname="backend.tests.test_iter33_v61.TestSeedDemoIdempotency" name="test_seed_demo_skips_existing" time="0.107" /><testcase classname="backend.tests.test_iter33_v61.TestEvereanthaNodes" name="test_nodes_count_and_canon_names" time="0.061" /><testcase classname="backend.tests.test_iter33_v61.TestEvereanthaMotives" name="test_ecosystem_pulse_motives_have_new_authors" time="0.055" /><testcase classname="backend.tests.test_iter33_v61.TestEvereanthaMotives" name="test_lyra_luminar_motives_now_present_v61_fix" time="0.060" /><testcase classname="backend.tests.test_iter33_v61.TestAnime5eReference" name="test_reference_abilities_and_rule_note" time="0.054" /><testcase classname="backend.tests.test_iter33_v61.TestAnime5eReference" name="test_classes_use_5e_abilities" time="0.052" /><testcase classname="backend.tests.test_iter34_v61_retest.TestFreshEvereanthaSuite" name="test_delete_existing_then_fresh_seed_has_9_motives" time="0.815" /><testcase classname="backend.tests.test_iter34_v61_retest.TestFreshEvereanthaSuite" name="test_second_call_returns_skipped_existing_true" time="0.056" /><testcase classname="backend.tests.test_iter34_v61_retest.TestPulseMotives" name="test_epic9_motives_include_all_5_canonical_npcs" time="0.058" /><testcase classname="backend.tests.test_iter34_v61_retest.TestPulseMotives" name="test_total_motives_across_all_phases_at_least_9" time="0.494" /><testcase classname="backend.tests.test_iter34_v61_retest.TestSeedDemoIdempotency" name="test_seed_demo_skips_existing_on_second_call" time="0.153" /></testsuite></testsuites>