<?xml version="1.0" encoding="utf-8"?><testsuites name="pytest tests"><testsuite name="pytest" errors="0" failures="0" skipped="0" tests="9" time="0.675" timestamp="2026-05-08T21:56:56.396554+00:00" hostname="agent-env-983ba008-be40-4716-87ca-c8d187e456bf"><testcase classname="tests.test_v62526_materials_encounters" name="test_materials_three_tier_chain" time="0.255" /><testcase classname="tests.test_v62526_materials_encounters" name="test_materials_unknown_ingredient_rejected" time="0.013" /><testcase classname="tests.test_v62526_materials_encounters" name="test_materials_codex_mirror_when_ticked" time="0.016" /><testcase classname="tests.test_v62526_materials_encounters" name="test_materials_filter_by_tier" time="0.017" /><testcase classname="tests.test_v62526_materials_encounters" name="test_roll_table_material_source" time="0.018" /><testcase classname="tests.test_v62526_materials_encounters" name="test_encounter_create_run_complete_flow" time="0.019" /><testcase classname="tests.test_v62526_materials_encounters" name="test_encounter_clone_as_template" time="0.014" /><testcase classname="tests.test_v62526_materials_encounters" name="test_encounter_filter_by_status" time="0.015" /><testcase classname="tests.test_v62526_materials_encounters" name="test_encounter_player_cannot_create" time="0.228" /></testsuite></testsuites>