<?xml version="1.0" encoding="utf-8"?><testsuites name="pytest tests"><testsuite name="pytest" errors="0" failures="0" skipped="0" tests="6" time="8.237" timestamp="2026-05-13T17:51:38.194520+00:00" hostname="agent-env-983ba008-be40-4716-87ca-c8d187e456bf"><testcase classname="backend.tests.test_v62548_battlemap_supplemental" name="test_vitals_non_member_403" time="1.667" /><testcase classname="backend.tests.test_v62548_battlemap_supplemental" name="test_marker_palette_all_types_roundtrip" time="1.869" /><testcase classname="backend.tests.test_v62548_battlemap_supplemental" name="test_token_patch_and_delete_still_work" time="1.418" /><testcase classname="backend.tests.test_v62548_battlemap_sidebar" name="test_token_new_fields_roundtrip" time="1.094" /><testcase classname="backend.tests.test_v62548_battlemap_sidebar" name="test_vitals_endpoint_no_pcs" time="0.840" /><testcase classname="backend.tests.test_v62548_battlemap_sidebar" name="test_vitals_with_linked_character" time="1.276" /></testsuite></testsuites>