<?xml version="1.0" encoding="utf-8"?><testsuites name="pytest tests"><testsuite name="pytest" errors="0" failures="0" skipped="0" tests="25" time="82.516" timestamp="2026-05-13T03:20:30.673629+00:00" hostname="agent-env-983ba008-be40-4716-87ca-c8d187e456bf"><testcase classname="backend.tests.test_v62543_scenes" name="test_scene_lifecycle_and_confirm_guard" time="3.247" /><testcase classname="backend.tests.test_v62543_scenes_supplemental" name="test_scenes_list_endpoint_returns_array" time="1.273" /><testcase classname="backend.tests.test_v62543_scenes_supplemental" name="test_chat_with_no_active_scene_has_no_scene_id" time="1.139" /><testcase classname="backend.tests.test_v62541_auto_queue.TestAutoQueueCharacterPUT" name="test_player_put_queued_when_gate_on" time="1.812" /><testcase classname="backend.tests.test_v62541_auto_queue.TestAutoQueueCharacterPUT" name="test_gm_put_writes_through_even_when_gate_on" time="18.123" /><testcase classname="backend.tests.test_v62541_auto_queue.TestAutoQueueCharacterPUT" name="test_player_put_direct_when_gate_off" time="1.570" /><testcase classname="backend.tests.test_v62541_auto_queue.TestAutoQueueFolioInventory" name="test_inventory_patch_queued_when_gate_on" time="1.816" /><testcase classname="backend.tests.test_v62541_auto_queue.TestAutoQueueFolioInventory" name="test_non_inventory_folio_not_queued" time="1.805" /><testcase classname="backend.tests.test_v62542_e2e_live.TestPublicEndpoints" name="test_public_stats" time="0.113" /><testcase classname="backend.tests.test_v62542_e2e_live.TestPublicEndpoints" name="test_public_roadmap" time="0.107" /><testcase classname="backend.tests.test_v62542_e2e_live.TestPublicEndpoints" name="test_public_featured" time="0.125" /><testcase classname="backend.tests.test_v62542_e2e_live.TestSEO" name="test_sitemap_xml" time="0.113" /><testcase classname="backend.tests.test_v62542_e2e_live.TestSEO" name="test_og_unknown_slug" time="0.106" /><testcase classname="backend.tests.test_v62542_e2e_live.TestSEO" name="test_og_known_slug_if_any" time="0.615" /><testcase classname="backend.tests.test_v62542_e2e_live.TestCostBalance" name="test_preview_cost_balance_or_skip" time="0.576" /><testcase classname="backend.tests.test_v62542_e2e_live.TestAdminModeration" name="test_admin_endpoints_require_admin" time="0.455" /><testcase classname="backend.tests.test_v62542_e2e_live.TestAdminModeration" name="test_admin_flags_list" time="0.123" /><testcase classname="backend.tests.test_v62542_e2e_live.TestAdminModeration" name="test_admin_audit_log" time="0.252" /><testcase classname="backend.tests.test_v62542_e2e_live.TestAdminModeration" name="test_admin_showcases" time="0.145" /><testcase classname="backend.tests.test_v62542_e2e_live.TestAdminModeration" name="test_admin_roadmap_crud" time="0.654" /><testcase classname="backend.tests.test_v62542_e2e_live.TestAutoQueueLive" name="test_player_put_gets_queued" time="1.461" /><testcase classname="backend.tests.test_v62542_e2e_live.TestAutoQueueLive" name="test_player_inventory_folio_queued" time="0.118" /><testcase classname="backend.tests.test_v62542_e2e_live.TestAutoQueueLive" name="test_player_noninventory_folio_passes_through" time="0.145" /><testcase classname="backend.tests.test_v62542_e2e_live.TestAutoQueueLive" name="test_gm_put_passes_through" time="0.224" /><testcase classname="backend.tests.test_v62542_e2e_live.TestAutoQueueLive" name="test_gate_off_player_writes_through" time="46.309" /></testsuite></testsuites>