<?xml version="1.0" encoding="utf-8"?><testsuites name="pytest tests"><testsuite name="pytest" errors="0" failures="0" skipped="2" tests="15" time="49.086" timestamp="2026-05-09T17:18:52.790140+00:00" hostname="agent-env-983ba008-be40-4716-87ca-c8d187e456bf"><testcase classname="backend.tests.test_v62533_concept_forge_cost_overrides.TestCostOverrides" name="test_list_initial" time="0.718" /><testcase classname="backend.tests.test_v62533_concept_forge_cost_overrides.TestCostOverrides" name="test_upsert_create_then_idempotent" time="0.339" /><testcase classname="backend.tests.test_v62533_concept_forge_cost_overrides.TestCostOverrides" name="test_patch_to_zero" time="0.110" /><testcase classname="backend.tests.test_v62533_concept_forge_cost_overrides.TestCostOverrides" name="test_player_put_forbidden" time="0.673" /><testcase classname="backend.tests.test_v62533_concept_forge_cost_overrides.TestCostOverrides" name="test_bad_kind_400" time="0.111" /><testcase classname="backend.tests.test_v62533_concept_forge_cost_overrides.TestCostOverrides" name="test_delete" time="0.113" /><testcase classname="backend.tests.test_v62533_concept_forge_cost_overrides.TestConceptForge" name="test_post_draft_besm" time="45.287" /><testcase classname="backend.tests.test_v62533_concept_forge_cost_overrides.TestConceptForge" name="test_post_draft_unsupported_system" time="0.513" /><testcase classname="backend.tests.test_v62533_concept_forge_cost_overrides.TestConceptForge" name="test_list_player_sees_own" time="0.116"><skipped type="pytest.skip" message="Player persona not seated at this BESM campaign">/app/backend/tests/test_v62533_concept_forge_cost_overrides.py:181: Player persona not seated at this BESM campaign</skipped></testcase><testcase classname="backend.tests.test_v62533_concept_forge_cost_overrides.TestConceptForge" name="test_list_gm_sees_all" time="0.128" /><testcase classname="backend.tests.test_v62533_concept_forge_cost_overrides.TestConceptForge" name="test_commit_before_approval_400" time="0.112" /><testcase classname="backend.tests.test_v62533_concept_forge_cost_overrides.TestConceptForge" name="test_gm_approve" time="0.119" /><testcase classname="backend.tests.test_v62533_concept_forge_cost_overrides.TestConceptForge" name="test_commit_after_approval" time="0.122" /><testcase classname="backend.tests.test_v62533_concept_forge_cost_overrides.TestConceptForge" name="test_delete_other_player_403" time="0.449"><skipped type="pytest.skip" message="Aurora not seated at this campaign">/app/backend/tests/test_v62533_concept_forge_cost_overrides.py:235: Aurora not seated at this campaign</skipped></testcase><testcase classname="backend.tests.test_v62533_concept_forge_cost_overrides.TestConceptForge" name="test_delete_as_requester" time="0.103" /></testsuite></testsuites>