<?xml version="1.0" encoding="utf-8"?><testsuites name="pytest tests"><testsuite name="pytest" errors="0" failures="0" skipped="2" tests="11" time="2.811" timestamp="2026-04-30T04:39:36.932149+00:00" hostname="agent-env-983ba008-be40-4716-87ca-c8d187e456bf"><testcase classname="backend.tests.test_iter38_v65" name="test_spell_conversions_returns_62" time="0.606" /><testcase classname="backend.tests.test_iter38_v65" name="test_spell_conversion_entry_shape" time="0.106" /><testcase classname="backend.tests.test_iter38_v65" name="test_spell_conversion_max_level_zero_only_cantrips" time="0.106" /><testcase classname="backend.tests.test_iter38_v65" name="test_spell_conversion_school_evocation_filter" time="0.106" /><testcase classname="backend.tests.test_iter38_v65" name="test_power_bundle_templates_regression" time="0.114" /><testcase classname="backend.tests.test_iter38_v65" name="test_simulate_import_shape_and_fits" time="0.365" /><testcase classname="backend.tests.test_iter38_v65" name="test_simulate_import_over_cap_fits_false" time="0.111" /><testcase classname="backend.tests.test_iter38_v65" name="test_simulate_import_extra_bundle_cost" time="0.106" /><testcase classname="backend.tests.test_iter38_v65" name="test_simulate_import_403_for_non_member" time="0.773" /><testcase classname="backend.tests.test_iter38_v65" name="test_pdf_export_besm" time="0.106"><skipped type="pytest.skip" message="BESM camp has no sessions to export: {&quot;detail&quot;:&quot;No sessions to export.&quot;}">/app/backend/tests/test_iter38_v65.py:186: BESM camp has no sessions to export: {"detail":"No sessions to export."}</skipped></testcase><testcase classname="backend.tests.test_iter38_v65" name="test_pdf_export_anime5e" time="0.231"><skipped type="pytest.skip" message="Anime camp has no sessions: {&quot;detail&quot;:&quot;No sessions to export.&quot;}">/app/backend/tests/test_iter38_v65.py:200: Anime camp has no sessions: {"detail":"No sessions to export."}</skipped></testcase></testsuite></testsuites>