<?xml version="1.0" encoding="utf-8"?><testsuites name="pytest tests"><testsuite name="pytest" errors="0" failures="0" skipped="0" tests="12" time="18.127" timestamp="2026-05-13T14:42:24.715669+00:00" hostname="agent-env-983ba008-be40-4716-87ca-c8d187e456bf"><testcase classname="tests.test_v62546_writer_tools" name="test_atlas_map_and_pin_lifecycle" time="1.457" /><testcase classname="tests.test_v62546_writer_tools" name="test_magic_system_crud" time="1.100" /><testcase classname="tests.test_v62546_writer_tools" name="test_manuscript_tree_crud" time="1.744" /><testcase classname="tests.test_v62545_catalogue_and_roles" name="test_besm_reference_exposes_new_catalogue_surfaces" time="0.142" /><testcase classname="tests.test_v62545_catalogue_and_roles" name="test_register_accepts_writer_roles" time="0.730" /><testcase classname="tests.test_v62545_catalogue_and_roles" name="test_register_rejects_unknown_role" time="0.133" /><testcase classname="tests.test_v62543_scenes" name="test_scene_lifecycle_and_confirm_guard" time="3.376" /><testcase classname="tests.test_v62541_auto_queue.TestAutoQueueCharacterPUT" name="test_player_put_queued_when_gate_on" time="2.001" /><testcase classname="tests.test_v62541_auto_queue.TestAutoQueueCharacterPUT" name="test_gm_put_writes_through_even_when_gate_on" time="2.087" /><testcase classname="tests.test_v62541_auto_queue.TestAutoQueueCharacterPUT" name="test_player_put_direct_when_gate_off" time="1.685" /><testcase classname="tests.test_v62541_auto_queue.TestAutoQueueFolioInventory" name="test_inventory_patch_queued_when_gate_on" time="1.809" /><testcase classname="tests.test_v62541_auto_queue.TestAutoQueueFolioInventory" name="test_non_inventory_folio_not_queued" time="1.775" /></testsuite></testsuites>