<?xml version="1.0" encoding="utf-8"?><testsuites name="pytest tests"><testsuite name="pytest" errors="0" failures="0" skipped="0" tests="5" time="1.632" timestamp="2026-04-30T01:15:28.121187+00:00" hostname="agent-env-983ba008-be40-4716-87ca-c8d187e456bf"><testcase classname="backend.tests.test_iter34_v61_retest.TestFreshEvereanthaSuite" name="test_delete_existing_then_fresh_seed_has_9_motives" time="0.827" /><testcase classname="backend.tests.test_iter34_v61_retest.TestFreshEvereanthaSuite" name="test_second_call_returns_skipped_existing_true" time="0.055" /><testcase classname="backend.tests.test_iter34_v61_retest.TestPulseMotives" name="test_epic9_motives_include_all_5_canonical_npcs" time="0.052" /><testcase classname="backend.tests.test_iter34_v61_retest.TestPulseMotives" name="test_total_motives_across_all_phases_at_least_9" time="0.516" /><testcase classname="backend.tests.test_iter34_v61_retest.TestSeedDemoIdempotency" name="test_seed_demo_skips_existing_on_second_call" time="0.111" /></testsuite></testsuites>