<?xml version="1.0" encoding="utf-8"?><testsuites name="pytest tests"><testsuite name="pytest" errors="0" failures="0" skipped="0" tests="5" time="0.384" timestamp="2026-05-07T03:30:02.358099+00:00" hostname="agent-env-983ba008-be40-4716-87ca-c8d187e456bf"><testcase classname="backend.tests.test_v62511_canonical_weapons_item_halfcost" name="test_canonical_weapon_enhancements_p135" time="0.238" /><testcase classname="backend.tests.test_v62511_canonical_weapons_item_halfcost" name="test_canonical_weapon_limiters_p142" time="0.010" /><testcase classname="backend.tests.test_v62511_canonical_weapons_item_halfcost" name="test_item_attribute_pays_half_cost" time="0.019" /><testcase classname="backend.tests.test_v62511_canonical_weapons_item_halfcost" name="test_item_with_contents_uses_assault_mecha_pattern" time="0.020" /><testcase classname="backend.tests.test_v62511_canonical_weapons_item_halfcost" name="test_material_byproduct_craft_output_codex_kinds" time="0.030" /></testsuite></testsuites>