<?xml version="1.0" encoding="utf-8"?><testsuites name="pytest tests"><testsuite name="pytest" errors="0" failures="0" skipped="0" tests="15" time="2.822" timestamp="2026-05-03T01:12:03.897165+00:00" hostname="agent-env-983ba008-be40-4716-87ca-c8d187e456bf"><testcase classname="backend.tests.test_iter54_v620.TestRepairDndStates" name="test_admin_only" time="0.537" /><testcase classname="backend.tests.test_iter54_v620.TestRepairDndStates" name="test_admin_succeeds" time="0.467" /><testcase classname="backend.tests.test_iter54_v620.TestCreationTree" name="test_get_creation_tree" time="0.110" /><testcase classname="backend.tests.test_iter54_v620.TestCreationMyth" name="test_create_root_myth" time="0.122" /><testcase classname="backend.tests.test_iter54_v620.TestCreationMyth" name="test_list_includes_created" time="0.110" /><testcase classname="backend.tests.test_iter54_v620.TestCreationMyth" name="test_player_blocked_from_create" time="0.112" /><testcase classname="backend.tests.test_iter54_v620.TestCreationMyth" name="test_cleanup" time="0.125" /><testcase classname="backend.tests.test_iter54_v620.TestCodexLinks" name="test_create_edge" time="0.117" /><testcase classname="backend.tests.test_iter54_v620.TestCodexLinks" name="test_weight_validation" time="0.129" /><testcase classname="backend.tests.test_iter54_v620.TestCodexLinks" name="test_color_validation" time="0.123" /><testcase classname="backend.tests.test_iter54_v620.TestCodexLinks" name="test_list_includes" time="0.138" /><testcase classname="backend.tests.test_iter54_v620.TestCodexLinks" name="test_cleanup" time="0.115" /><testcase classname="backend.tests.test_iter54_v620.TestSurpriseBagDraw" name="test_draw_returns_posted_flag" time="0.213" /><testcase classname="backend.tests.test_iter54_v620.TestSurpriseBagDraw" name="test_player_blocked" time="0.103" /><testcase classname="backend.tests.test_iter54_v620.TestSceneBreakDraw" name="test_draw_returns_posted_flag" time="0.218" /></testsuite></testsuites>