<?xml version="1.0" encoding="utf-8"?><testsuites name="pytest tests"><testsuite name="pytest" errors="0" failures="0" skipped="0" tests="33" time="10.376" timestamp="2026-04-26T04:16:00.140325+00:00" hostname="agent-env-983ba008-be40-4716-87ca-c8d187e456bf"><testcase classname="backend.tests.test_iter12_v40.TestAdminResetEvereantha" name="test_reset_forbidden_for_player" time="0.482" /><testcase classname="backend.tests.test_iter12_v40.TestAdminResetEvereantha" name="test_reset_forbidden_for_gm" time="0.432" /><testcase classname="backend.tests.test_iter12_v40.TestAdminResetEvereantha" name="test_reset_succeeds_for_admin" time="0.455" /><testcase classname="backend.tests.test_iter12_v40.TestAdminResetEvereantha" name="test_evereantha_in_my_campaigns" time="0.130" /><testcase classname="backend.tests.test_iter12_v40.TestAdminResetEvereantha" name="test_genesis_phase_7_complete" time="0.138" /><testcase classname="backend.tests.test_iter12_v40.TestAdminResetEvereantha" name="test_world_codex_20_nodes_breakdown" time="0.115" /><testcase classname="backend.tests.test_iter12_v40.TestAdminResetEvereantha" name="test_three_pcs_with_computed_spent" time="0.129" /><testcase classname="backend.tests.test_iter12_v40.TestBattlemap" name="test_member_can_get_map_auto_init" time="0.220" /><testcase classname="backend.tests.test_iter12_v40.TestBattlemap" name="test_non_member_cannot_get_map" time="0.759" /><testcase classname="backend.tests.test_iter12_v40.TestBattlemap" name="test_put_map_requires_gm" time="0.662" /><testcase classname="backend.tests.test_iter12_v40.TestBattlemap" name="test_gm_adds_token" time="0.107" /><testcase classname="backend.tests.test_iter12_v40.TestBattlemap" name="test_player_can_move_own_token" time="0.117" /><testcase classname="backend.tests.test_iter12_v40.TestBattlemap" name="test_player_cannot_add_unbound_token" time="0.122" /><testcase classname="backend.tests.test_iter12_v40.TestBattlemap" name="test_gm_paint_fog_hide_then_reveal" time="0.219" /><testcase classname="backend.tests.test_iter12_v40.TestBattlemap" name="test_player_cannot_paint_fog" time="0.108" /><testcase classname="backend.tests.test_iter12_v40.TestBattlemap" name="test_gm_walls_crud" time="0.258" /><testcase classname="backend.tests.test_iter12_v40.TestBattlemap" name="test_player_cannot_add_wall" time="0.120" /><testcase classname="backend.tests.test_iter12_v40.TestBattlemap" name="test_gm_delete_token" time="0.111" /><testcase classname="backend.tests.test_iter12_v40.TestBattlemapWebsocket" name="test_ws_receives_map_token_event" time="3.104" /><testcase classname="backend.tests.test_iter12_v40.TestChannels" name="test_list_auto_creates_tavern" time="0.115" /><testcase classname="backend.tests.test_iter12_v40.TestChannels" name="test_player_cannot_create_channel" time="0.114" /><testcase classname="backend.tests.test_iter12_v40.TestChannels" name="test_admin_creates_channel" time="0.107" /><testcase classname="backend.tests.test_iter12_v40.TestChannels" name="test_post_roll_message_executes_dice" time="0.113" /><testcase classname="backend.tests.test_iter12_v40.TestChannels" name="test_post_emote_and_whisper" time="0.213" /><testcase classname="backend.tests.test_iter12_v40.TestChannels" name="test_mention_resolves_to_uid" time="0.119" /><testcase classname="backend.tests.test_iter12_v40.TestChannels" name="test_reaction_toggle" time="0.215" /><testcase classname="backend.tests.test_iter12_v40.TestChannels" name="test_pin_gm_only" time="0.213" /><testcase classname="backend.tests.test_iter12_v40.TestChannels" name="test_threads_crud_and_filter" time="0.573" /><testcase classname="backend.tests.test_iter12_v40.TestChannels" name="test_edit_and_delete_message" time="0.322" /><testcase classname="backend.tests.test_iter12_v40.TestChannels" name="test_gm_can_delete_channel" time="0.098" /><testcase classname="backend.tests.test_iter12_v40.TestRegressionSurface" name="test_health" time="0.109" /><testcase classname="backend.tests.test_iter12_v40.TestRegressionSurface" name="test_openapi_has_new_tags" time="0.049" /><testcase classname="backend.tests.test_iter12_v40.TestRegressionSurface" name="test_dice_endpoint_still_works" time="0.111" /></testsuite></testsuites>