<?xml version="1.0" encoding="utf-8"?><testsuites name="pytest tests"><testsuite name="pytest" errors="0" failures="0" skipped="1" tests="81" time="74.509" timestamp="2026-05-01T01:32:09.183843+00:00" hostname="agent-env-983ba008-be40-4716-87ca-c8d187e456bf"><testcase classname="tests.test_iter34_v61_retest.TestFreshEvereanthaSuite" name="test_delete_existing_then_fresh_seed_has_9_motives" time="0.888" /><testcase classname="tests.test_iter34_v61_retest.TestFreshEvereanthaSuite" name="test_second_call_returns_skipped_existing_true" time="0.070" /><testcase classname="tests.test_iter34_v61_retest.TestPulseMotives" name="test_epic9_motives_include_all_5_canonical_npcs" time="0.057" /><testcase classname="tests.test_iter34_v61_retest.TestPulseMotives" name="test_total_motives_across_all_phases_at_least_9" time="0.527" /><testcase classname="tests.test_iter34_v61_retest.TestSeedDemoIdempotency" name="test_seed_demo_skips_existing_on_second_call" time="0.104" /><testcase classname="tests.test_iter35_v62" name="test_regression_seed_suite_and_pulse" time="0.470" /><testcase classname="tests.test_iter35_v62" name="test_publish_delta_origin" time="0.061" /><testcase classname="tests.test_iter35_v62" name="test_list_deltas_origin_published_status" time="0.061" /><testcase classname="tests.test_iter35_v62" name="test_get_delta_full_bundle" time="0.056" /><testcase classname="tests.test_iter35_v62" name="test_non_gm_cannot_list_deltas" time="0.383" /><testcase classname="tests.test_iter35_v62" name="test_non_gm_cannot_publish_delta" time="0.050" /><testcase classname="tests.test_iter35_v62" name="test_clone_and_apply_delta" time="0.230" /><testcase classname="tests.test_iter35_v62" name="test_apply_idempotent" time="0.060" /><testcase classname="tests.test_iter35_v62" name="test_defer_delta" time="0.162" /><testcase classname="tests.test_iter35_v62" name="test_origin_apply_rejected_400" time="0.051" /><testcase classname="tests.test_iter35_v62" name="test_validate_character_besm" time="0.200" /><testcase classname="tests.test_iter35_v62" name="test_app_validate_stamps_approval" time="0.050" /><testcase classname="tests.test_iter35_v62" name="test_gm_approve_blocks_when_fails_no_house_rules" time="0.341" /><testcase classname="tests.test_iter35_v62" name="test_gm_approve_with_house_rules_succeeds" time="0.151" /><testcase classname="tests.test_iter35_v62" name="test_seat_character_409_when_unapproved" time="0.294" /><testcase classname="tests.test_iter37_v64_rules" name="test_enh_lim_value_shifts_effective_level" time="0.767" /><testcase classname="tests.test_iter37_v64_rules" name="test_out_of_range_modifier_warns" time="0.452" /><testcase classname="tests.test_iter37_v64_rules" name="test_power_pack_vs_bundle_distinct_in_breakdown" time="0.435" /><testcase classname="tests.test_iter37_v64_rules" name="test_anime5e_xp_to_cp_formulas[flat-1-58]" time="0.238" /><testcase classname="tests.test_iter37_v64_rules" name="test_anime5e_xp_to_cp_formulas[flat-5-90]" time="0.000" /><testcase classname="tests.test_iter37_v64_rules" name="test_anime5e_xp_to_cp_formulas[flat-10-130]" time="0.000" /><testcase classname="tests.test_iter37_v64_rules" name="test_anime5e_xp_to_cp_formulas[curve-1-50]" time="0.000" /><testcase classname="tests.test_iter37_v64_rules" name="test_anime5e_xp_to_cp_formulas[curve-5-90]" time="0.000" /><testcase classname="tests.test_iter37_v64_rules" name="test_anime5e_xp_to_cp_formulas[curve-6-112]" time="0.000" /><testcase classname="tests.test_iter37_v64_rules" name="test_anime5e_xp_to_cp_formulas[curve-10-160]" time="0.000" /><testcase classname="tests.test_iter37_v64_rules" name="test_anime5e_xp_to_cp_formulas[curve-11-205]" time="0.000" /><testcase classname="tests.test_iter37_v64_rules" name="test_anime5e_xp_to_cp_formulas[curve-20-340]" time="0.000" /><testcase classname="tests.test_iter37_v64_rules" name="test_anime5e_xp_curve_endpoint" time="0.232" /><testcase classname="tests.test_iter37_v64_rules" name="test_power_bundle_templates_filter" time="0.128" /><testcase classname="tests.test_iter37_v64_rules" name="test_dnd_level_bound" time="0.458" /><testcase classname="tests.test_iter37_v64_rules" name="test_cypher_tier_bound" time="0.479" /><testcase classname="tests.test_iter37_v64_rules" name="test_bundle_estimator_matches_validator_per_line" time="0.116" /><testcase classname="tests.test_iter37_v64_rules" name="test_house_rules_bypass_retained" time="0.978" /><testcase classname="tests.test_iter37_v64_rules" name="test_legacy_string_tags_default_to_plus_minus_one" time="0.462" /><testcase classname="tests.test_iter38_v65" name="test_spell_conversions_returns_62" time="0.453" /><testcase classname="tests.test_iter38_v65" name="test_spell_conversion_entry_shape" time="0.115" /><testcase classname="tests.test_iter38_v65" name="test_spell_conversion_max_level_zero_only_cantrips" time="0.114" /><testcase classname="tests.test_iter38_v65" name="test_spell_conversion_school_evocation_filter" time="0.121" /><testcase classname="tests.test_iter38_v65" name="test_power_bundle_templates_regression" time="0.116" /><testcase classname="tests.test_iter38_v65" name="test_simulate_import_shape_and_fits" time="0.364" /><testcase classname="tests.test_iter38_v65" name="test_simulate_import_over_cap_fits_false" time="0.126" /><testcase classname="tests.test_iter38_v65" name="test_simulate_import_extra_bundle_cost" time="0.106" /><testcase classname="tests.test_iter38_v65" name="test_simulate_import_403_for_non_member" time="0.791" /><testcase classname="tests.test_iter38_v65" name="test_pdf_export_besm" time="0.629" /><testcase classname="tests.test_iter38_v65" name="test_pdf_export_anime5e" time="0.392"><skipped type="pytest.skip" message="No Anime 5E campaign with exportable sessions.">/app/backend/tests/test_iter38_v65.py:208: No Anime 5E campaign with exportable sessions.</skipped></testcase><testcase classname="tests.test_iter39_v66.TestCypherSuggest" name="test_returns_ranked_axes" time="0.557" /><testcase classname="tests.test_iter39_v66.TestCypherSuggest" name="test_400_on_non_cypher_campaign" time="0.121" /><testcase classname="tests.test_iter39_v66.TestCypherSuggest" name="test_403_for_non_member" time="0.812" /><testcase classname="tests.test_iter39_v66.TestAnime5eEncounterBudget" name="test_lvl5_hard_party4" time="0.104" /><testcase classname="tests.test_iter39_v66.TestAnime5eEncounterBudget" name="test_difficulty_enum[easy]" time="0.104" /><testcase classname="tests.test_iter39_v66.TestAnime5eEncounterBudget" name="test_difficulty_enum[medium]" time="0.114" /><testcase classname="tests.test_iter39_v66.TestAnime5eEncounterBudget" name="test_difficulty_enum[hard]" time="0.103" /><testcase classname="tests.test_iter39_v66.TestAnime5eEncounterBudget" name="test_difficulty_enum[deadly]" time="0.134" /><testcase classname="tests.test_iter39_v66.TestMobileCharacterPDF" name="test_export_pdf_for_each_system" time="31.800" /><testcase classname="tests.test_iter39_v66.TestMobileCharacterPDF" name="test_403_for_non_member" time="14.323" /><testcase classname="tests.test_iter39_v66.TestSpellAsPowerBundle" name="test_fireball_converts" time="0.107" /><testcase classname="tests.test_iter39_v66.TestSpellAsPowerBundle" name="test_unknown_slug_404" time="0.127" /><testcase classname="tests.test_iter40_v67.TestAnime5eSoftCapWarning" name="test_party8_warns_soft_cap" time="0.467" /><testcase classname="tests.test_iter40_v67.TestAnime5eSoftCapWarning" name="test_party4_no_warning" time="0.110" /><testcase classname="tests.test_iter40_v67.TestBesmEncounterBudget" name="test_happy_path_hard_party4" time="0.232" /><testcase classname="tests.test_iter40_v67.TestBesmEncounterBudget" name="test_soft_cap_warning_party8" time="0.115" /><testcase classname="tests.test_iter40_v67.TestBesmEncounterBudget" name="test_400_on_non_besm" time="0.108" /><testcase classname="tests.test_iter40_v67.TestBesmEncounterBudget" name="test_403_for_non_member" time="0.781" /><testcase classname="tests.test_iter40_v67.TestGenerateNPCSheet" name="test_besm_boss_block" time="0.228" /><testcase classname="tests.test_iter40_v67.TestGenerateNPCSheet" name="test_d5e_compatible_block[anime-5e]" time="0.242" /><testcase classname="tests.test_iter40_v67.TestGenerateNPCSheet" name="test_d5e_compatible_block[dnd-5e]" time="0.247" /><testcase classname="tests.test_iter40_v67.TestGenerateNPCSheet" name="test_cypher_block" time="0.224" /><testcase classname="tests.test_iter40_v67.TestGenerateNPCSheet" name="test_403_for_non_gm" time="0.961" /><testcase classname="tests.test_iter41_v68.TestCypherFuzzyKeywords" name="test_free_keywords_echoed" time="0.562" /><testcase classname="tests.test_iter41_v68.TestCypherFuzzyKeywords" name="test_keyword_match_annotation" time="7.323" /><testcase classname="tests.test_iter41_v68.TestCypherFuzzyKeywords" name="test_no_keywords_returns_empty_list" time="0.162" /><testcase classname="tests.test_iter41_v68.TestCypherFuzzyKeywords" name="test_substring_hint_match" time="0.114" /><testcase classname="tests.test_iter41_v68.TestNpcSaveOntoNode" name="test_default_save_false_does_not_persist" time="0.238" /><testcase classname="tests.test_iter41_v68.TestNpcSaveOntoNode" name="test_save_true_persists_stat_block_on_node" time="0.378" /><testcase classname="tests.test_iter41_v68.TestNpcSaveOntoNode" name="test_save_false_explicit_does_not_overwrite" time="0.231" /><testcase classname="tests.test_iter41_v68.TestNpcSaveOntoNode" name="test_save_403_for_non_gm" time="0.931" /></testsuite></testsuites>