<?xml version="1.0" encoding="utf-8"?><testsuites name="pytest tests"><testsuite name="pytest" errors="0" failures="0" skipped="0" tests="8" time="1.842" timestamp="2026-04-30T01:03:56.938257+00:00" hostname="agent-env-983ba008-be40-4716-87ca-c8d187e456bf"><testcase classname="backend.tests.test_iter33_v61.TestSeedEvereanthaSuite" name="test_player_forbidden" time="0.842" /><testcase classname="backend.tests.test_iter33_v61.TestSeedEvereanthaSuite" name="test_suite_idempotency_first_then_second" time="0.553" /><testcase classname="backend.tests.test_iter33_v61.TestSeedDemoIdempotency" name="test_seed_demo_skips_existing" time="0.107" /><testcase classname="backend.tests.test_iter33_v61.TestEvereanthaNodes" name="test_nodes_count_and_canon_names" time="0.060" /><testcase classname="backend.tests.test_iter33_v61.TestEvereanthaMotives" name="test_ecosystem_pulse_motives_have_new_authors" time="0.051" /><testcase classname="backend.tests.test_iter33_v61.TestEvereanthaMotives" name="test_lyra_luminar_motives_dropped_known_bug" time="0.049" /><testcase classname="backend.tests.test_iter33_v61.TestAnime5eReference" name="test_reference_abilities_and_rule_note" time="0.048" /><testcase classname="backend.tests.test_iter33_v61.TestAnime5eReference" name="test_classes_use_5e_abilities" time="0.047" /></testsuite></testsuites>