<?xml version="1.0" encoding="utf-8"?><testsuites name="pytest tests"><testsuite name="pytest" errors="0" failures="0" skipped="1" tests="5" time="2.182" timestamp="2026-05-01T02:07:07.708714+00:00" hostname="agent-env-983ba008-be40-4716-87ca-c8d187e456bf"><testcase classname="tests.test_iter42_v69.TestTimelineMarkers" name="test_list_empty_or_array" time="0.609" /><testcase classname="tests.test_iter42_v69.TestTimelineMarkers" name="test_create_marker_full_lifecycle" time="0.840" /><testcase classname="tests.test_iter42_v69.TestTimelineMarkers" name="test_invalid_session_rejected" time="0.119" /><testcase classname="tests.test_iter42_v69.TestCompanionSeats" name="test_assign_revoke_companion" time="0.290"><skipped type="pytest.skip" message="No non-owner members to assign">/app/backend/tests/test_iter42_v69.py:139: No non-owner members to assign</skipped></testcase><testcase classname="tests.test_iter42_v69.TestCompanionSeats" name="test_cannot_assign_owner_as_companion" time="0.262" /></testsuite></testsuites>