<?xml version="1.0" encoding="utf-8"?><testsuites name="pytest tests"><testsuite name="pytest" errors="0" failures="0" skipped="1" tests="62" time="19.199" timestamp="2026-04-30T23:36:47.567297+00:00" hostname="agent-env-983ba008-be40-4716-87ca-c8d187e456bf"><testcase classname="tests.test_iter39_v66.TestCypherSuggest" name="test_returns_ranked_axes" time="0.604" /><testcase classname="tests.test_iter39_v66.TestCypherSuggest" name="test_400_on_non_cypher_campaign" time="0.114" /><testcase classname="tests.test_iter39_v66.TestCypherSuggest" name="test_403_for_non_member" time="0.834" /><testcase classname="tests.test_iter39_v66.TestAnime5eEncounterBudget" name="test_lvl5_hard_party4" time="0.109" /><testcase classname="tests.test_iter39_v66.TestAnime5eEncounterBudget" name="test_difficulty_enum[easy]" time="0.142" /><testcase classname="tests.test_iter39_v66.TestAnime5eEncounterBudget" name="test_difficulty_enum[medium]" time="0.111" /><testcase classname="tests.test_iter39_v66.TestAnime5eEncounterBudget" name="test_difficulty_enum[hard]" time="0.123" /><testcase classname="tests.test_iter39_v66.TestAnime5eEncounterBudget" name="test_difficulty_enum[deadly]" time="0.110" /><testcase classname="tests.test_iter39_v66.TestMobileCharacterPDF" name="test_export_pdf_for_each_system" time="1.566" /><testcase classname="tests.test_iter39_v66.TestMobileCharacterPDF" name="test_403_for_non_member" time="1.927" /><testcase classname="tests.test_iter39_v66.TestSpellAsPowerBundle" name="test_fireball_converts" time="0.118" /><testcase classname="tests.test_iter39_v66.TestSpellAsPowerBundle" name="test_unknown_slug_404" time="0.114" /><testcase classname="tests.test_iter38_v65" name="test_spell_conversions_returns_62" time="0.462" /><testcase classname="tests.test_iter38_v65" name="test_spell_conversion_entry_shape" time="0.136" /><testcase classname="tests.test_iter38_v65" name="test_spell_conversion_max_level_zero_only_cantrips" time="0.135" /><testcase classname="tests.test_iter38_v65" name="test_spell_conversion_school_evocation_filter" time="0.115" /><testcase classname="tests.test_iter38_v65" name="test_power_bundle_templates_regression" time="0.120" /><testcase classname="tests.test_iter38_v65" name="test_simulate_import_shape_and_fits" time="0.342" /><testcase classname="tests.test_iter38_v65" name="test_simulate_import_over_cap_fits_false" time="0.112" /><testcase classname="tests.test_iter38_v65" name="test_simulate_import_extra_bundle_cost" time="0.117" /><testcase classname="tests.test_iter38_v65" name="test_simulate_import_403_for_non_member" time="0.837" /><testcase classname="tests.test_iter38_v65" name="test_pdf_export_besm" time="0.758" /><testcase classname="tests.test_iter38_v65" name="test_pdf_export_anime5e" time="0.427"><skipped type="pytest.skip" message="No Anime 5E campaign with exportable sessions.">/app/backend/tests/test_iter38_v65.py:208: No Anime 5E campaign with exportable sessions.</skipped></testcase><testcase classname="tests.test_iter37_v64_rules" name="test_enh_lim_value_shifts_effective_level" time="0.819" /><testcase classname="tests.test_iter37_v64_rules" name="test_out_of_range_modifier_warns" time="0.508" /><testcase classname="tests.test_iter37_v64_rules" name="test_power_pack_vs_bundle_distinct_in_breakdown" time="0.513" /><testcase classname="tests.test_iter37_v64_rules" name="test_anime5e_xp_to_cp_formulas[flat-1-58]" time="0.253" /><testcase classname="tests.test_iter37_v64_rules" name="test_anime5e_xp_to_cp_formulas[flat-5-90]" time="0.000" /><testcase classname="tests.test_iter37_v64_rules" name="test_anime5e_xp_to_cp_formulas[flat-10-130]" time="0.000" /><testcase classname="tests.test_iter37_v64_rules" name="test_anime5e_xp_to_cp_formulas[curve-1-50]" time="0.000" /><testcase classname="tests.test_iter37_v64_rules" name="test_anime5e_xp_to_cp_formulas[curve-5-90]" time="0.000" /><testcase classname="tests.test_iter37_v64_rules" name="test_anime5e_xp_to_cp_formulas[curve-6-112]" time="0.000" /><testcase classname="tests.test_iter37_v64_rules" name="test_anime5e_xp_to_cp_formulas[curve-10-160]" time="0.000" /><testcase classname="tests.test_iter37_v64_rules" name="test_anime5e_xp_to_cp_formulas[curve-11-205]" time="0.000" /><testcase classname="tests.test_iter37_v64_rules" name="test_anime5e_xp_to_cp_formulas[curve-20-340]" time="0.000" /><testcase classname="tests.test_iter37_v64_rules" name="test_anime5e_xp_curve_endpoint" time="0.257" /><testcase classname="tests.test_iter37_v64_rules" name="test_power_bundle_templates_filter" time="0.118" /><testcase classname="tests.test_iter37_v64_rules" name="test_dnd_level_bound" time="0.469" /><testcase classname="tests.test_iter37_v64_rules" name="test_cypher_tier_bound" time="0.487" /><testcase classname="tests.test_iter37_v64_rules" name="test_bundle_estimator_matches_validator_per_line" time="0.117" /><testcase classname="tests.test_iter37_v64_rules" name="test_house_rules_bypass_retained" time="0.923" /><testcase classname="tests.test_iter37_v64_rules" name="test_legacy_string_tags_default_to_plus_minus_one" time="0.468" /><testcase classname="tests.test_iter35_v62" name="test_regression_seed_suite_and_pulse" time="0.460" /><testcase classname="tests.test_iter35_v62" name="test_publish_delta_origin" time="0.065" /><testcase classname="tests.test_iter35_v62" name="test_list_deltas_origin_published_status" time="0.048" /><testcase classname="tests.test_iter35_v62" name="test_get_delta_full_bundle" time="0.055" /><testcase classname="tests.test_iter35_v62" name="test_non_gm_cannot_list_deltas" time="0.387" /><testcase classname="tests.test_iter35_v62" name="test_non_gm_cannot_publish_delta" time="0.057" /><testcase classname="tests.test_iter35_v62" name="test_clone_and_apply_delta" time="0.220" /><testcase classname="tests.test_iter35_v62" name="test_apply_idempotent" time="0.170" /><testcase classname="tests.test_iter35_v62" name="test_defer_delta" time="0.168" /><testcase classname="tests.test_iter35_v62" name="test_origin_apply_rejected_400" time="0.054" /><testcase classname="tests.test_iter35_v62" name="test_validate_character_besm" time="0.143" /><testcase classname="tests.test_iter35_v62" name="test_app_validate_stamps_approval" time="0.052" /><testcase classname="tests.test_iter35_v62" name="test_gm_approve_blocks_when_fails_no_house_rules" time="0.317" /><testcase classname="tests.test_iter35_v62" name="test_gm_approve_with_house_rules_succeeds" time="0.143" /><testcase classname="tests.test_iter35_v62" name="test_seat_character_409_when_unapproved" time="0.294" /><testcase classname="tests.test_iter34_v61_retest.TestFreshEvereanthaSuite" name="test_delete_existing_then_fresh_seed_has_9_motives" time="1.177" /><testcase classname="tests.test_iter34_v61_retest.TestFreshEvereanthaSuite" name="test_second_call_returns_skipped_existing_true" time="0.051" /><testcase classname="tests.test_iter34_v61_retest.TestPulseMotives" name="test_epic9_motives_include_all_5_canonical_npcs" time="0.053" /><testcase classname="tests.test_iter34_v61_retest.TestPulseMotives" name="test_total_motives_across_all_phases_at_least_9" time="0.707" /><testcase classname="tests.test_iter34_v61_retest.TestSeedDemoIdempotency" name="test_seed_demo_skips_existing_on_second_call" time="0.109" /></testsuite></testsuites>