<?xml version="1.0" encoding="utf-8"?><testsuites name="pytest tests"><testsuite name="pytest" errors="0" failures="0" skipped="0" tests="18" time="2.747" timestamp="2026-05-03T02:40:19.586122+00:00" hostname="agent-env-983ba008-be40-4716-87ca-c8d187e456bf"><testcase classname="tests.test_iter55_v621.TestAnime5eRaces" name="test_races_count_and_rules_note" time="0.479" /><testcase classname="tests.test_iter55_v621.TestAnime5eRaces" name="test_tier_table_uses_name_caps_shape" time="0.046" /><testcase classname="tests.test_iter55_v621.TestBudgetBreakdown" name="test_breakdown_shape_and_raw_math" time="0.105" /><testcase classname="tests.test_iter55_v621.TestRecomputeFormula" name="test_recompute_each_formula[raw-84]" time="0.155" /><testcase classname="tests.test_iter55_v621.TestRecomputeFormula" name="test_recompute_each_formula[flat-80]" time="0.144" /><testcase classname="tests.test_iter55_v621.TestRecomputeFormula" name="test_recompute_each_formula[curve-88]" time="0.145" /><testcase classname="tests.test_iter55_v621.TestRecomputeFormula" name="test_recompute_each_formula[tier-20]" time="0.146" /><testcase classname="tests.test_iter55_v621.TestRecomputeFormula" name="test_recompute_rejects_dnd_campaign_character" time="0.144" /><testcase classname="tests.test_iter55_v621.TestCampaignFlags" name="test_set_consent_required_true_then_false" time="0.239" /><testcase classname="tests.test_iter55_v621.TestCampaignFlags" name="test_anime5e_xp_formula_persists" time="0.140" /><testcase classname="tests.test_iter55_v621.TestConsentFlow" name="test_gm_can_post_consent" time="0.049" /><testcase classname="tests.test_iter55_v621.TestConsentFlow" name="test_gm_get_consent" time="0.046" /><testcase classname="tests.test_iter55_v621.TestConsentFlow" name="test_consent_roll_gm_only" time="0.493" /><testcase classname="tests.test_iter55_v621.TestConsentFlow" name="test_non_seated_player_post_consent_403" time="0.058" /><testcase classname="tests.test_iter55_v621.TestConsentFlow" name="test_delete_consent" time="0.054" /><testcase classname="tests.test_iter55_v621.TestSeatApplications" name="test_player_post_application" time="0.061" /><testcase classname="tests.test_iter55_v621.TestSeatApplications" name="test_gm_lists_applications" time="0.048" /><testcase classname="tests.test_iter55_v621.TestSeatApplications" name="test_player_cannot_list_applications" time="0.105" /></testsuite></testsuites>