<?xml version="1.0" encoding="utf-8"?><testsuites name="pytest tests"><testsuite name="pytest" errors="0" failures="0" skipped="0" tests="12" time="3.391" timestamp="2026-04-26T18:43:48.573923+00:00" hostname="agent-env-983ba008-be40-4716-87ca-c8d187e456bf"><testcase classname="backend.tests.test_iter15_v44.TestEvereanthaChronicle" name="test_reset_seeds_8_sessions" time="0.728" /><testcase classname="backend.tests.test_iter15_v44.TestEvereanthaChronicle" name="test_sessions_listed_in_order" time="0.184" /><testcase classname="backend.tests.test_iter15_v44.TestEvereanthaChronicle" name="test_session2_contains_nyaulis_line" time="0.291" /><testcase classname="backend.tests.test_iter15_v44.TestEvereanthaChronicle" name="test_session8_cliffhanger" time="0.235" /><testcase classname="backend.tests.test_iter15_v44.TestKnowledgeFields" name="test_aurea_node_has_fields" time="0.111" /><testcase classname="backend.tests.test_iter15_v44.TestMapUpload" name="test_admin_can_upload_png" time="0.288" /><testcase classname="backend.tests.test_iter15_v44.TestMapUpload" name="test_player_role_403" time="0.460" /><testcase classname="backend.tests.test_iter15_v44.TestMapUpload" name="test_wrong_content_type_400" time="0.108" /><testcase classname="backend.tests.test_iter15_v44.TestMapUpload" name="test_oversize_413" time="0.564" /><testcase classname="backend.tests.test_iter15_v44.TestMapUpload" name="test_unauthenticated_401" time="0.120" /><testcase classname="backend.tests.test_iter15_v44.TestV43Regression" name="test_login_returns_admin_role" time="0.112" /><testcase classname="backend.tests.test_iter15_v44.TestV43Regression" name="test_campaign_list_visible" time="0.108" /></testsuite></testsuites>