<?xml version="1.0" encoding="utf-8"?><testsuites name="pytest tests"><testsuite name="pytest" errors="0" failures="0" skipped="0" tests="46" time="25.715" timestamp="2026-04-25T22:38:04.164762+00:00" hostname="agent-env-983ba008-be40-4716-87ca-c8d187e456bf"><testcase classname="tests.test_refactor_iter11.TestHealthAndOpenAPI" name="test_health" time="0.243" /><testcase classname="tests.test_refactor_iter11.TestHealthAndOpenAPI" name="test_openapi_has_8_tags_57_ops" time="0.026" /><testcase classname="tests.test_refactor_iter11.TestAuth" name="test_register_player_role" time="0.336" /><testcase classname="tests.test_refactor_iter11.TestAuth" name="test_register_gm_role" time="0.339" /><testcase classname="tests.test_refactor_iter11.TestAuth" name="test_register_duplicate_400" time="0.115" /><testcase classname="tests.test_refactor_iter11.TestAuth" name="test_login_success_and_me" time="0.441" /><testcase classname="tests.test_refactor_iter11.TestAuth" name="test_login_bad_credentials_401" time="0.128" /><testcase classname="tests.test_refactor_iter11.TestAuth" name="test_brute_force_lock_kicks_in" time="1.340" /><testcase classname="tests.test_refactor_iter11.TestAuth" name="test_logout" time="0.101" /><testcase classname="tests.test_refactor_iter11.TestAuth" name="test_forgot_password_always_200" time="0.470" /><testcase classname="tests.test_refactor_iter11.TestAuth" name="test_reset_password_invalid_token_400" time="0.200" /><testcase classname="tests.test_refactor_iter11.TestReference" name="test_besm_reference_shape" time="0.150" /><testcase classname="tests.test_refactor_iter11.TestReference" name="test_systems_default_besm_4e_and_count" time="0.120" /><testcase classname="tests.test_refactor_iter11.TestCampaigns" name="test_player_cannot_create_campaign_403" time="0.444" /><testcase classname="tests.test_refactor_iter11.TestCampaigns" name="test_gm_create_get_update_invite_delete" time="0.809" /><testcase classname="tests.test_refactor_iter11.TestCampaigns" name="test_invite_accept_and_leave" time="0.575" /><testcase classname="tests.test_refactor_iter11.TestCustomAndGenesis" name="test_custom_rule_post_get_delete_gm_only" time="0.596" /><testcase classname="tests.test_refactor_iter11.TestCustomAndGenesis" name="test_genesis_get_put_seed_nodes" time="0.479" /><testcase classname="tests.test_refactor_iter11.TestCharacters" name="test_list_characters_in_seed_camp" time="0.153" /><testcase classname="tests.test_refactor_iter11.TestCharacters" name="test_player_cannot_create_char_in_camp_they_arent_in" time="0.350" /><testcase classname="tests.test_refactor_iter11.TestSeed" name="test_seed_evereantha_gm_only" time="0.364" /><testcase classname="tests.test_refactor_iter11.TestKnowledgeWeb" name="test_list_nodes" time="0.248" /><testcase classname="tests.test_refactor_iter11.TestKnowledgeWeb" name="test_reveal_node_gm_only" time="0.404" /><testcase classname="tests.test_refactor_iter11.TestKnowledgeWeb" name="test_create_edge_and_list" time="0.574" /><testcase classname="tests.test_refactor_iter11.TestSessionRoom" name="test_get_session" time="0.119" /><testcase classname="tests.test_refactor_iter11.TestSessionRoom" name="test_list_sessions_for_camp" time="0.113" /><testcase classname="tests.test_refactor_iter11.TestSessionRoom" name="test_chat_post_and_list" time="0.234" /><testcase classname="tests.test_refactor_iter11.TestSessionRoom" name="test_dice_roll_basic" time="0.216" /><testcase classname="tests.test_refactor_iter11.TestSessionRoom" name="test_dice_against_target" time="0.109" /><testcase classname="tests.test_refactor_iter11.TestInitiativeAndEffects" name="test_initiative_post_list_delete" time="0.563" /><testcase classname="tests.test_refactor_iter11.TestInitiativeAndEffects" name="test_effects_lifecycle_and_round_advance" time="0.347" /><testcase classname="tests.test_refactor_iter11.TestInitiativeAndEffects" name="test_damage_broadcast" time="0.099" /><testcase classname="tests.test_refactor_iter11.TestRecap" name="test_recap_returns_recap_or_503" time="11.214" /><testcase classname="tests.test_refactor_iter11.TestRecap" name="test_list_recaps" time="0.136" /><testcase classname="tests.test_refactor_iter11.TestWebSocketAuth" name="test_ws_4401_invalid_token" time="0.154" /><testcase classname="tests.test_refactor_iter11.TestWebSocketAuth" name="test_ws_token_valid_presence_room" time="0.241" /><testcase classname="tests.test_iter10_v38.TestJournalOwnerHappyPath" name="test_owner_can_journal_with_session" time="0.743" /><testcase classname="tests.test_iter10_v38.TestJournalOwnerHappyPath" name="test_get_character_returns_journal_array" time="0.119" /><testcase classname="tests.test_iter10_v38.TestJournalOwnerHappyPath" name="test_journal_chat_line_was_broadcast" time="0.117" /><testcase classname="tests.test_iter10_v38.TestJournalAccessControl" name="test_non_owner_non_gm_player_gets_403" time="0.443" /><testcase classname="tests.test_iter10_v38.TestJournalAccessControl" name="test_gm_can_journal_as_any_character_in_their_campaign" time="0.107" /><testcase classname="tests.test_iter10_v38.TestJournalValidation" name="test_empty_text_returns_422" time="0.111" /><testcase classname="tests.test_iter10_v38.TestJournalValidation" name="test_text_over_2000_returns_422" time="0.106" /><testcase classname="tests.test_iter10_v38.TestJournalValidation" name="test_bad_character_id_returns_404" time="0.114" /><testcase classname="tests.test_iter10_v38.TestJournalValidation" name="test_session_id_from_other_campaign_does_not_echo" time="0.881" /><testcase classname="tests.test_iter10_v38.TestJournalLegacyCoercion" name="test_string_journal_is_coerced_to_array" time="0.244" /></testsuite></testsuites>