<?xml version="1.0" encoding="utf-8"?><testsuites name="pytest tests"><testsuite name="pytest" errors="0" failures="0" skipped="0" tests="5" time="0.557" timestamp="2026-04-29T21:43:06.462594+00:00" hostname="agent-env-983ba008-be40-4716-87ca-c8d187e456bf"><testcase classname="backend.tests.test_iter28_v552.TestLedgerAccess" name="test_unauthenticated_returns_401" time="0.236" /><testcase classname="backend.tests.test_iter28_v552.TestLedgerAccess" name="test_non_gm_returns_403" time="0.227" /><testcase classname="backend.tests.test_iter28_v552.TestLedgerAccess" name="test_missing_campaign_returns_404" time="0.003" /><testcase classname="backend.tests.test_iter28_v552.TestLedgerShape" name="test_ledger_shape" time="0.003" /><testcase classname="backend.tests.test_iter28_v552.TestLedgerAwardAndConvert" name="test_award_then_convert_appears_in_ledger" time="0.021" /></testsuite></testsuites>