<?xml version="1.0" encoding="utf-8"?><testsuites name="pytest tests"><testsuite name="pytest" errors="0" failures="0" skipped="1" tests="9" time="2.657" timestamp="2026-05-01T11:03:49.186065+00:00" hostname="agent-env-983ba008-be40-4716-87ca-c8d187e456bf"><testcase classname="backend.tests.test_iter46_v613.TestCanonRegistry" name="test_public_endpoint_no_auth" time="0.245" /><testcase classname="backend.tests.test_iter46_v613.TestCanonRegistry" name="test_full_publish_subscribe_lifecycle" time="1.372" /><testcase classname="backend.tests.test_iter46_v613.TestCanonRegistry" name="test_subscribe_fails_when_not_published" time="0.234" /><testcase classname="backend.tests.test_iter46_v613.TestCanonRegistry" name="test_non_gm_cannot_publish" time="0.112" /><testcase classname="backend.tests.test_iter46_v613.TestGlobalSearch" name="test_empty_query_returns_empty" time="0.126" /><testcase classname="backend.tests.test_iter46_v613.TestGlobalSearch" name="test_short_query_returns_empty" time="0.104" /><testcase classname="backend.tests.test_iter46_v613.TestGlobalSearch" name="test_substring_search_finds_results" time="0.102" /><testcase classname="backend.tests.test_iter46_v613.TestGlobalSearch" name="test_requires_auth" time="0.182" /><testcase classname="backend.tests.test_iter46_v613.TestPortraitInPDF" name="test_pdf_renders_after_portrait_upload" time="0.110"><skipped type="pytest.skip" message="No characters to attach a portrait to">/app/backend/tests/test_iter46_v613.py:146: No characters to attach a portrait to</skipped></testcase></testsuite></testsuites>