<?xml version="1.0" encoding="utf-8"?><testsuites name="pytest tests"><testsuite name="pytest" errors="0" failures="0" skipped="0" tests="28" time="2.712" timestamp="2026-05-07T01:54:50.373264+00:00" hostname="agent-env-983ba008-be40-4716-87ca-c8d187e456bf"><testcase classname="tests.test_v62510_apocophea_bag" name="test_besm_reference_exposes_item_specific_pools" time="0.236" /><testcase classname="tests.test_v62510_apocophea_bag" name="test_apocophea_bag_assigns_to_eli_and_macro_resolves" time="0.029" /><testcase classname="tests.test_v62510_apocophea_bag" name="test_apocophea_materials_can_be_seeded_as_codex_nodes" time="0.028" /><testcase classname="tests.test_v6259_macro_grammar" name="test_attr_token_resolves_effective_level" time="0.248" /><testcase classname="tests.test_v6259_macro_grammar" name="test_def_and_derived_tokens" time="0.026" /><testcase classname="tests.test_v6259_macro_grammar" name="test_stat_token_body" time="0.025" /><testcase classname="tests.test_v6259_macro_grammar" name="test_legacy_scalar_tokens_still_resolve" time="0.023" /><testcase classname="tests.test_v6259_macro_grammar" name="test_unknown_token_collapses_to_zero" time="0.023" /><testcase classname="tests.test_v6258_mod_rank" name="test_attribute_with_rank_mods_round_trips" time="0.239" /><testcase classname="tests.test_v6258_mod_rank" name="test_legacy_string_mods_still_load" time="0.015" /><testcase classname="tests.test_v6258_mod_rank" name="test_genesis_archive_endpoint_returns_list" time="0.009" /><testcase classname="tests.test_v6258_genesis_403" name="test_genesis_archives_gm_200" time="0.233" /><testcase classname="tests.test_v6258_genesis_403" name="test_genesis_archives_non_gm_403" time="0.232" /><testcase classname="tests.test_v6257_macros_hk2" name="test_macro_crud_user_scope" time="0.244" /><testcase classname="tests.test_v6257_macros_hk2" name="test_macro_invalid_name_400" time="0.009" /><testcase classname="tests.test_v6257_macros_hk2" name="test_macro_chat_expands_tokens_and_modifier" time="0.023" /><testcase classname="tests.test_v6257_macros_hk2" name="test_macro_unknown_renders_miss" time="0.013" /><testcase classname="tests.test_v6257_macros_hk2" name="test_cast_deducts_spell_slot_and_undoes" time="0.032" /><testcase classname="tests.test_v6257_macros_hk2" name="test_cast_no_slots_doesnt_deduct" time="0.025" /><testcase classname="tests.test_v6257_macros_hk2" name="test_use_bundle_deducts_charge_and_ep" time="0.021" /><testcase classname="tests.test_v6257_macros_hk2" name="test_genesis_archive_round_trip" time="0.529" /><testcase classname="tests.test_v6257_macros_hk2" name="test_custom_rule_color_round_trip" time="0.011" /><testcase classname="tests.test_v6256_chat_hotkeys" name="test_cast_resolves_a_known_spell" time="0.238" /><testcase classname="tests.test_v6256_chat_hotkeys" name="test_cast_unknown_spell_renders_miss" time="0.012" /><testcase classname="tests.test_v6256_chat_hotkeys" name="test_use_bundle_resolves_power_bundle" time="0.014" /><testcase classname="tests.test_v6256_chat_hotkeys" name="test_spend_xp_queues_a_proposal" time="0.029" /><testcase classname="tests.test_v6256_chat_hotkeys" name="test_spend_xp_blocked_when_marketplace_disabled" time="0.033" /><testcase classname="tests.test_v6256_chat_hotkeys" name="test_spend_xp_insufficient_balance_error" time="0.023" /></testsuite></testsuites>