<?xml version="1.0" encoding="utf-8"?><testsuites name="pytest tests"><testsuite name="pytest" errors="0" failures="0" skipped="0" tests="50" time="8.318" timestamp="2026-05-01T21:53:47.078079+00:00" hostname="agent-env-983ba008-be40-4716-87ca-c8d187e456bf"><testcase classname="tests.test_iter49_v616_api.TestConverterEndpointPermissions" name="test_player_role_gets_403_on_content_convert" time="0.550" /><testcase classname="tests.test_iter49_v616_api.TestConverterEndpointPermissions" name="test_player_role_gets_403_on_character_convert" time="0.111" /><testcase classname="tests.test_iter49_v616_api.TestConverterEndpointPermissions" name="test_gm_unknown_target_system_rejected" time="0.464" /><testcase classname="tests.test_iter49_v616_api.TestConverterEndpointPermissions" name="test_gm_missing_content_rejected" time="0.113" /><testcase classname="tests.test_iter49_v616_api.TestConverterEndpointPermissions" name="test_gm_convert_character_unknown_source_returns_404_or_400" time="0.102" /><testcase classname="tests.test_iter49_v616_api.TestEliCharacterShapes" name="test_cypher_eli_has_cypher_state" time="0.122" /><testcase classname="tests.test_iter49_v616_api.TestEliCharacterShapes" name="test_dnd_eli_has_dnd_state" time="0.112" /><testcase classname="tests.test_iter49_v616_api.TestEliCharacterShapes" name="test_anime5e_eli_has_anime5e_state" time="0.114" /><testcase classname="tests.test_iter49_v616_api.TestEliCharacterShapes" name="test_besm_eli_baseline" time="0.136" /><testcase classname="tests.test_iter49_v616_api.TestAuroraAccess" name="test_aurora_owns_all_four_eli" time="0.463" /><testcase classname="tests.test_iter49_v616_api.TestAuroraAccess" name="test_aurora_sees_four_evereantha_campaigns" time="0.132" /><testcase classname="tests.test_iter49_v616_api.TestIngestSize" name="test_ingest_accepts_large_payload" time="5.545" /><testcase classname="tests.test_iter49_v616_converter.TestSystemValidation" name="test_all_four_systems_supported" time="0.000" /><testcase classname="tests.test_iter49_v616_converter.TestSystemValidation" name="test_target_shape_hint_mentions_canonical_fields" time="0.000" /><testcase classname="tests.test_iter49_v616_converter.TestSystemValidation" name="test_validate_rejects_unknown_systems" time="0.000" /><testcase classname="tests.test_iter49_v616_converter.TestSystemValidation" name="test_validate_accepts_all_supported_pairs" time="0.000" /><testcase classname="tests.test_iter49_v616_converter.TestCoercion" name="test_strings_become_dicts" time="0.000" /><testcase classname="tests.test_iter49_v616_converter.TestCoercion" name="test_dicts_pass_through" time="0.000" /><testcase classname="tests.test_iter49_v616_converter.TestCoercion" name="test_mixed_input_is_normalised" time="0.000" /><testcase classname="tests.test_iter49_v616_converter.TestCoercion" name="test_none_input_returns_empty_list" time="0.000" /><testcase classname="tests.test_iter49_v616_converter.TestMaterialiseCharacter" name="test_cypher_state_extracted_from_top_level" time="0.001" /><testcase classname="tests.test_iter49_v616_converter.TestMaterialiseCharacter" name="test_cypher_state_extracted_from_wrapped" time="0.001" /><testcase classname="tests.test_iter49_v616_converter.TestMaterialiseCharacter" name="test_dnd_state_extracted_from_top_level" time="0.001" /><testcase classname="tests.test_iter49_v616_converter.TestMaterialiseCharacter" name="test_anime5e_keeps_tristat_shape" time="0.001" /><testcase classname="tests.test_iter49_v616_converter.TestMaterialiseCharacter" name="test_string_skills_dont_crash_cost_engine" time="0.000" /><testcase classname="tests.test_iter49_v616_converter.TestMaterialiseCharacter" name="test_folio_journal_is_carried_when_keep_folio" time="0.000" /><testcase classname="tests.test_iter49_v616_converter.TestMaterialiseCharacter" name="test_converted_from_breadcrumb" time="0.000" /><testcase classname="tests.test_iter49_v616_converter.TestMaterialiseCharacter" name="test_owner_passthrough" time="0.000" /><testcase classname="tests.test_iter48_v615_cr_parity.TestEnvironmentalLeversParity" name="test_dnd_env_levers" time="0.000" /><testcase classname="tests.test_iter48_v615_cr_parity.TestEnvironmentalLeversParity" name="test_cypher_env_levers" time="0.000" /><testcase classname="tests.test_iter48_v615_cr_parity.TestEnvironmentalLeversParity" name="test_besm_env_levers" time="0.000" /><testcase classname="tests.test_iter48_v615_cr_parity.TestRoleMixParity" name="test_dnd_all_minions_no_leader_nudges" time="0.000" /><testcase classname="tests.test_iter48_v615_cr_parity.TestRoleMixParity" name="test_cypher_solo_boss_action_economy" time="0.000" /><testcase classname="tests.test_iter48_v615_cr_parity.TestRoleMixParity" name="test_besm_leaders_only_missing_minions" time="0.000" /><testcase classname="tests.test_iter48_v615_cr_parity.TestPartySpreadParity" name="test_dnd_party_level_spread" time="0.000" /><testcase classname="tests.test_iter48_v615_cr_parity.TestPartySpreadParity" name="test_cypher_tier_spread" time="0.000" /><testcase classname="tests.test_iter48_v615_cr_parity.TestPartySpreadParity" name="test_besm_cp_spread" time="0.000" /><testcase classname="tests.test_iter48_v615_cr_parity.TestTuneToTargetParity" name="test_dnd_deadly_produces_tune_delta" time="0.000" /><testcase classname="tests.test_iter48_v615_cr_parity.TestTuneToTargetParity" name="test_dnd_pushover_produces_tune_delta" time="0.000" /><testcase classname="tests.test_iter48_v615_cr_parity.TestTuneToTargetParity" name="test_cypher_punishing_produces_tune_delta" time="0.000" /><testcase classname="tests.test_iter48_v615_cr_parity.TestTuneToTargetParity" name="test_besm_punishing_produces_tune_delta" time="0.000" /><testcase classname="tests.test_iter48_v615_cr_parity.TestBackwardCompat" name="test_cypher_empty_npcs_still_pushover" time="0.000" /><testcase classname="tests.test_iter48_v615_cr_parity.TestBackwardCompat" name="test_cypher_empty_party_still_unknown" time="0.000" /><testcase classname="tests.test_iter48_v615_cr_parity.TestBackwardCompat" name="test_dnd_empty_party_still_unknown" time="0.000" /><testcase classname="tests.test_iter48_v615_cr_parity.TestBackwardCompat" name="test_besm_zero_party_still_unknown" time="0.000" /><testcase classname="tests.test_iter48_v615_cr_parity.TestBackwardCompat" name="test_anime5e_dispatch_routes_to_dnd_when_cr_set" time="0.000" /><testcase classname="tests.test_iter48_v615_cr_parity.TestBackwardCompat" name="test_anime5e_dispatch_routes_to_besm_when_no_cr" time="0.000" /><testcase classname="tests.test_iter48_v615_cr_parity.TestSuggestionCountParity" name="test_dnd_parity_count" time="0.000" /><testcase classname="tests.test_iter48_v615_cr_parity.TestSuggestionCountParity" name="test_cypher_parity_count" time="0.000" /><testcase classname="tests.test_iter48_v615_cr_parity.TestSuggestionCountParity" name="test_besm_parity_count" time="0.000" /></testsuite></testsuites>