<?xml version="1.0" encoding="utf-8"?><testsuites name="pytest tests"><testsuite name="pytest" errors="0" failures="0" skipped="0" tests="32" time="105.108" timestamp="2026-05-13T21:49:31.499021+00:00" hostname="agent-env-983ba008-be40-4716-87ca-c8d187e456bf"><testcase classname="tests.test_v62536_voice_admin_macros.TestSuperAdminSeed" name="test_admin_login" time="0.539" /><testcase classname="tests.test_v62536_voice_admin_macros.TestVoiceLines" name="test_create_voice_line_synthetic" time="7.220" /><testcase classname="tests.test_v62536_voice_admin_macros.TestVoiceLines" name="test_empty_body_400" time="0.129" /><testcase classname="tests.test_v62536_voice_admin_macros.TestVoiceLines" name="test_bogus_mime_415" time="0.122" /><testcase classname="tests.test_v62536_voice_admin_macros.TestVoiceLines" name="test_oversize_413" time="0.629" /><testcase classname="tests.test_v62536_voice_admin_macros.TestVoiceLines" name="test_list_voice_lines" time="0.121" /><testcase classname="tests.test_v62536_voice_admin_macros.TestVoiceLines" name="test_patch_text_as_gm" time="0.111" /><testcase classname="tests.test_v62536_voice_admin_macros.TestVoiceLines" name="test_delete_as_gm" time="0.116" /><testcase classname="tests.test_v62536_voice_admin_macros.TestMacroResolver" name="test_cypher_tokens" time="0.244" /><testcase classname="tests.test_v62536_voice_admin_macros.TestMacroResolver" name="test_anime5e_point_buys" time="0.000" /><testcase classname="tests.test_v62546_writer_tools" name="test_atlas_map_and_pin_lifecycle" time="1.277" /><testcase classname="tests.test_v62546_writer_tools" name="test_magic_system_crud" time="0.988" /><testcase classname="tests.test_v62546_writer_tools" name="test_manuscript_tree_crud" time="1.768" /><testcase classname="tests.test_v62547_writer_tools_remainder" name="test_cultures_crud_and_strict_fields" time="1.279" /><testcase classname="tests.test_v62547_writer_tools_remainder" name="test_cosmology_kind_enum_and_grouping" time="1.597" /><testcase classname="tests.test_v62547_writer_tools_remainder" name="test_pov_bibles_full_field_roundtrip" time="1.213" /><testcase classname="tests.test_v62547_writer_tools_remainder" name="test_themes_motifs_kind_enum" time="1.274" /><testcase classname="tests.test_v62548_battlemap_sidebar" name="test_token_new_fields_roundtrip" time="1.059" /><testcase classname="tests.test_v62548_battlemap_sidebar" name="test_vitals_endpoint_no_pcs" time="0.820" /><testcase classname="tests.test_v62548_battlemap_sidebar" name="test_vitals_with_linked_character" time="1.016" /><testcase classname="tests.test_v62549_conditions_patch_stats" name="test_besm_reference_has_conditions" time="0.137" /><testcase classname="tests.test_v62549_conditions_patch_stats" name="test_all_systems_have_conditions" time="0.493" /><testcase classname="tests.test_v62549_conditions_patch_stats" name="test_anime5e_keeps_genre_conditions" time="0.127" /><testcase classname="tests.test_v62549_conditions_patch_stats" name="test_cypher_has_damage_track" time="0.116" /><testcase classname="tests.test_v62549_conditions_patch_stats" name="test_patch_token_partial_update" time="1.335" /><testcase classname="tests.test_v62549_conditions_patch_stats" name="test_patch_token_lock_blocks_player_move" time="31.052" /><testcase classname="tests.test_v62549_conditions_patch_stats" name="test_public_stats_deeper_fields" time="2.208" /><testcase classname="tests.test_v62549_conditions_patch_stats" name="test_activity_pulse_returns_seven_days" time="0.119" /><testcase classname="tests.test_v62550_vitals_push_and_recap" name="test_vitals_helper_handles_missing_hp" time="34.321" /><testcase classname="tests.test_v62550_vitals_push_and_recap" name="test_recap_auto_vitals_shape" time="11.497" /><testcase classname="tests.test_v62550_vitals_push_and_recap" name="test_recap_auto_vitals_empty_when_no_pcs" time="0.793" /><testcase classname="tests.test_v62550_vitals_push_and_recap" name="test_recap_auto_vitals_includes_active_status" time="1.280" /></testsuite></testsuites>