<?xml version="1.0" encoding="utf-8"?><testsuites name="pytest tests"><testsuite name="pytest" errors="0" failures="0" skipped="0" tests="34" time="63.141" timestamp="2026-05-08T23:06:30.646623+00:00" hostname="agent-env-983ba008-be40-4716-87ca-c8d187e456bf"><testcase classname="tests.test_v62525_flavor_converter_lib_codex" name="test_flavors_full_listing" time="0.181" /><testcase classname="tests.test_v62525_flavor_converter_lib_codex" name="test_flavors_genre_filter" time="0.144" /><testcase classname="tests.test_v62525_flavor_converter_lib_codex" name="test_flavors_substitutions_present" time="0.110" /><testcase classname="tests.test_v62525_flavor_converter_lib_codex" name="test_reference_includes_flavors" time="0.168" /><testcase classname="tests.test_v62525_flavor_converter_lib_codex" name="test_converter_warrior_default" time="0.134" /><testcase classname="tests.test_v62525_flavor_converter_lib_codex" name="test_converter_adept_tier3_with_focus" time="0.112" /><testcase classname="tests.test_v62525_flavor_converter_lib_codex" name="test_converter_unknown_falls_back_to_warrior" time="0.208" /><testcase classname="tests.test_v62525_flavor_converter_lib_codex" name="test_reference_library_requires_system_id" time="0.470" /><testcase classname="tests.test_v62525_flavor_converter_lib_codex" name="test_reference_library_aggregates_for_system" time="0.960" /><testcase classname="tests.test_v62525_flavor_converter_lib_codex" name="test_codex_pdf_export_requires_shared_nodes" time="0.712" /><testcase classname="tests.test_v62525_flavor_converter_lib_codex" name="test_codex_pdf_export_emits_pdf" time="0.869" /><testcase classname="tests.test_v62525_roll_tables" name="test_rarity_tiers_static_metadata" time="0.139" /><testcase classname="tests.test_v62525_roll_tables" name="test_create_table_with_reference_entry" time="1.011" /><testcase classname="tests.test_v62525_roll_tables" name="test_silent_freetext_is_rejected" time="0.420" /><testcase classname="tests.test_v62525_roll_tables" name="test_two_sources_rejected" time="0.602" /><testcase classname="tests.test_v62525_roll_tables" name="test_rarity_gate_auto_snaps_up" time="0.404" /><testcase classname="tests.test_v62525_roll_tables" name="test_roll_below_gate_returns_403" time="0.448" /><testcase classname="tests.test_v62525_roll_tables" name="test_roll_at_gate_returns_pick" time="0.730" /><testcase classname="tests.test_v62525_roll_tables" name="test_unknown_reference_id_rejected" time="0.356" /><testcase classname="tests.test_v62525_roll_tables" name="test_player_cannot_create_table" time="0.728" /><testcase classname="tests.test_v62525_roll_tables" name="test_list_and_delete_round_trip" time="0.907" /><testcase classname="tests.test_v62526_materials_encounters" name="test_materials_three_tier_chain" time="1.013" /><testcase classname="tests.test_v62526_materials_encounters" name="test_materials_unknown_ingredient_rejected" time="0.366" /><testcase classname="tests.test_v62526_materials_encounters" name="test_materials_codex_mirror_when_ticked" time="0.492" /><testcase classname="tests.test_v62526_materials_encounters" name="test_materials_filter_by_tier" time="0.611" /><testcase classname="tests.test_v62526_materials_encounters" name="test_roll_table_material_source" time="0.648" /><testcase classname="tests.test_v62526_materials_encounters" name="test_encounter_create_run_complete_flow" time="0.667" /><testcase classname="tests.test_v62526_materials_encounters" name="test_encounter_clone_as_template" time="0.516" /><testcase classname="tests.test_v62526_materials_encounters" name="test_encounter_filter_by_status" time="0.752" /><testcase classname="tests.test_v62526_materials_encounters" name="test_encounter_player_cannot_create" time="0.491" /><testcase classname="tests.test_v62526_marketplace_pdf" name="test_marketplace_share_requires_attestation" time="1.177" /><testcase classname="tests.test_v62526_marketplace_pdf" name="test_marketplace_share_paywall_requires_price" time="0.764" /><testcase classname="tests.test_v62526_marketplace_pdf" name="test_marketplace_share_success_then_duplicate_409" time="37.156" /><testcase classname="tests.test_v62526_marketplace_pdf" name="test_pdf_export_returns_valid_stream" time="8.576" /></testsuite></testsuites>