<?xml version="1.0" encoding="utf-8"?><testsuites name="pytest tests"><testsuite name="pytest" errors="0" failures="0" skipped="0" tests="5" time="5.382" timestamp="2026-05-09T01:14:16.392666+00:00" hostname="agent-env-983ba008-be40-4716-87ca-c8d187e456bf"><testcase classname="tests.test_v62529_encounter_propagation" name="test_entities_endpoint_returns_npc_nodes" time="1.058" /><testcase classname="tests.test_v62529_encounter_propagation" name="test_complete_encounter_vigilizes_npc_and_tallies_kills" time="1.432" /><testcase classname="tests.test_v62529_encounter_propagation" name="test_complete_encounter_legacy_query_param_still_works" time="0.795" /><testcase classname="tests.test_v62529_encounter_propagation" name="test_kill_tally_resolves_character_names" time="1.108" /><testcase classname="tests.test_v62529_encounter_propagation" name="test_entities_includes_deceased_filter" time="0.931" /></testsuite></testsuites>