<?xml version="1.0" encoding="utf-8"?><testsuites name="pytest tests"><testsuite name="pytest" errors="0" failures="0" skipped="0" tests="4" time="4.917" timestamp="2026-05-13T21:24:54.830017+00:00" hostname="agent-env-983ba008-be40-4716-87ca-c8d187e456bf"><testcase classname="backend.tests.test_v62550_vitals_push_and_recap" name="test_vitals_helper_handles_missing_hp" time="1.162" /><testcase classname="backend.tests.test_v62550_vitals_push_and_recap" name="test_recap_auto_vitals_shape" time="1.466" /><testcase classname="backend.tests.test_v62550_vitals_push_and_recap" name="test_recap_auto_vitals_empty_when_no_pcs" time="0.856" /><testcase classname="backend.tests.test_v62550_vitals_push_and_recap" name="test_recap_auto_vitals_includes_active_status" time="1.367" /></testsuite></testsuites>