<?xml version="1.0" encoding="utf-8"?><testsuites name="pytest tests"><testsuite name="pytest" errors="0" failures="0" skipped="0" tests="3" time="0.688" timestamp="2026-05-14T13:53:06.889090+00:00" hostname="agent-env-983ba008-be40-4716-87ca-c8d187e456bf"><testcase classname="backend.tests.test_v62552_template_picker_contract" name="test_besm_reference_race_templates_contract" time="0.271" /><testcase classname="backend.tests.test_v62552_template_picker_contract" name="test_besm_reference_class_templates_contract" time="0.172" /><testcase classname="backend.tests.test_v62552_template_picker_contract" name="test_besm_reference_conditions_still_30plus" time="0.182" /></testsuite></testsuites>