<?xml version="1.0" encoding="utf-8"?><testsuites name="pytest tests"><testsuite name="pytest" errors="0" failures="0" skipped="1" tests="73" time="22.695" timestamp="2026-05-01T00:47:57.749362+00:00" hostname="agent-env-983ba008-be40-4716-87ca-c8d187e456bf"><testcase classname="tests.test_iter39_v66.TestCypherSuggest" name="test_returns_ranked_axes" time="0.606" /><testcase classname="tests.test_iter39_v66.TestCypherSuggest" name="test_400_on_non_cypher_campaign" time="0.115" /><testcase classname="tests.test_iter39_v66.TestCypherSuggest" name="test_403_for_non_member" time="0.865" /><testcase classname="tests.test_iter39_v66.TestAnime5eEncounterBudget" name="test_lvl5_hard_party4" time="0.130" /><testcase classname="tests.test_iter39_v66.TestAnime5eEncounterBudget" name="test_difficulty_enum[easy]" time="0.126" /><testcase classname="tests.test_iter39_v66.TestAnime5eEncounterBudget" name="test_difficulty_enum[medium]" time="0.121" /><testcase classname="tests.test_iter39_v66.TestAnime5eEncounterBudget" name="test_difficulty_enum[hard]" time="0.144" /><testcase classname="tests.test_iter39_v66.TestAnime5eEncounterBudget" name="test_difficulty_enum[deadly]" time="0.110" /><testcase classname="tests.test_iter39_v66.TestMobileCharacterPDF" name="test_export_pdf_for_each_system" time="1.831" /><testcase classname="tests.test_iter39_v66.TestMobileCharacterPDF" name="test_403_for_non_member" time="2.077" /><testcase classname="tests.test_iter39_v66.TestSpellAsPowerBundle" name="test_fireball_converts" time="0.111" /><testcase classname="tests.test_iter39_v66.TestSpellAsPowerBundle" name="test_unknown_slug_404" time="0.140" /><testcase classname="tests.test_iter38_v65" name="test_spell_conversions_returns_62" time="0.469" /><testcase classname="tests.test_iter38_v65" name="test_spell_conversion_entry_shape" time="0.132" /><testcase classname="tests.test_iter38_v65" name="test_spell_conversion_max_level_zero_only_cantrips" time="0.105" /><testcase classname="tests.test_iter38_v65" name="test_spell_conversion_school_evocation_filter" time="0.111" /><testcase classname="tests.test_iter38_v65" name="test_power_bundle_templates_regression" time="0.137" /><testcase classname="tests.test_iter38_v65" name="test_simulate_import_shape_and_fits" time="0.341" /><testcase classname="tests.test_iter38_v65" name="test_simulate_import_over_cap_fits_false" time="0.112" /><testcase classname="tests.test_iter38_v65" name="test_simulate_import_extra_bundle_cost" time="0.236" /><testcase classname="tests.test_iter38_v65" name="test_simulate_import_403_for_non_member" time="0.834" /><testcase classname="tests.test_iter38_v65" name="test_pdf_export_besm" time="0.582" /><testcase classname="tests.test_iter38_v65" name="test_pdf_export_anime5e" time="0.354"><skipped type="pytest.skip" message="No Anime 5E campaign with exportable sessions.">/app/backend/tests/test_iter38_v65.py:208: No Anime 5E campaign with exportable sessions.</skipped></testcase><testcase classname="tests.test_iter37_v64_rules" name="test_enh_lim_value_shifts_effective_level" time="0.801" /><testcase classname="tests.test_iter37_v64_rules" name="test_out_of_range_modifier_warns" time="0.501" /><testcase classname="tests.test_iter37_v64_rules" name="test_power_pack_vs_bundle_distinct_in_breakdown" time="0.503" /><testcase classname="tests.test_iter37_v64_rules" name="test_anime5e_xp_to_cp_formulas[flat-1-58]" time="0.246" /><testcase classname="tests.test_iter37_v64_rules" name="test_anime5e_xp_to_cp_formulas[flat-5-90]" time="0.000" /><testcase classname="tests.test_iter37_v64_rules" name="test_anime5e_xp_to_cp_formulas[flat-10-130]" time="0.000" /><testcase classname="tests.test_iter37_v64_rules" name="test_anime5e_xp_to_cp_formulas[curve-1-50]" time="0.000" /><testcase classname="tests.test_iter37_v64_rules" name="test_anime5e_xp_to_cp_formulas[curve-5-90]" time="0.000" /><testcase classname="tests.test_iter37_v64_rules" name="test_anime5e_xp_to_cp_formulas[curve-6-112]" time="0.000" /><testcase classname="tests.test_iter37_v64_rules" name="test_anime5e_xp_to_cp_formulas[curve-10-160]" time="0.000" /><testcase classname="tests.test_iter37_v64_rules" name="test_anime5e_xp_to_cp_formulas[curve-11-205]" time="0.000" /><testcase classname="tests.test_iter37_v64_rules" name="test_anime5e_xp_to_cp_formulas[curve-20-340]" time="0.000" /><testcase classname="tests.test_iter37_v64_rules" name="test_anime5e_xp_curve_endpoint" time="0.268" /><testcase classname="tests.test_iter37_v64_rules" name="test_power_bundle_templates_filter" time="0.135" /><testcase classname="tests.test_iter37_v64_rules" name="test_dnd_level_bound" time="0.514" /><testcase classname="tests.test_iter37_v64_rules" name="test_cypher_tier_bound" time="0.446" /><testcase classname="tests.test_iter37_v64_rules" name="test_bundle_estimator_matches_validator_per_line" time="0.102" /><testcase classname="tests.test_iter37_v64_rules" name="test_house_rules_bypass_retained" time="0.905" /><testcase classname="tests.test_iter37_v64_rules" name="test_legacy_string_tags_default_to_plus_minus_one" time="0.510" /><testcase classname="tests.test_iter35_v62" name="test_regression_seed_suite_and_pulse" time="0.488" /><testcase classname="tests.test_iter35_v62" name="test_publish_delta_origin" time="0.070" /><testcase classname="tests.test_iter35_v62" name="test_list_deltas_origin_published_status" time="0.052" /><testcase classname="tests.test_iter35_v62" name="test_get_delta_full_bundle" time="0.074" /><testcase classname="tests.test_iter35_v62" name="test_non_gm_cannot_list_deltas" time="0.395" /><testcase classname="tests.test_iter35_v62" name="test_non_gm_cannot_publish_delta" time="0.049" /><testcase classname="tests.test_iter35_v62" name="test_clone_and_apply_delta" time="0.236" /><testcase classname="tests.test_iter35_v62" name="test_apply_idempotent" time="0.068" /><testcase classname="tests.test_iter35_v62" name="test_defer_delta" time="0.172" /><testcase classname="tests.test_iter35_v62" name="test_origin_apply_rejected_400" time="0.063" /><testcase classname="tests.test_iter35_v62" name="test_validate_character_besm" time="0.105" /><testcase classname="tests.test_iter35_v62" name="test_app_validate_stamps_approval" time="0.061" /><testcase classname="tests.test_iter35_v62" name="test_gm_approve_blocks_when_fails_no_house_rules" time="0.215" /><testcase classname="tests.test_iter35_v62" name="test_gm_approve_with_house_rules_succeeds" time="0.162" /><testcase classname="tests.test_iter35_v62" name="test_seat_character_409_when_unapproved" time="0.325" /><testcase classname="tests.test_iter34_v61_retest.TestFreshEvereanthaSuite" name="test_delete_existing_then_fresh_seed_has_9_motives" time="0.844" /><testcase classname="tests.test_iter34_v61_retest.TestFreshEvereanthaSuite" name="test_second_call_returns_skipped_existing_true" time="0.056" /><testcase classname="tests.test_iter34_v61_retest.TestPulseMotives" name="test_epic9_motives_include_all_5_canonical_npcs" time="0.053" /><testcase classname="tests.test_iter34_v61_retest.TestPulseMotives" name="test_total_motives_across_all_phases_at_least_9" time="0.489" /><testcase classname="tests.test_iter34_v61_retest.TestSeedDemoIdempotency" name="test_seed_demo_skips_existing_on_second_call" time="0.112" /><testcase classname="tests.test_iter40_v67.TestAnime5eSoftCapWarning" name="test_party8_warns_soft_cap" time="0.440" /><testcase classname="tests.test_iter40_v67.TestAnime5eSoftCapWarning" name="test_party4_no_warning" time="0.117" /><testcase classname="tests.test_iter40_v67.TestBesmEncounterBudget" name="test_happy_path_hard_party4" time="0.273" /><testcase classname="tests.test_iter40_v67.TestBesmEncounterBudget" name="test_soft_cap_warning_party8" time="0.132" /><testcase classname="tests.test_iter40_v67.TestBesmEncounterBudget" name="test_400_on_non_besm" time="0.108" /><testcase classname="tests.test_iter40_v67.TestBesmEncounterBudget" name="test_403_for_non_member" time="0.785" /><testcase classname="tests.test_iter40_v67.TestGenerateNPCSheet" name="test_besm_boss_block" time="0.237" /><testcase classname="tests.test_iter40_v67.TestGenerateNPCSheet" name="test_d5e_compatible_block[anime-5e]" time="0.264" /><testcase classname="tests.test_iter40_v67.TestGenerateNPCSheet" name="test_d5e_compatible_block[dnd-5e]" time="0.219" /><testcase classname="tests.test_iter40_v67.TestGenerateNPCSheet" name="test_cypher_block" time="0.239" /><testcase classname="tests.test_iter40_v67.TestGenerateNPCSheet" name="test_403_for_non_gm" time="0.959" /></testsuite></testsuites>