<?xml version="1.0" encoding="utf-8"?><testsuites name="pytest tests"><testsuite name="pytest" errors="0" failures="0" skipped="0" tests="39" time="8.869" timestamp="2026-04-30T04:12:12.931501+00:00" hostname="agent-env-983ba008-be40-4716-87ca-c8d187e456bf"><testcase classname="tests.test_iter37_v64_rules" name="test_enh_lim_value_shifts_effective_level" time="1.002" /><testcase classname="tests.test_iter37_v64_rules" name="test_out_of_range_modifier_warns" time="0.453" /><testcase classname="tests.test_iter37_v64_rules" name="test_power_pack_vs_bundle_distinct_in_breakdown" time="0.408" /><testcase classname="tests.test_iter37_v64_rules" name="test_anime5e_xp_to_cp_formulas[flat-1-58]" time="0.244" /><testcase classname="tests.test_iter37_v64_rules" name="test_anime5e_xp_to_cp_formulas[flat-5-90]" time="0.000" /><testcase classname="tests.test_iter37_v64_rules" name="test_anime5e_xp_to_cp_formulas[flat-10-130]" time="0.000" /><testcase classname="tests.test_iter37_v64_rules" name="test_anime5e_xp_to_cp_formulas[curve-1-50]" time="0.000" /><testcase classname="tests.test_iter37_v64_rules" name="test_anime5e_xp_to_cp_formulas[curve-5-90]" time="0.000" /><testcase classname="tests.test_iter37_v64_rules" name="test_anime5e_xp_to_cp_formulas[curve-6-112]" time="0.000" /><testcase classname="tests.test_iter37_v64_rules" name="test_anime5e_xp_to_cp_formulas[curve-10-160]" time="0.000" /><testcase classname="tests.test_iter37_v64_rules" name="test_anime5e_xp_to_cp_formulas[curve-11-205]" time="0.000" /><testcase classname="tests.test_iter37_v64_rules" name="test_anime5e_xp_to_cp_formulas[curve-20-340]" time="0.000" /><testcase classname="tests.test_iter37_v64_rules" name="test_anime5e_xp_curve_endpoint" time="0.219" /><testcase classname="tests.test_iter37_v64_rules" name="test_power_bundle_templates_filter" time="0.123" /><testcase classname="tests.test_iter37_v64_rules" name="test_dnd_level_bound" time="0.421" /><testcase classname="tests.test_iter37_v64_rules" name="test_cypher_tier_bound" time="0.425" /><testcase classname="tests.test_iter37_v64_rules" name="test_bundle_estimator_matches_validator_per_line" time="0.100" /><testcase classname="tests.test_iter37_v64_rules" name="test_house_rules_bypass_retained" time="0.872" /><testcase classname="tests.test_iter37_v64_rules" name="test_legacy_string_tags_default_to_plus_minus_one" time="0.467" /><testcase classname="tests.test_iter35_v62" name="test_regression_seed_suite_and_pulse" time="0.451" /><testcase classname="tests.test_iter35_v62" name="test_publish_delta_origin" time="0.078" /><testcase classname="tests.test_iter35_v62" name="test_list_deltas_origin_published_status" time="0.061" /><testcase classname="tests.test_iter35_v62" name="test_get_delta_full_bundle" time="0.069" /><testcase classname="tests.test_iter35_v62" name="test_non_gm_cannot_list_deltas" time="0.429" /><testcase classname="tests.test_iter35_v62" name="test_non_gm_cannot_publish_delta" time="0.046" /><testcase classname="tests.test_iter35_v62" name="test_clone_and_apply_delta" time="0.258" /><testcase classname="tests.test_iter35_v62" name="test_apply_idempotent" time="0.073" /><testcase classname="tests.test_iter35_v62" name="test_defer_delta" time="0.154" /><testcase classname="tests.test_iter35_v62" name="test_origin_apply_rejected_400" time="0.044" /><testcase classname="tests.test_iter35_v62" name="test_validate_character_besm" time="0.145" /><testcase classname="tests.test_iter35_v62" name="test_app_validate_stamps_approval" time="0.049" /><testcase classname="tests.test_iter35_v62" name="test_gm_approve_blocks_when_fails_no_house_rules" time="0.290" /><testcase classname="tests.test_iter35_v62" name="test_gm_approve_with_house_rules_succeeds" time="0.147" /><testcase classname="tests.test_iter35_v62" name="test_seat_character_409_when_unapproved" time="0.285" /><testcase classname="tests.test_iter34_v61_retest.TestFreshEvereanthaSuite" name="test_delete_existing_then_fresh_seed_has_9_motives" time="0.772" /><testcase classname="tests.test_iter34_v61_retest.TestFreshEvereanthaSuite" name="test_second_call_returns_skipped_existing_true" time="0.060" /><testcase classname="tests.test_iter34_v61_retest.TestPulseMotives" name="test_epic9_motives_include_all_5_canonical_npcs" time="0.051" /><testcase classname="tests.test_iter34_v61_retest.TestPulseMotives" name="test_total_motives_across_all_phases_at_least_9" time="0.485" /><testcase classname="tests.test_iter34_v61_retest.TestSeedDemoIdempotency" name="test_seed_demo_skips_existing_on_second_call" time="0.099" /></testsuite></testsuites>