<?xml version="1.0" encoding="utf-8"?><testsuites name="pytest tests"><testsuite name="pytest" errors="0" failures="0" skipped="0" tests="34" time="2.838" timestamp="2026-05-08T21:58:15.461117+00:00" hostname="agent-env-983ba008-be40-4716-87ca-c8d187e456bf"><testcase classname="tests.test_v62526_materials_encounters" name="test_materials_three_tier_chain" time="0.244" /><testcase classname="tests.test_v62526_materials_encounters" name="test_materials_unknown_ingredient_rejected" time="0.012" /><testcase classname="tests.test_v62526_materials_encounters" name="test_materials_codex_mirror_when_ticked" time="0.016" /><testcase classname="tests.test_v62526_materials_encounters" name="test_materials_filter_by_tier" time="0.020" /><testcase classname="tests.test_v62526_materials_encounters" name="test_roll_table_material_source" time="0.020" /><testcase classname="tests.test_v62526_materials_encounters" name="test_encounter_create_run_complete_flow" time="0.018" /><testcase classname="tests.test_v62526_materials_encounters" name="test_encounter_clone_as_template" time="0.015" /><testcase classname="tests.test_v62526_materials_encounters" name="test_encounter_filter_by_status" time="0.020" /><testcase classname="tests.test_v62526_materials_encounters" name="test_encounter_player_cannot_create" time="0.228" /><testcase classname="tests.test_v62526_marketplace_pdf" name="test_marketplace_share_requires_attestation" time="0.245" /><testcase classname="tests.test_v62526_marketplace_pdf" name="test_marketplace_share_paywall_requires_price" time="0.022" /><testcase classname="tests.test_v62526_marketplace_pdf" name="test_marketplace_share_success_then_duplicate_409" time="0.042" /><testcase classname="tests.test_v62526_marketplace_pdf" name="test_pdf_export_returns_valid_stream" time="0.287" /><testcase classname="tests.test_v62525_roll_tables" name="test_rarity_tiers_static_metadata" time="0.002" /><testcase classname="tests.test_v62525_roll_tables" name="test_create_table_with_reference_entry" time="0.240" /><testcase classname="tests.test_v62525_roll_tables" name="test_silent_freetext_is_rejected" time="0.012" /><testcase classname="tests.test_v62525_roll_tables" name="test_two_sources_rejected" time="0.017" /><testcase classname="tests.test_v62525_roll_tables" name="test_rarity_gate_auto_snaps_up" time="0.012" /><testcase classname="tests.test_v62525_roll_tables" name="test_roll_below_gate_returns_403" time="0.015" /><testcase classname="tests.test_v62525_roll_tables" name="test_roll_at_gate_returns_pick" time="0.017" /><testcase classname="tests.test_v62525_roll_tables" name="test_unknown_reference_id_rejected" time="0.011" /><testcase classname="tests.test_v62525_roll_tables" name="test_player_cannot_create_table" time="0.234" /><testcase classname="tests.test_v62525_roll_tables" name="test_list_and_delete_round_trip" time="0.024" /><testcase classname="tests.test_v62525_flavor_converter_lib_codex" name="test_flavors_full_listing" time="0.002" /><testcase classname="tests.test_v62525_flavor_converter_lib_codex" name="test_flavors_genre_filter" time="0.001" /><testcase classname="tests.test_v62525_flavor_converter_lib_codex" name="test_flavors_substitutions_present" time="0.002" /><testcase classname="tests.test_v62525_flavor_converter_lib_codex" name="test_reference_includes_flavors" time="0.004" /><testcase classname="tests.test_v62525_flavor_converter_lib_codex" name="test_converter_warrior_default" time="0.002" /><testcase classname="tests.test_v62525_flavor_converter_lib_codex" name="test_converter_adept_tier3_with_focus" time="0.002" /><testcase classname="tests.test_v62525_flavor_converter_lib_codex" name="test_converter_unknown_falls_back_to_warrior" time="0.001" /><testcase classname="tests.test_v62525_flavor_converter_lib_codex" name="test_reference_library_requires_system_id" time="0.226" /><testcase classname="tests.test_v62525_flavor_converter_lib_codex" name="test_reference_library_aggregates_for_system" time="0.239" /><testcase classname="tests.test_v62525_flavor_converter_lib_codex" name="test_codex_pdf_export_requires_shared_nodes" time="0.238" /><testcase classname="tests.test_v62525_flavor_converter_lib_codex" name="test_codex_pdf_export_emits_pdf" time="0.249" /></testsuite></testsuites>