<?xml version="1.0" encoding="utf-8"?><testsuites name="pytest tests"><testsuite name="pytest" errors="0" failures="0" skipped="0" tests="24" time="15.072" timestamp="2026-05-15T03:40:27.198386+00:00" hostname="agent-env-983ba008-be40-4716-87ca-c8d187e456bf"><testcase classname="backend.tests.test_v62553_cosmology" name="test_cosmology_payload_shape" time="0.468" /><testcase classname="backend.tests.test_v62553_cosmology" name="test_cosmology_required_canon_faces_present" time="0.448" /><testcase classname="backend.tests.test_v62553_cosmology" name="test_cosmology_opposition_direct_pairs_are_advantage" time="1.233" /><testcase classname="backend.tests.test_v62553_cosmology" name="test_cosmology_opposition_unknown_face_404" time="0.541" /><testcase classname="backend.tests.test_v62553_cosmology" name="test_cosmology_neutral_fallback_for_unknown_pair" time="0.445" /><testcase classname="backend.tests.test_v62553_cosmology" name="test_cosmology_auth_required" time="0.105" /><testcase classname="backend.tests.test_v62554_campaign_export" name="test_export_returns_self_contained_json_bundle" time="0.684" /><testcase classname="backend.tests.test_v62554_campaign_export" name="test_export_forbidden_for_non_owner" time="0.881" /><testcase classname="backend.tests.test_v62554_campaign_export" name="test_export_404_for_unknown_campaign" time="0.459" /><testcase classname="backend.tests.test_v62554_campaign_export" name="test_import_round_trip_creates_new_campaign_with_fresh_ids" time="0.930" /><testcase classname="backend.tests.test_v62554_campaign_export" name="test_import_rejects_bad_schema_version" time="0.433" /><testcase classname="backend.tests.test_v62554_campaign_export" name="test_import_rejects_non_json" time="0.445" /><testcase classname="backend.tests.test_v62554_campaign_export" name="test_import_resets_public_surface_flags" time="0.686" /><testcase classname="backend.tests.test_v62555_gm_voice" name="test_gm_voice_character_lazy_creates_on_first_read" time="0.553" /><testcase classname="backend.tests.test_v62555_gm_voice" name="test_gm_voice_character_is_idempotent" time="0.804" /><testcase classname="backend.tests.test_v62555_gm_voice" name="test_gm_voice_character_403_for_non_member" time="0.930" /><testcase classname="backend.tests.test_v62555_gm_voice" name="test_gm_voice_character_404_unknown_campaign" time="0.462" /><testcase classname="backend.tests.test_v62555_gm_voice" name="test_gm_voice_round_trips_through_campaign_listing" time="0.650" /><testcase classname="backend.tests.test_v62557_bestiary" name="test_bestiary_dnd5e_returns_srd_monsters" time="0.568" /><testcase classname="backend.tests.test_v62557_bestiary" name="test_bestiary_cypher_returns_creatures" time="0.541" /><testcase classname="backend.tests.test_v62557_bestiary" name="test_bestiary_besm_returns_only_custom" time="0.769" /><testcase classname="backend.tests.test_v62557_bestiary" name="test_bestiary_filter_q" time="0.550" /><testcase classname="backend.tests.test_v62557_bestiary" name="test_bestiary_403_for_non_gm" time="0.897" /><testcase classname="backend.tests.test_v62557_bestiary" name="test_bestiary_404_unknown" time="0.497" /></testsuite></testsuites>