<?xml version="1.0" encoding="utf-8"?><testsuites name="pytest tests"><testsuite name="pytest" errors="0" failures="0" skipped="0" tests="27" time="3.237" timestamp="2026-04-26T21:54:00.816158+00:00" hostname="agent-env-983ba008-be40-4716-87ca-c8d187e456bf"><testcase classname="tests.test_iter19_v44_phase_fghij.TestPhaseF_BidirectionalSync" name="test_4_pcs_present" time="0.663" /><testcase classname="tests.test_iter19_v44_phase_fghij.TestPhaseF_BidirectionalSync" name="test_pc_linked_node_id_set" time="0.000" /><testcase classname="tests.test_iter19_v44_phase_fghij.TestPhaseF_BidirectionalSync" name="test_pc_npc_nodes_link_back" time="0.053" /><testcase classname="tests.test_iter19_v44_phase_fghij.TestPhaseF_BidirectionalSync" name="test_locations_scale_and_parent" time="0.000" /><testcase classname="tests.test_iter19_v44_phase_fghij.TestPhaseF_NyaulisAsPC" name="test_nyaulis_concept_and_points" time="0.000" /><testcase classname="tests.test_iter19_v44_phase_fghij.TestPhaseF_NyaulisAsPC" name="test_nyaulis_attributes" time="0.000" /><testcase classname="tests.test_iter19_v44_phase_fghij.TestPhaseF_NyaulisAsPC" name="test_nyaulis_defects_marked" time="0.000" /><testcase classname="tests.test_iter19_v44_phase_fghij.TestPhaseJ_GMSessionJournal" name="test_gm_journal_node_present" time="0.000" /><testcase classname="tests.test_iter19_v44_phase_fghij.TestPhaseH_XPApproval" name="test_award_xp_to_laryk" time="0.058" /><testcase classname="tests.test_iter19_v44_phase_fghij.TestPhaseH_XPApproval" name="test_propose_then_reject_unchanged" time="0.270" /><testcase classname="tests.test_iter19_v44_phase_fghij.TestPhaseH_XPApproval" name="test_propose_then_approve_applies" time="0.226" /><testcase classname="tests.test_iter19_v44_phase_fghij.TestPhaseH_XPApproval" name="test_insufficient_xp_400" time="0.057" /><testcase classname="tests.test_iter19_v44_phase_fghij.TestPhaseH_XPApproval" name="test_non_gm_cannot_list_pending" time="0.679" /><testcase classname="tests.test_iter19_v44_phase_fghij.TestPhaseH_XPApproval" name="test_non_owner_cannot_propose" time="0.054" /><testcase classname="tests.test_iter19_v44_phase_fghij.TestPhaseI_ReferenceEditor" name="test_create_valid_page" time="0.050" /><testcase classname="tests.test_iter19_v44_phase_fghij.TestPhaseI_ReferenceEditor" name="test_create_invalid_page" time="0.050" /><testcase classname="tests.test_iter19_v44_phase_fghij.TestPhaseI_ReferenceEditor" name="test_list_filtered_by_kind" time="0.057" /><testcase classname="tests.test_iter19_v44_phase_fghij.TestPhaseI_ReferenceEditor" name="test_patch_row" time="0.053" /><testcase classname="tests.test_iter19_v44_phase_fghij.TestPhaseI_ReferenceEditor" name="test_validate_page_endpoint" time="0.048" /><testcase classname="tests.test_iter19_v44_phase_fghij.TestPhaseI_ReferenceEditor" name="test_non_gm_cannot_create" time="0.050" /><testcase classname="tests.test_iter19_v44_phase_fghij.TestPhaseI_ReferenceEditor" name="test_delete_row" time="0.103" /><testcase classname="tests.test_iter19_v44_phase_fghij.TestPhaseG_PDFExport" name="test_cover_credits" time="0.622" /><testcase classname="tests.test_iter19_v44_phase_fghij.TestPhaseG_PDFExport" name="test_cover_trademark_bar" time="0.000" /><testcase classname="tests.test_iter19_v44_phase_fghij.TestPhaseG_PDFExport" name="test_cover_no_artwork_or_graphic_rows" time="0.000" /><testcase classname="tests.test_iter19_v44_phase_fghij.TestPhaseG_PDFExport" name="test_world_codex_appendix" time="0.000" /><testcase classname="tests.test_iter19_v44_phase_fghij.TestPhaseG_PDFExport" name="test_per_pc_appendices" time="0.000" /><testcase classname="tests.test_iter19_v44_phase_fghij.TestPhaseG_PDFExport" name="test_reference_appendix" time="0.001" /></testsuite></testsuites>