<?xml version="1.0" encoding="utf-8"?><testsuites name="pytest tests"><testsuite name="pytest" errors="0" failures="1" skipped="1" tests="12" time="2.820" timestamp="2026-04-30T23:34:19.210158+00:00" hostname="agent-env-983ba008-be40-4716-87ca-c8d187e456bf"><testcase classname="backend.tests.test_iter39_v66.TestCypherSuggest" name="test_returns_ranked_axes" time="0.683" /><testcase classname="backend.tests.test_iter39_v66.TestCypherSuggest" name="test_400_on_non_cypher_campaign" time="0.115" /><testcase classname="backend.tests.test_iter39_v66.TestCypherSuggest" name="test_403_for_non_member" time="0.779" /><testcase classname="backend.tests.test_iter39_v66.TestAnime5eEncounterBudget" name="test_lvl5_hard_party4" time="0.108" /><testcase classname="backend.tests.test_iter39_v66.TestAnime5eEncounterBudget" name="test_difficulty_enum[easy]" time="0.131" /><testcase classname="backend.tests.test_iter39_v66.TestAnime5eEncounterBudget" name="test_difficulty_enum[medium]" time="0.135" /><testcase classname="backend.tests.test_iter39_v66.TestAnime5eEncounterBudget" name="test_difficulty_enum[hard]" time="0.138" /><testcase classname="backend.tests.test_iter39_v66.TestAnime5eEncounterBudget" name="test_difficulty_enum[deadly]" time="0.129" /><testcase classname="backend.tests.test_iter39_v66.TestMobileCharacterPDF" name="test_export_pdf_for_each_system" time="0.145"><failure message="AssertionError: No characters produced a PDF&#10;assert 0 &gt;= 1&#10; +  where 0 = len(set())">backend/tests/test_iter39_v66.py:148: in test_export_pdf_for_each_system
    assert len(systems_seen) &gt;= 1, "No characters produced a PDF"
E   AssertionError: No characters produced a PDF
E   assert 0 &gt;= 1
E    +  where 0 = len(set())</failure></testcase><testcase classname="backend.tests.test_iter39_v66.TestMobileCharacterPDF" name="test_403_for_non_member" time="0.114"><skipped type="pytest.skip" message="no characters">/app/backend/tests/test_iter39_v66.py:154: no characters</skipped></testcase><testcase classname="backend.tests.test_iter39_v66.TestSpellAsPowerBundle" name="test_fireball_converts" time="0.133" /><testcase classname="backend.tests.test_iter39_v66.TestSpellAsPowerBundle" name="test_unknown_slug_404" time="0.105" /></testsuite></testsuites>