<?xml version="1.0" encoding="utf-8"?><testsuites name="pytest tests"><testsuite name="pytest" errors="0" failures="0" skipped="0" tests="5" time="1.189" timestamp="2026-04-29T17:04:09.538087+00:00" hostname="agent-env-983ba008-be40-4716-87ca-c8d187e456bf"><testcase classname="backend.tests.test_iter23_v52.TestDnd5eReference" name="test_reference_shape" time="0.634" /><testcase classname="backend.tests.test_iter23_v52.TestAnime5eReference" name="test_reference_shape" time="0.054" /><testcase classname="backend.tests.test_iter23_v52.TestCypherReferenceV52" name="test_descriptors_foci_are_objects_with_genres" time="0.057" /><testcase classname="backend.tests.test_iter23_v52.TestCampaignV52Fields" name="test_put_and_get_roundtrip" time="0.232" /><testcase classname="backend.tests.test_iter23_v52.TestCharacterJournal" name="test_append_and_persist" time="0.128" /></testsuite></testsuites>