<?xml version="1.0" encoding="utf-8"?><testsuites name="pytest tests"><testsuite name="pytest" errors="0" failures="0" skipped="0" tests="7" time="0.613" timestamp="2026-04-29T18:33:00.388354+00:00" hostname="agent-env-983ba008-be40-4716-87ca-c8d187e456bf"><testcase classname="backend.tests.test_iter25_v54.TestSeedDemo" name="test_seed_demo_returns_two_campaigns" time="0.266" /><testcase classname="backend.tests.test_iter25_v54.TestSeedDemo" name="test_seed_demo_player_403" time="0.228" /><testcase classname="backend.tests.test_iter25_v54.TestEcosystemPulse" name="test_pulse_evereantha_phase_filter" time="0.006" /><testcase classname="backend.tests.test_iter25_v54.TestEcosystemPulse" name="test_pulse_player_403" time="0.003" /><testcase classname="backend.tests.test_iter25_v54.TestNodeMotives" name="test_post_motive_and_get_roundtrip" time="0.010" /><testcase classname="backend.tests.test_iter25_v54.TestNodeMotives" name="test_gm_only_motive_hidden_from_player" time="0.012" /><testcase classname="backend.tests.test_iter25_v54.TestNodeMotives" name="test_post_motive_player_forbidden" time="0.006" /></testsuite></testsuites>