<?xml version="1.0" encoding="utf-8"?><testsuites name="pytest tests"><testsuite name="pytest" errors="0" failures="0" skipped="0" tests="107" time="11.749" timestamp="2026-05-03T02:40:30.602474+00:00" hostname="agent-env-983ba008-be40-4716-87ca-c8d187e456bf"><testcase classname="tests.test_iter37_v64_rules" name="test_enh_lim_value_shifts_effective_level" time="0.791" /><testcase classname="tests.test_iter37_v64_rules" name="test_out_of_range_modifier_warns" time="0.440" /><testcase classname="tests.test_iter37_v64_rules" name="test_power_pack_vs_bundle_distinct_in_breakdown" time="0.426" /><testcase classname="tests.test_iter37_v64_rules" name="test_anime5e_xp_to_cp_formulas[raw-1-80]" time="0.000" /><testcase classname="tests.test_iter37_v64_rules" name="test_anime5e_xp_to_cp_formulas[raw-5-84]" time="0.000" /><testcase classname="tests.test_iter37_v64_rules" name="test_anime5e_xp_to_cp_formulas[raw-10-89]" time="0.000" /><testcase classname="tests.test_iter37_v64_rules" name="test_anime5e_xp_to_cp_formulas[raw-20-99]" time="0.000" /><testcase classname="tests.test_iter37_v64_rules" name="test_anime5e_xp_to_cp_formulas[flat-1-80]" time="0.000" /><testcase classname="tests.test_iter37_v64_rules" name="test_anime5e_xp_to_cp_formulas[flat-5-80]" time="0.000" /><testcase classname="tests.test_iter37_v64_rules" name="test_anime5e_xp_to_cp_formulas[flat-20-80]" time="0.000" /><testcase classname="tests.test_iter37_v64_rules" name="test_anime5e_xp_to_cp_formulas[curve-1-80]" time="0.000" /><testcase classname="tests.test_iter37_v64_rules" name="test_anime5e_xp_to_cp_formulas[curve-5-88]" time="0.000" /><testcase classname="tests.test_iter37_v64_rules" name="test_anime5e_xp_to_cp_formulas[curve-10-98]" time="0.000" /><testcase classname="tests.test_iter37_v64_rules" name="test_anime5e_xp_to_cp_formulas[tier-1-10]" time="0.000" /><testcase classname="tests.test_iter37_v64_rules" name="test_anime5e_xp_to_cp_formulas[tier-5-20]" time="0.000" /><testcase classname="tests.test_iter37_v64_rules" name="test_anime5e_xp_to_cp_formulas[tier-10-40]" time="0.000" /><testcase classname="tests.test_iter37_v64_rules" name="test_anime5e_xp_curve_endpoint" time="0.300" /><testcase classname="tests.test_iter37_v64_rules" name="test_power_bundle_templates_filter" time="0.101" /><testcase classname="tests.test_iter37_v64_rules" name="test_dnd_level_bound" time="0.427" /><testcase classname="tests.test_iter37_v64_rules" name="test_cypher_tier_bound" time="0.413" /><testcase classname="tests.test_iter37_v64_rules" name="test_bundle_estimator_matches_validator_per_line" time="0.113" /><testcase classname="tests.test_iter37_v64_rules" name="test_house_rules_bypass_retained" time="0.889" /><testcase classname="tests.test_iter37_v64_rules" name="test_legacy_string_tags_default_to_plus_minus_one" time="0.439" /><testcase classname="tests.test_iter52_v617_advancement_tracker" name="test_seed_has_at_least_50_entries" time="0.000" /><testcase classname="tests.test_iter52_v617_advancement_tracker" name="test_seed_normalizer_extracts_page_int" time="0.000" /><testcase classname="tests.test_iter52_v617_advancement_tracker" name="test_seed_normalizer_coerces_plural_kinds" time="0.000" /><testcase classname="tests.test_iter52_v617_advancement_tracker" name="test_advancement_detects_dnd_asi_at_level_4" time="0.000" /><testcase classname="tests.test_iter52_v617_advancement_tracker" name="test_advancement_detects_cypher_tier_benefits" time="0.000" /><testcase classname="tests.test_iter52_v617_advancement_tracker" name="test_advancement_detects_anime5e_underspend" time="0.000" /><testcase classname="tests.test_iter52_v617_advancement_tracker" name="test_advancement_no_dnd_asi_before_level_4" time="0.000" /><testcase classname="tests.test_iter52_v617_advancement_tracker" name="test_spell_tracker_full_caster_level_5_wizard" time="0.000" /><testcase classname="tests.test_iter52_v617_advancement_tracker" name="test_spell_tracker_warlock_level_3" time="0.000" /><testcase classname="tests.test_iter52_v617_advancement_tracker" name="test_spell_tracker_used_slots_reduce_remaining" time="0.000" /><testcase classname="tests.test_iter52_v617_advancement_tracker" name="test_spell_tracker_includes_power_bundles" time="0.000" /><testcase classname="tests.test_iter53_v618_tickets" name="test_subclass_options_strips_parentheticals" time="0.000" /><testcase classname="tests.test_iter53_v618_tickets" name="test_subclass_options_unknown_class_returns_empty" time="0.000" /><testcase classname="tests.test_iter53_v618_tickets" name="test_subclass_options_anime5e_classes_present" time="0.000" /><testcase classname="tests.test_iter53_v618_tickets" name="test_advancement_subclass_step_carries_options" time="0.000" /><testcase classname="tests.test_iter53_v618_tickets" name="test_commit_advancement_asi_2_charisma" time="0.000" /><testcase classname="tests.test_iter53_v618_tickets" name="test_commit_advancement_subclass_writes_field" time="0.000" /><testcase classname="tests.test_iter53_v618_tickets" name="test_compliance_blocks_asi_when_under_level" time="0.000" /><testcase classname="tests.test_iter53_v618_tickets" name="test_compliance_passes_asi_when_at_level" time="0.000" /><testcase classname="tests.test_iter53_v618_tickets" name="test_compliance_blocks_anime5e_overspend" time="0.000" /><testcase classname="tests.test_iter53_v618_tickets" name="test_compliance_blocks_duplicate_subclass" time="0.000" /><testcase classname="tests.test_iter53_v619_atelier_audit" name="test_anime5e_xp_to_cp_raw_formula" time="0.000" /><testcase classname="tests.test_iter53_v619_atelier_audit" name="test_races_returns_entries_with_dp_costs" time="0.429" /><testcase classname="tests.test_iter53_v619_atelier_audit" name="test_eli_budget_breakdown_returns_tier_metadata" time="0.100" /><testcase classname="tests.test_iter53_v619_atelier_audit" name="test_eli_recompute_anime5e_budget_raw" time="0.047" /><testcase classname="tests.test_iter53_v619_atelier_audit" name="test_recompute_rejects_non_anime_campaign" time="0.095" /><testcase classname="tests.test_iter53_v619_atelier_audit" name="test_class_progression_eli" time="0.055" /><testcase classname="tests.test_iter53_v619_atelier_audit" name="test_surprise_bag_seed_idempotent" time="0.101" /><testcase classname="tests.test_iter53_v619_atelier_audit" name="test_surprise_bag_list_has_entries" time="0.047" /><testcase classname="tests.test_iter53_v619_atelier_audit" name="test_surprise_bag_draw_returns_entry" time="0.048" /><testcase classname="tests.test_iter53_v619_atelier_audit" name="test_surprise_bag_gm_only_for_non_gm" time="0.470" /><testcase classname="tests.test_iter53_v619_atelier_audit" name="test_surprise_bag_create_gm_only" time="0.050" /><testcase classname="tests.test_iter53_v619_atelier_audit" name="test_scene_break_seed_idempotent" time="0.097" /><testcase classname="tests.test_iter53_v619_atelier_audit" name="test_scene_break_list" time="0.045" /><testcase classname="tests.test_iter53_v619_atelier_audit" name="test_scene_break_draw" time="0.049" /><testcase classname="tests.test_iter53_v619_atelier_audit" name="test_scene_break_gm_only" time="0.048" /><testcase classname="tests.test_iter53_v619_atelier_audit" name="test_scene_break_create_gm_only" time="0.048" /><testcase classname="tests.test_iter54_v619_race_class_audit" name="test_race_table_has_native_and_phb_entries" time="0.000" /><testcase classname="tests.test_iter54_v619_race_class_audit" name="test_every_race_has_dp_cost_and_blurb" time="0.000" /><testcase classname="tests.test_iter54_v619_race_class_audit" name="test_get_race_case_insensitive_and_raceless" time="0.000" /><testcase classname="tests.test_iter54_v619_race_class_audit" name="test_known_race_costs_match_raw_table_04" time="0.000" /><testcase classname="tests.test_iter54_v619_race_class_audit" name="test_anime5e_tier_table_levels" time="0.000" /><testcase classname="tests.test_iter54_v619_race_class_audit" name="test_dp_budget_raw_formula" time="0.000" /><testcase classname="tests.test_iter54_v619_race_class_audit" name="test_xp_to_cp_raw_is_default" time="0.000" /><testcase classname="tests.test_iter54_v619_race_class_audit" name="test_xp_to_cp_formula_variants" time="0.000" /><testcase classname="tests.test_iter54_v619_race_class_audit" name="test_xp_to_cp_unknown_formula_falls_back_to_raw" time="0.000" /><testcase classname="tests.test_iter54_v619_race_class_audit" name="test_class_progression_contains_known_classes" time="0.000" /><testcase classname="tests.test_iter54_v619_race_class_audit" name="test_cumulative_features_artificer_level_5" time="0.000" /><testcase classname="tests.test_iter54_v619_race_class_audit" name="test_cumulative_features_unknown_class_returns_advice" time="0.000" /><testcase classname="tests.test_iter54_v619_race_class_audit" name="test_cumulative_features_strips_parenthetical" time="0.000" /><testcase classname="tests.test_iter54_v619_race_class_audit" name="test_anime5e_originals_have_chassis_data" time="0.000" /><testcase classname="tests.test_iter54_v620.TestRepairDndStates" name="test_admin_only" time="0.434" /><testcase classname="tests.test_iter54_v620.TestRepairDndStates" name="test_admin_succeeds" time="0.433" /><testcase classname="tests.test_iter54_v620.TestCreationTree" name="test_get_creation_tree" time="0.103" /><testcase classname="tests.test_iter54_v620.TestCreationMyth" name="test_create_root_myth" time="0.101" /><testcase classname="tests.test_iter54_v620.TestCreationMyth" name="test_list_includes_created" time="0.105" /><testcase classname="tests.test_iter54_v620.TestCreationMyth" name="test_player_blocked_from_create" time="0.105" /><testcase classname="tests.test_iter54_v620.TestCreationMyth" name="test_cleanup" time="0.103" /><testcase classname="tests.test_iter54_v620.TestCodexLinks" name="test_create_edge" time="0.110" /><testcase classname="tests.test_iter54_v620.TestCodexLinks" name="test_weight_validation" time="0.104" /><testcase classname="tests.test_iter54_v620.TestCodexLinks" name="test_color_validation" time="0.109" /><testcase classname="tests.test_iter54_v620.TestCodexLinks" name="test_list_includes" time="0.108" /><testcase classname="tests.test_iter54_v620.TestCodexLinks" name="test_cleanup" time="0.133" /><testcase classname="tests.test_iter54_v620.TestSurpriseBagDraw" name="test_draw_returns_posted_flag" time="0.222" /><testcase classname="tests.test_iter54_v620.TestSurpriseBagDraw" name="test_player_blocked" time="0.105" /><testcase classname="tests.test_iter54_v620.TestSceneBreakDraw" name="test_draw_returns_posted_flag" time="0.206" /><testcase classname="tests.test_iter55_v621.TestAnime5eRaces" name="test_races_count_and_rules_note" time="0.431" /><testcase classname="tests.test_iter55_v621.TestAnime5eRaces" name="test_tier_table_uses_name_caps_shape" time="0.054" /><testcase classname="tests.test_iter55_v621.TestBudgetBreakdown" name="test_breakdown_shape_and_raw_math" time="0.103" /><testcase classname="tests.test_iter55_v621.TestRecomputeFormula" name="test_recompute_each_formula[raw-84]" time="0.158" /><testcase classname="tests.test_iter55_v621.TestRecomputeFormula" name="test_recompute_each_formula[flat-80]" time="0.140" /><testcase classname="tests.test_iter55_v621.TestRecomputeFormula" name="test_recompute_each_formula[curve-88]" time="0.146" /><testcase classname="tests.test_iter55_v621.TestRecomputeFormula" name="test_recompute_each_formula[tier-20]" time="0.145" /><testcase classname="tests.test_iter55_v621.TestRecomputeFormula" name="test_recompute_rejects_dnd_campaign_character" time="0.145" /><testcase classname="tests.test_iter55_v621.TestCampaignFlags" name="test_set_consent_required_true_then_false" time="0.238" /><testcase classname="tests.test_iter55_v621.TestCampaignFlags" name="test_anime5e_xp_formula_persists" time="0.140" /><testcase classname="tests.test_iter55_v621.TestConsentFlow" name="test_gm_can_post_consent" time="0.048" /><testcase classname="tests.test_iter55_v621.TestConsentFlow" name="test_gm_get_consent" time="0.049" /><testcase classname="tests.test_iter55_v621.TestConsentFlow" name="test_consent_roll_gm_only" time="0.492" /><testcase classname="tests.test_iter55_v621.TestConsentFlow" name="test_non_seated_player_post_consent_403" time="0.050" /><testcase classname="tests.test_iter55_v621.TestConsentFlow" name="test_delete_consent" time="0.044" /><testcase classname="tests.test_iter55_v621.TestSeatApplications" name="test_player_post_application" time="0.045" /><testcase classname="tests.test_iter55_v621.TestSeatApplications" name="test_gm_lists_applications" time="0.055" /><testcase classname="tests.test_iter55_v621.TestSeatApplications" name="test_player_cannot_list_applications" time="0.103" /></testsuite></testsuites>