<?xml version="1.0" encoding="utf-8"?><testsuites name="pytest tests"><testsuite name="pytest" errors="0" failures="0" skipped="0" tests="24" time="17.416" timestamp="2026-05-14T15:07:14.737803+00:00" hostname="agent-env-983ba008-be40-4716-87ca-c8d187e456bf"><testcase classname="tests.test_v62555_gm_voice" name="test_gm_voice_character_lazy_creates_on_first_read" time="0.732" /><testcase classname="tests.test_v62555_gm_voice" name="test_gm_voice_character_is_idempotent" time="1.412" /><testcase classname="tests.test_v62555_gm_voice" name="test_gm_voice_character_403_for_non_member" time="0.933" /><testcase classname="tests.test_v62555_gm_voice" name="test_gm_voice_character_404_unknown_campaign" time="0.500" /><testcase classname="tests.test_v62555_gm_voice" name="test_gm_voice_round_trips_through_campaign_listing" time="0.781" /><testcase classname="tests.test_v62557_bestiary" name="test_bestiary_dnd5e_returns_srd_monsters" time="0.617" /><testcase classname="tests.test_v62557_bestiary" name="test_bestiary_cypher_returns_creatures" time="0.670" /><testcase classname="tests.test_v62557_bestiary" name="test_bestiary_besm_returns_only_custom" time="0.842" /><testcase classname="tests.test_v62557_bestiary" name="test_bestiary_filter_q" time="0.620" /><testcase classname="tests.test_v62557_bestiary" name="test_bestiary_403_for_non_gm" time="0.931" /><testcase classname="tests.test_v62557_bestiary" name="test_bestiary_404_unknown" time="0.473" /><testcase classname="tests.test_v62553_cosmology" name="test_cosmology_payload_shape" time="0.496" /><testcase classname="tests.test_v62553_cosmology" name="test_cosmology_required_canon_faces_present" time="0.497" /><testcase classname="tests.test_v62553_cosmology" name="test_cosmology_opposition_direct_pairs_are_advantage" time="1.450" /><testcase classname="tests.test_v62553_cosmology" name="test_cosmology_opposition_unknown_face_404" time="0.709" /><testcase classname="tests.test_v62553_cosmology" name="test_cosmology_neutral_fallback_for_unknown_pair" time="0.472" /><testcase classname="tests.test_v62553_cosmology" name="test_cosmology_auth_required" time="0.107" /><testcase classname="tests.test_v62554_campaign_export" name="test_export_returns_self_contained_json_bundle" time="0.756" /><testcase classname="tests.test_v62554_campaign_export" name="test_export_forbidden_for_non_owner" time="0.959" /><testcase classname="tests.test_v62554_campaign_export" name="test_export_404_for_unknown_campaign" time="0.526" /><testcase classname="tests.test_v62554_campaign_export" name="test_import_round_trip_creates_new_campaign_with_fresh_ids" time="0.978" /><testcase classname="tests.test_v62554_campaign_export" name="test_import_rejects_bad_schema_version" time="0.531" /><testcase classname="tests.test_v62554_campaign_export" name="test_import_rejects_non_json" time="0.511" /><testcase classname="tests.test_v62554_campaign_export" name="test_import_resets_public_surface_flags" time="0.818" /></testsuite></testsuites>