<?xml version="1.0" encoding="utf-8"?><testsuites name="pytest tests"><testsuite name="pytest" errors="0" failures="0" skipped="0" tests="22" time="0.025" timestamp="2026-05-01T20:34:21.923963+00:00" hostname="agent-env-983ba008-be40-4716-87ca-c8d187e456bf"><testcase classname="tests.test_iter48_v615_cr_parity.TestEnvironmentalLeversParity" name="test_dnd_env_levers" time="0.001" /><testcase classname="tests.test_iter48_v615_cr_parity.TestEnvironmentalLeversParity" name="test_cypher_env_levers" time="0.000" /><testcase classname="tests.test_iter48_v615_cr_parity.TestEnvironmentalLeversParity" name="test_besm_env_levers" time="0.000" /><testcase classname="tests.test_iter48_v615_cr_parity.TestRoleMixParity" name="test_dnd_all_minions_no_leader_nudges" time="0.000" /><testcase classname="tests.test_iter48_v615_cr_parity.TestRoleMixParity" name="test_cypher_solo_boss_action_economy" time="0.000" /><testcase classname="tests.test_iter48_v615_cr_parity.TestRoleMixParity" name="test_besm_leaders_only_missing_minions" time="0.000" /><testcase classname="tests.test_iter48_v615_cr_parity.TestPartySpreadParity" name="test_dnd_party_level_spread" time="0.000" /><testcase classname="tests.test_iter48_v615_cr_parity.TestPartySpreadParity" name="test_cypher_tier_spread" time="0.000" /><testcase classname="tests.test_iter48_v615_cr_parity.TestPartySpreadParity" name="test_besm_cp_spread" time="0.000" /><testcase classname="tests.test_iter48_v615_cr_parity.TestTuneToTargetParity" name="test_dnd_deadly_produces_tune_delta" time="0.000" /><testcase classname="tests.test_iter48_v615_cr_parity.TestTuneToTargetParity" name="test_dnd_pushover_produces_tune_delta" time="0.000" /><testcase classname="tests.test_iter48_v615_cr_parity.TestTuneToTargetParity" name="test_cypher_punishing_produces_tune_delta" time="0.000" /><testcase classname="tests.test_iter48_v615_cr_parity.TestTuneToTargetParity" name="test_besm_punishing_produces_tune_delta" time="0.000" /><testcase classname="tests.test_iter48_v615_cr_parity.TestBackwardCompat" name="test_cypher_empty_npcs_still_pushover" time="0.000" /><testcase classname="tests.test_iter48_v615_cr_parity.TestBackwardCompat" name="test_cypher_empty_party_still_unknown" time="0.000" /><testcase classname="tests.test_iter48_v615_cr_parity.TestBackwardCompat" name="test_dnd_empty_party_still_unknown" time="0.000" /><testcase classname="tests.test_iter48_v615_cr_parity.TestBackwardCompat" name="test_besm_zero_party_still_unknown" time="0.000" /><testcase classname="tests.test_iter48_v615_cr_parity.TestBackwardCompat" name="test_anime5e_dispatch_routes_to_dnd_when_cr_set" time="0.000" /><testcase classname="tests.test_iter48_v615_cr_parity.TestBackwardCompat" name="test_anime5e_dispatch_routes_to_besm_when_no_cr" time="0.000" /><testcase classname="tests.test_iter48_v615_cr_parity.TestSuggestionCountParity" name="test_dnd_parity_count" time="0.000" /><testcase classname="tests.test_iter48_v615_cr_parity.TestSuggestionCountParity" name="test_cypher_parity_count" time="0.000" /><testcase classname="tests.test_iter48_v615_cr_parity.TestSuggestionCountParity" name="test_besm_parity_count" time="0.000" /></testsuite></testsuites>