<?xml version="1.0" encoding="utf-8"?><testsuites name="pytest tests"><testsuite name="pytest" errors="0" failures="1" skipped="0" tests="4" time="1.081" timestamp="2026-04-29T23:45:10.364240+00:00" hostname="agent-env-983ba008-be40-4716-87ca-c8d187e456bf"><testcase classname="backend.tests.test_iter32_campaign_flags.TestCampaignListFlags" name="test_mine_true_all_rows_have_flags" time="0.497" /><testcase classname="backend.tests.test_iter32_campaign_flags.TestCampaignListFlags" name="test_mine_true_at_least_one_is_gm" time="0.134" /><testcase classname="backend.tests.test_iter32_campaign_flags.TestCampaignListFlags" name="test_no_mine_flag_public_rows_also_hydrated" time="0.118" /><testcase classname="backend.tests.test_iter32_campaign_flags.TestCampaignListFlags" name="test_detail_and_list_flags_consistent" time="0.245"><failure message="AssertionError: assert None == False&#10; +  where None = &lt;built-in method get of dict object at 0xfafbbe9b9640&gt;('is_member')&#10; +    where &lt;built-in method get of dict object at 0xfafbbe9b9640&gt; = {'allowed_attributes': [], 'allowed_defects': [], 'allowed_skill_groups': [], 'character_point_max': 0, ...}.get">backend/tests/test_iter32_campaign_flags.py:64: in test_detail_and_list_flags_consistent
    assert detail.get("is_member") == gm_rows[0]["is_member"]
E   AssertionError: assert None == False
E    +  where None = &lt;built-in method get of dict object at 0xfafbbe9b9640&gt;('is_member')
E    +    where &lt;built-in method get of dict object at 0xfafbbe9b9640&gt; = {'allowed_attributes': [], 'allowed_defects': [], 'allowed_skill_groups': [], 'character_point_max': 0, ...}.get</failure></testcase></testsuite></testsuites>