<?xml version="1.0" encoding="utf-8"?><testsuites name="pytest tests"><testsuite name="pytest" errors="0" failures="0" skipped="0" tests="10" time="2.162" timestamp="2026-05-07T03:51:14.885029+00:00" hostname="agent-env-701160cd-54bf-45ec-aeca-1158c088b219"><testcase classname="backend.tests.test_iter61_leads" name="test_post_lead_full_payload_returns_ok" time="0.242" /><testcase classname="backend.tests.test_iter61_leads" name="test_post_lead_consent_false_returns_400" time="0.106" /><testcase classname="backend.tests.test_iter61_leads" name="test_post_lead_invalid_role_returns_422" time="0.143" /><testcase classname="backend.tests.test_iter61_leads" name="test_post_lead_bad_email_returns_422" time="0.103" /><testcase classname="backend.tests.test_iter61_leads" name="test_post_lead_dedupe_within_24h" time="0.215" /><testcase classname="backend.tests.test_iter61_leads" name="test_post_lead_role_normalization_homebrew_creator" time="0.103" /><testcase classname="backend.tests.test_iter61_leads" name="test_get_leads_no_auth_returns_401" time="0.149" /><testcase classname="backend.tests.test_iter61_leads" name="test_get_leads_non_admin_returns_403" time="0.462" /><testcase classname="backend.tests.test_iter61_leads" name="test_get_leads_admin_returns_list" time="0.464" /><testcase classname="backend.tests.test_iter61_leads" name="test_get_leads_count_admin" time="0.098" /></testsuite></testsuites>