<?xml version="1.0" encoding="utf-8"?><testsuites name="pytest tests"><testsuite name="pytest" errors="0" failures="0" skipped="0" tests="16" time="1.348" timestamp="2026-04-29T18:45:30.221708+00:00" hostname="agent-env-983ba008-be40-4716-87ca-c8d187e456bf"><testcase classname="backend.tests.test_iter26_v55.TestSeedDemoV55" name="test_seed_deploys_two_campaigns" time="0.263" /><testcase classname="backend.tests.test_iter26_v55.TestSeedDemoV55" name="test_evereantha_first_and_expanded" time="0.000" /><testcase classname="backend.tests.test_iter26_v55.TestSeedDemoV55" name="test_campaign_detail_no_longer_500" time="0.006" /><testcase classname="backend.tests.test_iter26_v55.TestEcosystemPulseV55" name="test_pulse_epic9_active_motives" time="0.005" /><testcase classname="backend.tests.test_iter26_v55.TestEcosystemPulseV55" name="test_pulse_player_403" time="0.226" /><testcase classname="backend.tests.test_iter26_v55.TestNodeMotivesV55" name="test_motive_round_trip" time="0.011" /><testcase classname="backend.tests.test_iter26_v55.TestNodeMotivesV55" name="test_gm_only_hidden_from_player" time="0.020" /><testcase classname="backend.tests.test_iter26_v55.TestUploadCap" name="test_max_bytes_constant_is_32mb" time="0.000" /><testcase classname="backend.tests.test_iter26_v55.TestUploadCap" name="test_upload_over_32mb_rejected" time="0.166" /><testcase classname="backend.tests.test_iter25_v54.TestSeedDemo" name="test_seed_demo_returns_two_campaigns" time="0.265" /><testcase classname="backend.tests.test_iter25_v54.TestSeedDemo" name="test_seed_demo_player_403" time="0.260" /><testcase classname="backend.tests.test_iter25_v54.TestEcosystemPulse" name="test_pulse_evereantha_phase_filter" time="0.007" /><testcase classname="backend.tests.test_iter25_v54.TestEcosystemPulse" name="test_pulse_player_403" time="0.003" /><testcase classname="backend.tests.test_iter25_v54.TestNodeMotives" name="test_post_motive_and_get_roundtrip" time="0.011" /><testcase classname="backend.tests.test_iter25_v54.TestNodeMotives" name="test_gm_only_motive_hidden_from_player" time="0.013" /><testcase classname="backend.tests.test_iter25_v54.TestNodeMotives" name="test_post_motive_player_forbidden" time="0.007" /></testsuite></testsuites>