<?xml version="1.0" encoding="utf-8"?><testsuites name="pytest tests"><testsuite name="pytest" errors="0" failures="0" skipped="0" tests="10" time="1.126" timestamp="2026-05-07T01:12:07.701885+00:00" hostname="agent-env-983ba008-be40-4716-87ca-c8d187e456bf"><testcase classname="backend.tests.test_v6259_macro_grammar" name="test_attr_token_resolves_effective_level" time="0.251" /><testcase classname="backend.tests.test_v6259_macro_grammar" name="test_def_and_derived_tokens" time="0.021" /><testcase classname="backend.tests.test_v6259_macro_grammar" name="test_stat_token_body" time="0.021" /><testcase classname="backend.tests.test_v6259_macro_grammar" name="test_legacy_scalar_tokens_still_resolve" time="0.022" /><testcase classname="backend.tests.test_v6259_macro_grammar" name="test_unknown_token_collapses_to_zero" time="0.021" /><testcase classname="backend.tests.test_v6258_mod_rank" name="test_attribute_with_rank_mods_round_trips" time="0.237" /><testcase classname="backend.tests.test_v6258_mod_rank" name="test_legacy_string_mods_still_load" time="0.013" /><testcase classname="backend.tests.test_v6258_mod_rank" name="test_genesis_archive_endpoint_returns_list" time="0.008" /><testcase classname="backend.tests.test_v6258_genesis_403" name="test_genesis_archives_gm_200" time="0.231" /><testcase classname="backend.tests.test_v6258_genesis_403" name="test_genesis_archives_non_gm_403" time="0.231" /></testsuite></testsuites>