<?xml version="1.0" encoding="utf-8"?><testsuites name="pytest tests"><testsuite name="pytest" errors="0" failures="0" skipped="1" tests="12" time="3.427" timestamp="2026-05-09T19:00:54.104522+00:00" hostname="agent-env-701160cd-54bf-45ec-aeca-1158c088b219"><testcase classname="backend.tests.test_iter62_v62513_discover.TestPublicDiscoverList" name="test_list_no_auth_returns_200_with_shape" time="0.209" /><testcase classname="backend.tests.test_iter62_v62513_discover.TestPublicDiscoverList" name="test_filter_by_system" time="0.155" /><testcase classname="backend.tests.test_iter62_v62513_discover.TestPublicDiscoverList" name="test_filter_by_q_apocophea" time="0.162" /><testcase classname="backend.tests.test_iter62_v62513_discover.TestPublicDiscoverList" name="test_filter_by_unknown_system_excludes_seed" time="0.108" /><testcase classname="backend.tests.test_iter62_v62513_discover.TestPublicDiscoverDetail" name="test_seeded_slug_returns_full_payload" time="0.113" /><testcase classname="backend.tests.test_iter62_v62513_discover.TestPublicDiscoverDetail" name="test_unknown_slug_returns_404" time="0.109" /><testcase classname="backend.tests.test_iter62_v62513_discover.TestDiscoverPublish" name="test_publish_no_auth_returns_401" time="0.122" /><testcase classname="backend.tests.test_iter62_v62513_discover.TestDiscoverPublish" name="test_publish_non_gm_returns_403" time="0.104"><skipped type="pytest.skip" message="Could not register non-admin user: 422 {&quot;detail&quot;:[{&quot;type&quot;:&quot;missing&quot;,&quot;loc&quot;:[&quot;body&quot;,&quot;name&quot;],&quot;msg&quot;:&quot;Field required&quot;,&quot;input&quot;:{&quot;email&quot;:&quot;TEST_nongm_1300bfed@tablegnostic-test.com&quot;,&quot;password&quot;:&quot;TestPass123!&quot;">/app/backend/tests/test_iter62_v62513_discover.py:127: Could not register non-admin user: 422 {"detail":[{"type":"missing","loc":["body","name"],"msg":"Field required","input":{"email":"TEST_nongm_1300bfed@tablegnostic-test.com","password":"TestPass123!"</skipped></testcase><testcase classname="backend.tests.test_iter62_v62513_discover.TestDiscoverPublish" name="test_publish_as_gm_returns_ok" time="0.477" /><testcase classname="backend.tests.test_iter62_v62513_discover.TestSlugUniquenessAndUnpublish" name="test_slug_collision_increments_suffix" time="0.664" /><testcase classname="backend.tests.test_iter62_v62513_discover.TestSlugUniquenessAndUnpublish" name="test_unpublish_then_repub_seeded" time="0.507" /><testcase classname="backend.tests.test_iter62_v62513_discover.TestSharedNodesOnly" name="test_gm_only_node_does_not_leak" time="0.608" /></testsuite></testsuites>