<?xml version="1.0" encoding="utf-8"?><testsuites name="pytest tests"><testsuite name="pytest" errors="0" failures="0" skipped="0" tests="16" time="2.061" timestamp="2026-05-03T00:28:53.142726+00:00" hostname="agent-env-983ba008-be40-4716-87ca-c8d187e456bf"><testcase classname="tests.test_iter53_v619_atelier_audit" name="test_anime5e_xp_to_cp_formula_rebalanced" time="0.228" /><testcase classname="tests.test_iter53_v619_atelier_audit" name="test_races_returns_8_entries_with_dp_costs" time="0.473" /><testcase classname="tests.test_iter53_v619_atelier_audit" name="test_eli_budget_breakdown_returns_tier_metadata" time="0.105" /><testcase classname="tests.test_iter53_v619_atelier_audit" name="test_eli_recompute_anime5e_budget_to_tier" time="0.058" /><testcase classname="tests.test_iter53_v619_atelier_audit" name="test_recompute_rejects_non_anime_campaign" time="0.094" /><testcase classname="tests.test_iter53_v619_atelier_audit" name="test_class_progression_eli" time="0.047" /><testcase classname="tests.test_iter53_v619_atelier_audit" name="test_surprise_bag_seed_idempotent" time="0.107" /><testcase classname="tests.test_iter53_v619_atelier_audit" name="test_surprise_bag_list_has_entries" time="0.052" /><testcase classname="tests.test_iter53_v619_atelier_audit" name="test_surprise_bag_draw_returns_entry" time="0.045" /><testcase classname="tests.test_iter53_v619_atelier_audit" name="test_surprise_bag_gm_only_for_non_gm" time="0.432" /><testcase classname="tests.test_iter53_v619_atelier_audit" name="test_surprise_bag_create_gm_only" time="0.045" /><testcase classname="tests.test_iter53_v619_atelier_audit" name="test_scene_break_seed_idempotent" time="0.096" /><testcase classname="tests.test_iter53_v619_atelier_audit" name="test_scene_break_list" time="0.046" /><testcase classname="tests.test_iter53_v619_atelier_audit" name="test_scene_break_draw" time="0.047" /><testcase classname="tests.test_iter53_v619_atelier_audit" name="test_scene_break_gm_only" time="0.050" /><testcase classname="tests.test_iter53_v619_atelier_audit" name="test_scene_break_create_gm_only" time="0.049" /></testsuite></testsuites>