<?xml version="1.0" encoding="utf-8"?><testsuites name="pytest tests"><testsuite name="pytest" errors="0" failures="0" skipped="0" tests="19" time="7.832" timestamp="2026-05-01T01:31:55.856517+00:00" hostname="agent-env-983ba008-be40-4716-87ca-c8d187e456bf"><testcase classname="tests.test_iter41_v68.TestCypherFuzzyKeywords" name="test_free_keywords_echoed" time="0.754" /><testcase classname="tests.test_iter41_v68.TestCypherFuzzyKeywords" name="test_keyword_match_annotation" time="0.113" /><testcase classname="tests.test_iter41_v68.TestCypherFuzzyKeywords" name="test_no_keywords_returns_empty_list" time="0.124" /><testcase classname="tests.test_iter41_v68.TestCypherFuzzyKeywords" name="test_substring_hint_match" time="0.125" /><testcase classname="tests.test_iter41_v68.TestNpcSaveOntoNode" name="test_default_save_false_does_not_persist" time="0.230" /><testcase classname="tests.test_iter41_v68.TestNpcSaveOntoNode" name="test_save_true_persists_stat_block_on_node" time="0.414" /><testcase classname="tests.test_iter41_v68.TestNpcSaveOntoNode" name="test_save_false_explicit_does_not_overwrite" time="0.242" /><testcase classname="tests.test_iter41_v68.TestNpcSaveOntoNode" name="test_save_403_for_non_gm" time="0.933" /><testcase classname="tests.test_iter40_v67.TestAnime5eSoftCapWarning" name="test_party8_warns_soft_cap" time="0.467" /><testcase classname="tests.test_iter40_v67.TestAnime5eSoftCapWarning" name="test_party4_no_warning" time="0.111" /><testcase classname="tests.test_iter40_v67.TestBesmEncounterBudget" name="test_happy_path_hard_party4" time="0.215" /><testcase classname="tests.test_iter40_v67.TestBesmEncounterBudget" name="test_soft_cap_warning_party8" time="0.155" /><testcase classname="tests.test_iter40_v67.TestBesmEncounterBudget" name="test_400_on_non_besm" time="0.120" /><testcase classname="tests.test_iter40_v67.TestBesmEncounterBudget" name="test_403_for_non_member" time="0.795" /><testcase classname="tests.test_iter40_v67.TestGenerateNPCSheet" name="test_besm_boss_block" time="1.308" /><testcase classname="tests.test_iter40_v67.TestGenerateNPCSheet" name="test_d5e_compatible_block[anime-5e]" time="0.241" /><testcase classname="tests.test_iter40_v67.TestGenerateNPCSheet" name="test_d5e_compatible_block[dnd-5e]" time="0.215" /><testcase classname="tests.test_iter40_v67.TestGenerateNPCSheet" name="test_cypher_block" time="0.241" /><testcase classname="tests.test_iter40_v67.TestGenerateNPCSheet" name="test_403_for_non_gm" time="0.922" /></testsuite></testsuites>