<?xml version="1.0" encoding="utf-8"?><testsuites name="pytest tests"><testsuite name="pytest" errors="0" failures="0" skipped="0" tests="31" time="0.541" timestamp="2026-05-08T19:47:58.634115+00:00" hostname="agent-env-983ba008-be40-4716-87ca-c8d187e456bf"><testcase classname="tests.test_v62524_cypher_xp" name="test_reroll_spends_one_xp" time="0.259" /><testcase classname="tests.test_v62524_cypher_xp" name="test_refuse_intrusion_with_zero_xp_blocks" time="0.015" /><testcase classname="tests.test_v62524_cypher_xp" name="test_peer_transfer_moves_one_xp" time="0.042" /><testcase classname="tests.test_v62524_cypher_xp" name="test_intrusion_grant_pairs_with_peer_share" time="0.035" /><testcase classname="tests.test_v62524_cypher_xp" name="test_narrative_pool_debits_all_contributors" time="0.034" /><testcase classname="tests.test_v62524_cypher_xp" name="test_advancement_step_costs_4_xp" time="0.031" /><testcase classname="tests.test_v62524_cypher_xp" name="test_unknown_kind_returns_422" time="0.023" /><testcase classname="tests.test_v62524_cypher_tables_bestiary" name="test_random_cypher_returns_full_payload" time="0.001" /><testcase classname="tests.test_v62524_cypher_tables_bestiary" name="test_random_artifact_carries_depletion" time="0.001" /><testcase classname="tests.test_v62524_cypher_tables_bestiary" name="test_random_table_rejects_bad_kind" time="0.001" /><testcase classname="tests.test_v62524_cypher_tables_bestiary" name="test_random_with_level_modifier_shifts_result" time="0.001" /><testcase classname="tests.test_v62524_cypher_tables_bestiary" name="test_bestiary_full_listing" time="0.001" /><testcase classname="tests.test_v62524_cypher_tables_bestiary" name="test_bestiary_genre_filter" time="0.001" /><testcase classname="tests.test_v62524_cypher_tables_bestiary" name="test_bestiary_level_band" time="0.001" /><testcase classname="tests.test_v62524_cypher_tables_bestiary" name="test_reference_payload_includes_bestiary" time="0.003" /><testcase classname="tests.test_v62523_cypher_foundation" name="test_compatibility_notice_present" time="0.000" /><testcase classname="tests.test_v62523_cypher_foundation" name="test_eight_genres_with_blurbs" time="0.000" /><testcase classname="tests.test_v62523_cypher_foundation" name="test_six_tier_progression_with_effort_caps" time="0.000" /><testcase classname="tests.test_v62523_cypher_foundation" name="test_four_advancement_steps_at_4_xp_each" time="0.000" /><testcase classname="tests.test_v62523_cypher_foundation" name="test_four_core_types_with_canonical_starting_pools" time="0.000" /><testcase classname="tests.test_v62523_cypher_foundation" name="test_each_type_has_six_tiers_of_abilities" time="0.000" /><testcase classname="tests.test_v62523_cypher_foundation" name="test_xp_mechanics_includes_peer_transfer_and_intrusion_refusal" time="0.000" /><testcase classname="tests.test_v62523_cypher_foundation" name="test_all_abilities_for_warrior_tier_3_includes_tier_3_entries" time="0.000" /><testcase classname="tests.test_v62523_cypher_foundation" name="test_get_type_full_is_case_insensitive" time="0.000" /><testcase classname="tests.test_v62523_cypher_foundation" name="test_tier_caps_clamps_to_1_6" time="0.000" /><testcase classname="tests.test_v62523_cypher_foundation" name="test_skill_levels_match_canon" time="0.000" /><testcase classname="tests.test_v62523_cypher_foundation" name="test_rules_notes_paraphrased_not_verbatim" time="0.000" /><testcase classname="tests.test_v62523_cypher_foundation" name="test_reference_dict_carries_v62523_keys" time="0.000" /><testcase classname="tests.test_v62523_cypher_foundation" name="test_systems_cypher_reference_serves_v62523" time="0.003" /><testcase classname="tests.test_v62523_cypher_foundation" name="test_tier_helper_returns_full_payload" time="0.002" /><testcase classname="tests.test_v62523_cypher_foundation" name="test_tier_helper_rejects_unknown_type_or_bad_tier" time="0.002" /></testsuite></testsuites>