<?xml version="1.0" encoding="utf-8"?><testsuites name="pytest tests"><testsuite name="pytest" errors="0" failures="1" skipped="0" tests="72" time="16.068" timestamp="2026-04-23T06:41:04.828151+00:00" hostname="agent-env-983ba008-be40-4716-87ca-c8d187e456bf"><testcase classname="backend.tests.backend_test.TestHealth" name="test_health" time="0.240" /><testcase classname="backend.tests.backend_test.TestAuth" name="test_login_seeded_gm" time="0.334" /><testcase classname="backend.tests.backend_test.TestAuth" name="test_login_seeded_player" time="0.355" /><testcase classname="backend.tests.backend_test.TestAuth" name="test_login_invalid" time="0.133" /><testcase classname="backend.tests.backend_test.TestAuth" name="test_register_new_user" time="0.368" /><testcase classname="backend.tests.backend_test.TestAuth" name="test_me_with_bearer" time="0.113" /><testcase classname="backend.tests.backend_test.TestAuth" name="test_me_with_cookie" time="0.379" /><testcase classname="backend.tests.backend_test.TestAuth" name="test_me_requires_auth" time="0.140" /><testcase classname="backend.tests.backend_test.TestBESMReference" name="test_reference_counts_and_source" time="0.154" /><testcase classname="backend.tests.backend_test.TestCampaigns" name="test_list_includes_campaign" time="0.236" /><testcase classname="backend.tests.backend_test.TestCampaigns" name="test_get_campaign_is_gm" time="0.096" /><testcase classname="backend.tests.backend_test.TestCampaigns" name="test_player_join" time="0.214" /><testcase classname="backend.tests.backend_test.TestCampaigns" name="test_gm_cannot_join_own" time="0.142" /><testcase classname="backend.tests.backend_test.TestCampaigns" name="test_player_cannot_delete_campaign" time="0.103" /><testcase classname="backend.tests.backend_test.TestCustomRules" name="test_gm_create_custom" time="0.099" /><testcase classname="backend.tests.backend_test.TestCustomRules" name="test_player_cannot_create_custom" time="0.110" /><testcase classname="backend.tests.backend_test.TestCharacters" name="test_derived_values" time="0.234" /><testcase classname="backend.tests.backend_test.TestCharacters" name="test_spent_points_present" time="0.000" /><testcase classname="backend.tests.backend_test.TestCharacters" name="test_list_characters" time="0.105" /><testcase classname="backend.tests.backend_test.TestCharacters" name="test_non_owner_cannot_edit" time="0.437" /><testcase classname="backend.tests.backend_test.TestCharacters" name="test_update_character_recomputes_derived" time="0.105" /><testcase classname="backend.tests.backend_test.TestCharacters" name="test_delete_character" time="0.342" /><testcase classname="backend.tests.backend_test.TestNodes" name="test_gm_gm_only_hidden_from_player" time="0.766" /><testcase classname="backend.tests.backend_test.TestNodes" name="test_player_cannot_reveal" time="0.223" /><testcase classname="backend.tests.backend_test.TestNodes" name="test_player_node_is_shared" time="0.124" /><testcase classname="backend.tests.backend_test.TestEdges" name="test_create_and_list" time="0.463" /><testcase classname="backend.tests.backend_test.TestSessions" name="test_player_cannot_create_session" time="0.106" /><testcase classname="backend.tests.backend_test.TestSessions" name="test_chat_create_and_list" time="0.329" /><testcase classname="backend.tests.backend_test.TestDice" name="test_simple_2d6" time="0.107" /><testcase classname="backend.tests.backend_test.TestDice" name="test_2d6_plus3" time="0.127" /><testcase classname="backend.tests.backend_test.TestDice" name="test_1d20" time="0.109" /><testcase classname="backend.tests.backend_test.TestDice" name="test_stat_reference_body" time="0.128" /><testcase classname="backend.tests.backend_test.TestDice" name="test_2d6_minus_body" time="0.109" /><testcase classname="backend.tests.backend_test.TestDice" name="test_3d6_plus_mind_minus_2" time="0.117" /><testcase classname="backend.tests.backend_test.TestInitiative" name="test_add_and_list_sorted_desc" time="0.490" /><testcase classname="backend.tests.backend_test.TestInitiative" name="test_delete_initiative" time="0.206" /><testcase classname="backend.tests.backend_test.TestRoundAndEffects" name="test_round_advance_and_effect_expiry" time="0.442" /><testcase classname="backend.tests.backend_test.TestRoundAndEffects" name="test_effect_delete" time="0.228" /><testcase classname="backend.tests.backend_test.TestDamage" name="test_damage_posts_system_chat" time="0.200" /><testcase classname="backend.tests.backend_test.TestWebSocket" name="test_ws_receives_chat_broadcast" time="0.279" /><testcase classname="backend.tests.backend_test.TestWebSocket" name="test_ws_no_token_closes_4401" time="0.151" /><testcase classname="backend.tests.backend_test.TestWebSocket" name="test_ws_invalid_token_closes_4401" time="0.153" /><testcase classname="backend.tests.backend_test.TestWebSocket" name="test_ws_private_campaign_non_member_closes_4403" time="0.467" /><testcase classname="backend.tests.backend_test.TestWebSocket" name="test_ws_public_campaign_any_member_connects" time="0.270" /><testcase classname="backend.tests.backend_test.TestGenesis" name="test_get_genesis_auto_creates" time="0.227" /><testcase classname="backend.tests.backend_test.TestGenesis" name="test_get_genesis_idempotent" time="0.216" /><testcase classname="backend.tests.backend_test.TestGenesis" name="test_get_genesis_non_gm_403" time="0.104" /><testcase classname="backend.tests.backend_test.TestGenesis" name="test_get_genesis_404" time="0.104" /><testcase classname="backend.tests.backend_test.TestGenesis" name="test_put_genesis_full_payload" time="0.219" /><testcase classname="backend.tests.backend_test.TestGenesis" name="test_put_genesis_is_idempotent_upsert" time="0.226" /><testcase classname="backend.tests.backend_test.TestGenesis" name="test_put_genesis_non_gm_403" time="0.106" /><testcase classname="backend.tests.backend_test.TestGenesis" name="test_seed_nodes_creates_4" time="0.443" /><testcase classname="backend.tests.backend_test.TestGenesis" name="test_seed_nodes_player_forbidden" time="0.107" /><testcase classname="backend.tests.backend_test.TestCORS" name="test_preflight_preview_origin_ok" time="0.069"><failure message="AssertionError: allow-origin=*&#10;assert '*' == 'https://test...gentagent.com'&#10;  &#10;  - https://test-preview.preview.emergentagent.com&#10;  + *">backend/tests/backend_test.py:853: in test_preflight_preview_origin_ok
    assert aco == origin, f"allow-origin={aco}"
E   AssertionError: allow-origin=*
E   assert '*' == 'https://test...gentagent.com'
E     
E     - https://test-preview.preview.emergentagent.com
E     + *</failure></testcase><testcase classname="backend.tests.backend_test.TestCORS" name="test_preflight_unknown_origin_no_cors" time="0.332" /><testcase classname="backend.tests.backend_test.TestBESMExtras" name="test_extras_book_and_rules_count" time="0.108" /><testcase classname="backend.tests.backend_test.TestBESMExtras" name="test_extras_rules_source_and_page" time="0.111" /><testcase classname="backend.tests.backend_test.TestBESMExtras" name="test_extras_rules_contain_key_items" time="0.118" /><testcase classname="backend.tests.backend_test.TestCampaignPrimer" name="test_create_returns_primer_and_invite" time="0.114" /><testcase classname="backend.tests.backend_test.TestCampaignPrimer" name="test_get_campaign_returns_primer" time="0.109" /><testcase classname="backend.tests.backend_test.TestCampaignPrimer" name="test_put_campaign_updates_primer_and_preserves_meta" time="0.100" /><testcase classname="backend.tests.backend_test.TestCampaignPrimer" name="test_put_campaign_non_gm_403" time="0.102" /><testcase classname="backend.tests.backend_test.TestInviteFlow" name="test_public_invite_lookup_no_auth" time="0.110" /><testcase classname="backend.tests.backend_test.TestInviteFlow" name="test_invite_lookup_invalid_404" time="0.105" /><testcase classname="backend.tests.backend_test.TestInviteFlow" name="test_accept_invite_requires_auth" time="0.101" /><testcase classname="backend.tests.backend_test.TestInviteFlow" name="test_accept_invite_adds_player" time="0.309" /><testcase classname="backend.tests.backend_test.TestInviteFlow" name="test_accept_invite_idempotent_already_member" time="0.104" /><testcase classname="backend.tests.backend_test.TestInviteFlow" name="test_accept_invite_as_gm_returns_already_gm" time="0.102" /><testcase classname="backend.tests.backend_test.TestInviteFlow" name="test_regenerate_invite_gm_only" time="0.447" /><testcase classname="backend.tests.backend_test.TestInviteFlow" name="test_accept_invite_table_full" time="1.104" /><testcase classname="backend.tests.backend_test.TestForgotPassword" name="test_forgot_password_known_email_returns_ok" time="0.104" /><testcase classname="backend.tests.backend_test.TestForgotPassword" name="test_forgot_password_unknown_email_returns_ok" time="0.419" /></testsuite></testsuites>