<?xml version="1.0" encoding="utf-8"?><testsuites name="pytest tests"><testsuite name="pytest" errors="0" failures="0" skipped="18" tests="118" time="55.993" timestamp="2026-04-26T17:28:55.141037+00:00" hostname="agent-env-983ba008-be40-4716-87ca-c8d187e456bf"><testcase classname="tests.test_iter9_v35.TestWhitelist" name="test_attributes_have_whitelist_keys" time="0.120" /><testcase classname="tests.test_iter9_v35.TestWhitelist" name="test_tough_no_enhancements" time="0.000" /><testcase classname="tests.test_iter9_v35.TestWhitelist" name="test_item_open_kit_full_lists" time="0.000" /><testcase classname="tests.test_iter9_v35.TestWhitelist" name="test_wealth_no_enhancements" time="0.000" /><testcase classname="tests.test_iter9_v35.TestWhitelist" name="test_mind_control_all_5_enh" time="0.000" /><testcase classname="tests.test_iter9_v35.TestWhitelist" name="test_heightened_senses_only_range" time="0.000" /><testcase classname="tests.test_iter9_v35.TestCostEngineClamp" name="test_cost_unchanged_by_limiters_v41" time="0.801" /><testcase classname="tests.test_iter9_v35.TestCostEngineClamp" name="test_clamp_extreme_negative_still_floors" time="0.215" /><testcase classname="tests.test_iter9_v35.TestCostEngineClamp" name="test_item_with_nested_defect" time="0.210" /><testcase classname="tests.test_iter9_v35.TestCostEngineClamp" name="test_nested_defect_refund_floors_at_zero" time="0.232" /><testcase classname="tests.test_iter9_v35.TestCostEngineClamp" name="test_defect_subtracted_from_total" time="0.225" /><testcase classname="tests.test_iter9_v35.TestCampaignBenchmarks" name="test_put_and_get_benchmarks" time="0.238" /><testcase classname="tests.test_iter9_v35.TestCampaignBenchmarks" name="test_character_uses_campaign_dm_baseline" time="0.699" /><testcase classname="tests.test_refactor_iter11.TestHealthAndOpenAPI" name="test_health" time="0.111" /><testcase classname="tests.test_refactor_iter11.TestHealthAndOpenAPI" name="test_openapi_has_expected_tags_and_ops" time="0.035" /><testcase classname="tests.test_refactor_iter11.TestAuth" name="test_register_player_role" time="0.333" /><testcase classname="tests.test_refactor_iter11.TestAuth" name="test_register_gm_role" time="0.330" /><testcase classname="tests.test_refactor_iter11.TestAuth" name="test_register_duplicate_400" time="0.188" /><testcase classname="tests.test_refactor_iter11.TestAuth" name="test_login_success_and_me" time="0.465" /><testcase classname="tests.test_refactor_iter11.TestAuth" name="test_login_bad_credentials_401" time="0.126" /><testcase classname="tests.test_refactor_iter11.TestAuth" name="test_brute_force_lock_kicks_in" time="1.369" /><testcase classname="tests.test_refactor_iter11.TestAuth" name="test_logout" time="0.115" /><testcase classname="tests.test_refactor_iter11.TestAuth" name="test_forgot_password_always_200" time="0.439" /><testcase classname="tests.test_refactor_iter11.TestAuth" name="test_reset_password_invalid_token_400" time="0.102" /><testcase classname="tests.test_refactor_iter11.TestReference" name="test_besm_reference_shape" time="0.139" /><testcase classname="tests.test_refactor_iter11.TestReference" name="test_systems_default_besm_4e_and_count" time="0.103" /><testcase classname="tests.test_refactor_iter11.TestCampaigns" name="test_player_cannot_create_campaign_403" time="0.476" /><testcase classname="tests.test_refactor_iter11.TestCampaigns" name="test_gm_create_get_update_invite_delete" time="0.825" /><testcase classname="tests.test_refactor_iter11.TestCampaigns" name="test_invite_accept_and_leave" time="0.558" /><testcase classname="tests.test_refactor_iter11.TestCustomAndGenesis" name="test_custom_rule_post_get_delete_gm_only" time="0.571" /><testcase classname="tests.test_refactor_iter11.TestCustomAndGenesis" name="test_genesis_get_put_seed_nodes" time="0.421" /><testcase classname="tests.test_refactor_iter11.TestCharacters" name="test_list_characters_in_seed_camp" time="0.461"><skipped type="pytest.skip" message="iter11 test campaign was wiped by iter12 reset; iter12 is now canonical for these flows.">/app/backend/tests/test_refactor_iter11.py:366: iter11 test campaign was wiped by iter12 reset; iter12 is now canonical for these flows.</skipped></testcase><testcase classname="tests.test_refactor_iter11.TestCharacters" name="test_player_cannot_create_char_in_camp_they_arent_in" time="0.000"><skipped type="pytest.skip" message="iter11 test campaign was wiped by iter12 reset; iter12 is now canonical for these flows.">/app/backend/tests/test_refactor_iter11.py:372: iter11 test campaign was wiped by iter12 reset; iter12 is now canonical for these flows.</skipped></testcase><testcase classname="tests.test_refactor_iter11.TestSeed" name="test_seed_evereantha_gm_only" time="0.000"><skipped type="pytest.skip" message="iter11 test campaign was wiped by iter12 reset; iter12 is now canonical for these flows.">/app/backend/tests/test_refactor_iter11.py:392: iter11 test campaign was wiped by iter12 reset; iter12 is now canonical for these flows.</skipped></testcase><testcase classname="tests.test_refactor_iter11.TestKnowledgeWeb" name="test_list_nodes" time="0.000"><skipped type="pytest.skip" message="iter11 test campaign was wiped by iter12 reset; iter12 is now canonical for these flows.">/app/backend/tests/test_refactor_iter11.py:425: iter11 test campaign was wiped by iter12 reset; iter12 is now canonical for these flows.</skipped></testcase><testcase classname="tests.test_refactor_iter11.TestKnowledgeWeb" name="test_reveal_node_gm_only" time="0.000"><skipped type="pytest.skip" message="iter11 test campaign was wiped by iter12 reset; iter12 is now canonical for these flows.">/app/backend/tests/test_refactor_iter11.py:431: iter11 test campaign was wiped by iter12 reset; iter12 is now canonical for these flows.</skipped></testcase><testcase classname="tests.test_refactor_iter11.TestKnowledgeWeb" name="test_create_edge_and_list" time="0.000"><skipped type="pytest.skip" message="iter11 test campaign was wiped by iter12 reset; iter12 is now canonical for these flows.">/app/backend/tests/test_refactor_iter11.py:444: iter11 test campaign was wiped by iter12 reset; iter12 is now canonical for these flows.</skipped></testcase><testcase classname="tests.test_refactor_iter11.TestSessionRoom" name="test_get_session" time="0.000"><skipped type="pytest.skip" message="iter11 test campaign was wiped by iter12 reset; iter12 is now canonical for these flows.">/app/backend/tests/test_refactor_iter11.py:471: iter11 test campaign was wiped by iter12 reset; iter12 is now canonical for these flows.</skipped></testcase><testcase classname="tests.test_refactor_iter11.TestSessionRoom" name="test_list_sessions_for_camp" time="0.000"><skipped type="pytest.skip" message="iter11 test campaign was wiped by iter12 reset; iter12 is now canonical for these flows.">/app/backend/tests/test_refactor_iter11.py:476: iter11 test campaign was wiped by iter12 reset; iter12 is now canonical for these flows.</skipped></testcase><testcase classname="tests.test_refactor_iter11.TestSessionRoom" name="test_chat_post_and_list" time="0.000"><skipped type="pytest.skip" message="iter11 test campaign was wiped by iter12 reset; iter12 is now canonical for these flows.">/app/backend/tests/test_refactor_iter11.py:482: iter11 test campaign was wiped by iter12 reset; iter12 is now canonical for these flows.</skipped></testcase><testcase classname="tests.test_refactor_iter11.TestSessionRoom" name="test_dice_roll_basic" time="0.000"><skipped type="pytest.skip" message="iter11 test campaign was wiped by iter12 reset; iter12 is now canonical for these flows.">/app/backend/tests/test_refactor_iter11.py:493: iter11 test campaign was wiped by iter12 reset; iter12 is now canonical for these flows.</skipped></testcase><testcase classname="tests.test_refactor_iter11.TestSessionRoom" name="test_dice_against_target" time="0.000"><skipped type="pytest.skip" message="iter11 test campaign was wiped by iter12 reset; iter12 is now canonical for these flows.">/app/backend/tests/test_refactor_iter11.py:506: iter11 test campaign was wiped by iter12 reset; iter12 is now canonical for these flows.</skipped></testcase><testcase classname="tests.test_refactor_iter11.TestInitiativeAndEffects" name="test_initiative_post_list_delete" time="0.000"><skipped type="pytest.skip" message="iter11 test campaign was wiped by iter12 reset; iter12 is now canonical for these flows.">/app/backend/tests/test_refactor_iter11.py:522: iter11 test campaign was wiped by iter12 reset; iter12 is now canonical for these flows.</skipped></testcase><testcase classname="tests.test_refactor_iter11.TestInitiativeAndEffects" name="test_effects_lifecycle_and_round_advance" time="0.000"><skipped type="pytest.skip" message="iter11 test campaign was wiped by iter12 reset; iter12 is now canonical for these flows.">/app/backend/tests/test_refactor_iter11.py:536: iter11 test campaign was wiped by iter12 reset; iter12 is now canonical for these flows.</skipped></testcase><testcase classname="tests.test_refactor_iter11.TestInitiativeAndEffects" name="test_damage_broadcast" time="0.000"><skipped type="pytest.skip" message="iter11 test campaign was wiped by iter12 reset; iter12 is now canonical for these flows.">/app/backend/tests/test_refactor_iter11.py:553: iter11 test campaign was wiped by iter12 reset; iter12 is now canonical for these flows.</skipped></testcase><testcase classname="tests.test_refactor_iter11.TestRecap" name="test_recap_returns_recap_or_503" time="0.000"><skipped type="pytest.skip" message="iter11 test campaign was wiped by iter12 reset; iter12 is now canonical for these flows.">/app/backend/tests/test_refactor_iter11.py:567: iter11 test campaign was wiped by iter12 reset; iter12 is now canonical for these flows.</skipped></testcase><testcase classname="tests.test_refactor_iter11.TestRecap" name="test_list_recaps" time="0.000"><skipped type="pytest.skip" message="iter11 test campaign was wiped by iter12 reset; iter12 is now canonical for these flows.">/app/backend/tests/test_refactor_iter11.py:575: iter11 test campaign was wiped by iter12 reset; iter12 is now canonical for these flows.</skipped></testcase><testcase classname="tests.test_refactor_iter11.TestWebSocketAuth" name="test_ws_4401_invalid_token" time="0.000"><skipped type="pytest.skip" message="iter11 test campaign was wiped by iter12 reset; iter12 is now canonical for these flows.">/app/backend/tests/test_refactor_iter11.py:587: iter11 test campaign was wiped by iter12 reset; iter12 is now canonical for these flows.</skipped></testcase><testcase classname="tests.test_refactor_iter11.TestWebSocketAuth" name="test_ws_token_valid_presence_room" time="0.000"><skipped type="pytest.skip" message="iter11 test campaign was wiped by iter12 reset; iter12 is now canonical for these flows.">/app/backend/tests/test_refactor_iter11.py:605: iter11 test campaign was wiped by iter12 reset; iter12 is now canonical for these flows.</skipped></testcase><testcase classname="tests.test_iter12_v40.TestAdminResetEvereantha" name="test_reset_forbidden_for_player" time="0.453" /><testcase classname="tests.test_iter12_v40.TestAdminResetEvereantha" name="test_reset_forbidden_for_gm" time="0.432" /><testcase classname="tests.test_iter12_v40.TestAdminResetEvereantha" name="test_reset_succeeds_for_admin" time="0.569" /><testcase classname="tests.test_iter12_v40.TestAdminResetEvereantha" name="test_evereantha_in_my_campaigns" time="0.135" /><testcase classname="tests.test_iter12_v40.TestAdminResetEvereantha" name="test_genesis_phase_7_complete" time="0.125" /><testcase classname="tests.test_iter12_v40.TestAdminResetEvereantha" name="test_world_codex_20_nodes_breakdown" time="0.126" /><testcase classname="tests.test_iter12_v40.TestAdminResetEvereantha" name="test_three_pcs_with_computed_spent" time="0.114" /><testcase classname="tests.test_iter12_v40.TestBattlemap" name="test_member_can_get_map_auto_init" time="0.242" /><testcase classname="tests.test_iter12_v40.TestBattlemap" name="test_non_member_cannot_get_map" time="0.768" /><testcase classname="tests.test_iter12_v40.TestBattlemap" name="test_put_map_requires_gm" time="0.755" /><testcase classname="tests.test_iter12_v40.TestBattlemap" name="test_gm_adds_token" time="0.109" /><testcase classname="tests.test_iter12_v40.TestBattlemap" name="test_player_can_move_own_token" time="0.125" /><testcase classname="tests.test_iter12_v40.TestBattlemap" name="test_player_cannot_add_unbound_token" time="0.107" /><testcase classname="tests.test_iter12_v40.TestBattlemap" name="test_gm_paint_fog_hide_then_reveal" time="0.243" /><testcase classname="tests.test_iter12_v40.TestBattlemap" name="test_player_cannot_paint_fog" time="0.107" /><testcase classname="tests.test_iter12_v40.TestBattlemap" name="test_gm_walls_crud" time="0.240" /><testcase classname="tests.test_iter12_v40.TestBattlemap" name="test_player_cannot_add_wall" time="0.109" /><testcase classname="tests.test_iter12_v40.TestBattlemap" name="test_gm_delete_token" time="0.121" /><testcase classname="tests.test_iter12_v40.TestBattlemapWebsocket" name="test_ws_receives_map_token_event" time="3.077" /><testcase classname="tests.test_iter12_v40.TestChannels" name="test_list_auto_creates_tavern" time="0.134" /><testcase classname="tests.test_iter12_v40.TestChannels" name="test_player_cannot_create_channel" time="0.122" /><testcase classname="tests.test_iter12_v40.TestChannels" name="test_admin_creates_channel" time="0.118" /><testcase classname="tests.test_iter12_v40.TestChannels" name="test_post_roll_message_executes_dice" time="0.103" /><testcase classname="tests.test_iter12_v40.TestChannels" name="test_post_emote_and_whisper" time="0.227" /><testcase classname="tests.test_iter12_v40.TestChannels" name="test_mention_resolves_to_uid" time="0.121" /><testcase classname="tests.test_iter12_v40.TestChannels" name="test_reaction_toggle" time="0.214" /><testcase classname="tests.test_iter12_v40.TestChannels" name="test_pin_gm_only" time="0.215" /><testcase classname="tests.test_iter12_v40.TestChannels" name="test_threads_crud_and_filter" time="0.582" /><testcase classname="tests.test_iter12_v40.TestChannels" name="test_edit_and_delete_message" time="0.331" /><testcase classname="tests.test_iter12_v40.TestChannels" name="test_gm_can_delete_channel" time="0.102" /><testcase classname="tests.test_iter12_v40.TestRegressionSurface" name="test_health" time="0.105" /><testcase classname="tests.test_iter12_v40.TestRegressionSurface" name="test_openapi_has_new_tags" time="0.006" /><testcase classname="tests.test_iter12_v40.TestRegressionSurface" name="test_dice_endpoint_still_works" time="0.109" /><testcase classname="tests.test_iter13_v42.TestResetGate" name="test_reset_without_confirm_400" time="0.451" /><testcase classname="tests.test_iter13_v42.TestResetGate" name="test_reset_with_wrong_confirm_400" time="0.104" /><testcase classname="tests.test_iter13_v42.TestResetGate" name="test_reset_with_wipe_200" time="0.118" /><testcase classname="tests.test_iter13_v42.TestResetGate" name="test_reset_player_still_403" time="0.438" /><testcase classname="tests.test_iter13_v42.TestBruteForceLockXFF" name="test_xff_pinned_lockout" time="2.206" /><testcase classname="tests.test_iter13_v42.TestBruteForceLockXFF" name="test_lock_isolated_to_xff" time="2.480" /><testcase classname="tests.test_iter13_v42.TestCharacterTransfer" name="test_transfer_to_player_and_auto_member" time="0.946" /><testcase classname="tests.test_iter13_v42.TestCharacterTransfer" name="test_transfer_forbidden_for_non_gm" time="0.233" /><testcase classname="tests.test_iter13_v42.TestCharacterTransfer" name="test_transfer_unknown_owner_404" time="0.234" /><testcase classname="tests.test_iter13_v42.TestCampaignMembers" name="test_non_member_403" time="0.447" /><testcase classname="tests.test_iter13_v42.TestCampaignMembers" name="test_members_list_shape" time="0.108" /><testcase classname="tests.test_iter13_v42.TestEffectTargetCharacterId" name="test_effect_accepts_target_character_id" time="0.459" /><testcase classname="tests.test_iter13_v42.TestEffectiveLevelDecoration" name="test_decorated_on_get_and_list" time="0.117" /><testcase classname="tests.test_iter13_v42.TestOpenAPI" name="test_openapi_tags_and_op_count" time="0.004" /><testcase classname="tests.test_iter13_v42" name="test_ws_campaign_invalid_token" time="0.206" /><testcase classname="tests.test_iter13_v42" name="test_ws_campaign_no_such_campaign" time="0.176" /><testcase classname="tests.test_iter13_v42" name="test_ws_campaign_non_member_4403" time="3.544" /><testcase classname="tests.test_iter13_v42" name="test_ws_campaign_member_receives_channel_msg" time="0.918" /><testcase classname="tests.test_iter14_v43.TestDemoAccountsRetired" name="test_retired_demo_login_401[admin@tablegnostic.com-admin123]" time="0.110" /><testcase classname="tests.test_iter14_v43.TestDemoAccountsRetired" name="test_retired_demo_login_401[gm@tablegnostic.com-gm123456]" time="0.111" /><testcase classname="tests.test_iter14_v43.TestDemoAccountsRetired" name="test_retired_demo_login_401[player@tablegnostic.com-player12345]" time="0.102" /><testcase classname="tests.test_iter14_v43.TestDemoAccountsRetired" name="test_gmfran_login_ok_admin" time="0.435" /><testcase classname="tests.test_iter14_v43.TestNodeVisibilityFlip" name="test_flip_to_shared" time="1.181" /><testcase classname="tests.test_iter14_v43.TestNodeVisibilityFlip" name="test_flip_to_revealed_then_back_to_gm_only_clears_revealed_to" time="0.525" /><testcase classname="tests.test_iter14_v43.TestNodeVisibilityFlip" name="test_invalid_visibility_400" time="0.220" /><testcase classname="tests.test_iter14_v43.TestNodeVisibilityFlip" name="test_player_cannot_change_visibility" time="0.227" /><testcase classname="tests.test_iter14_v43.TestBulkVisibility" name="test_bulk_shared_then_gm_only_returns_count" time="0.547" /><testcase classname="tests.test_iter14_v43.TestBulkVisibility" name="test_bulk_invalid_visibility_400" time="0.108" /><testcase classname="tests.test_iter14_v43.TestBulkVisibility" name="test_bulk_player_403" time="0.108" /><testcase classname="tests.test_iter14_v43.TestPlayerJournalToCodex" name="test_journal_creates_codex_node_and_keeps_folio_copy" time="0.784" /><testcase classname="tests.test_iter14_v43.TestRecapAndFinalize" name="test_finalize_missing_recap_node_id_400" time="0.114" /><testcase classname="tests.test_iter14_v43.TestRecapAndFinalize" name="test_finalize_invalid_tone_400" time="0.238" /><testcase classname="tests.test_iter14_v43.TestRecapAndFinalize" name="test_finalize_cross_campaign_recap_404" time="0.691" /><testcase classname="tests.test_iter14_v43.TestRecapAndFinalize" name="test_finalize_player_403" time="0.121" /><testcase classname="tests.test_iter14_v43.TestRecapAndFinalize" name="test_recap_creates_session_record_node" time="7.103" /><testcase classname="tests.test_iter14_v43.TestRecapAndFinalize" name="test_finalize_positive_path" time="6.122" /></testsuite></testsuites>