<?xml version="1.0" encoding="utf-8"?><testsuites name="pytest tests"><testsuite name="pytest" errors="0" failures="0" skipped="0" tests="31" time="21.106" timestamp="2026-05-13T08:18:02.080705+00:00" hostname="agent-env-983ba008-be40-4716-87ca-c8d187e456bf"><testcase classname="backend.tests.test_v62543_scenes" name="test_scene_lifecycle_and_confirm_guard" time="2.927" /><testcase classname="backend.tests.test_v62543_scenes_supplemental" name="test_scenes_list_endpoint_returns_array" time="1.214" /><testcase classname="backend.tests.test_v62543_scenes_supplemental" name="test_chat_with_no_active_scene_has_no_scene_id" time="1.033" /><testcase classname="backend.tests.test_v62541_auto_queue.TestAutoQueueCharacterPUT" name="test_player_put_queued_when_gate_on" time="1.745" /><testcase classname="backend.tests.test_v62541_auto_queue.TestAutoQueueCharacterPUT" name="test_gm_put_writes_through_even_when_gate_on" time="1.759" /><testcase classname="backend.tests.test_v62541_auto_queue.TestAutoQueueCharacterPUT" name="test_player_put_direct_when_gate_off" time="1.479" /><testcase classname="backend.tests.test_v62541_auto_queue.TestAutoQueueFolioInventory" name="test_inventory_patch_queued_when_gate_on" time="1.786" /><testcase classname="backend.tests.test_v62541_auto_queue.TestAutoQueueFolioInventory" name="test_non_inventory_folio_not_queued" time="1.605" /><testcase classname="backend.tests.test_v62542_e2e_live.TestPublicEndpoints" name="test_public_stats" time="0.103" /><testcase classname="backend.tests.test_v62542_e2e_live.TestPublicEndpoints" name="test_public_roadmap" time="0.114" /><testcase classname="backend.tests.test_v62542_e2e_live.TestPublicEndpoints" name="test_public_featured" time="0.099" /><testcase classname="backend.tests.test_v62542_e2e_live.TestSEO" name="test_sitemap_xml" time="0.103" /><testcase classname="backend.tests.test_v62542_e2e_live.TestSEO" name="test_og_unknown_slug" time="0.097" /><testcase classname="backend.tests.test_v62542_e2e_live.TestSEO" name="test_og_known_slug_if_any" time="0.536" /><testcase classname="backend.tests.test_v62542_e2e_live.TestCostBalance" name="test_preview_cost_balance_or_skip" time="0.545" /><testcase classname="backend.tests.test_v62542_e2e_live.TestAdminModeration" name="test_admin_endpoints_require_admin" time="0.457" /><testcase classname="backend.tests.test_v62542_e2e_live.TestAdminModeration" name="test_admin_flags_list" time="0.113" /><testcase classname="backend.tests.test_v62542_e2e_live.TestAdminModeration" name="test_admin_audit_log" time="0.102" /><testcase classname="backend.tests.test_v62542_e2e_live.TestAdminModeration" name="test_admin_showcases" time="0.098" /><testcase classname="backend.tests.test_v62542_e2e_live.TestAdminModeration" name="test_admin_roadmap_crud" time="0.529" /><testcase classname="backend.tests.test_v62542_e2e_live.TestAutoQueueLive" name="test_player_put_gets_queued" time="1.381" /><testcase classname="backend.tests.test_v62542_e2e_live.TestAutoQueueLive" name="test_player_inventory_folio_queued" time="0.098" /><testcase classname="backend.tests.test_v62542_e2e_live.TestAutoQueueLive" name="test_player_noninventory_folio_passes_through" time="0.103" /><testcase classname="backend.tests.test_v62542_e2e_live.TestAutoQueueLive" name="test_gm_put_passes_through" time="0.233" /><testcase classname="backend.tests.test_v62542_e2e_live.TestAutoQueueLive" name="test_gate_off_player_writes_through" time="0.553" /><testcase classname="backend.tests.test_v62544_bugfix_batch.TestBugCReferenceLibrary" name="test_create_custom_reference_and_visible_in_library" time="0.753" /><testcase classname="backend.tests.test_v62544_bugfix_batch.TestBugCReferenceLibrary" name="test_library_requires_system_id" time="0.112" /><testcase classname="backend.tests.test_v62544_bugfix_batch.TestBugCReferenceLibrary" name="test_library_admin_sees_all" time="0.428" /><testcase classname="backend.tests.test_v62544_bugfix_batch.TestBugDAdhocLocation" name="test_create_scene_with_adhoc_location_label" time="0.557" /><testcase classname="backend.tests.test_v62544_bugfix_batch.TestBugDVoiceLineRoute" name="test_voice_line_route_registered" time="0.210" /><testcase classname="backend.tests.test_v62544_bugfix_batch.TestBugBCharacterEditRoute" name="test_characters_listing_for_gm" time="0.113" /></testsuite></testsuites>