<?xml version="1.0" encoding="utf-8"?><testsuites name="pytest tests"><testsuite name="pytest" errors="0" failures="0" skipped="0" tests="3" time="0.321" timestamp="2026-05-07T00:31:53.269216+00:00" hostname="agent-env-983ba008-be40-4716-87ca-c8d187e456bf"><testcase classname="tests.test_v6258_mod_rank" name="test_attribute_with_rank_mods_round_trips" time="0.243" /><testcase classname="tests.test_v6258_mod_rank" name="test_legacy_string_mods_still_load" time="0.013" /><testcase classname="tests.test_v6258_mod_rank" name="test_genesis_archive_endpoint_returns_list" time="0.007" /></testsuite></testsuites>