<?xml version="1.0" encoding="utf-8"?><testsuites name="pytest tests"><testsuite name="pytest" errors="0" failures="0" skipped="0" tests="20" time="2.059" timestamp="2026-05-07T00:32:16.446777+00:00" hostname="agent-env-983ba008-be40-4716-87ca-c8d187e456bf"><testcase classname="tests.test_v6258_mod_rank" name="test_attribute_with_rank_mods_round_trips" time="0.249" /><testcase classname="tests.test_v6258_mod_rank" name="test_legacy_string_mods_still_load" time="0.014" /><testcase classname="tests.test_v6258_mod_rank" name="test_genesis_archive_endpoint_returns_list" time="0.008" /><testcase classname="tests.test_v6258_genesis_403" name="test_genesis_archives_gm_200" time="0.234" /><testcase classname="tests.test_v6258_genesis_403" name="test_genesis_archives_non_gm_403" time="0.233" /><testcase classname="tests.test_v6257_macros_hk2" name="test_macro_crud_user_scope" time="0.243" /><testcase classname="tests.test_v6257_macros_hk2" name="test_macro_invalid_name_400" time="0.008" /><testcase classname="tests.test_v6257_macros_hk2" name="test_macro_chat_expands_tokens_and_modifier" time="0.020" /><testcase classname="tests.test_v6257_macros_hk2" name="test_macro_unknown_renders_miss" time="0.011" /><testcase classname="tests.test_v6257_macros_hk2" name="test_cast_deducts_spell_slot_and_undoes" time="0.043" /><testcase classname="tests.test_v6257_macros_hk2" name="test_cast_no_slots_doesnt_deduct" time="0.022" /><testcase classname="tests.test_v6257_macros_hk2" name="test_use_bundle_deducts_charge_and_ep" time="0.020" /><testcase classname="tests.test_v6257_macros_hk2" name="test_genesis_archive_round_trip" time="0.528" /><testcase classname="tests.test_v6257_macros_hk2" name="test_custom_rule_color_round_trip" time="0.010" /><testcase classname="tests.test_v6256_chat_hotkeys" name="test_cast_resolves_a_known_spell" time="0.241" /><testcase classname="tests.test_v6256_chat_hotkeys" name="test_cast_unknown_spell_renders_miss" time="0.011" /><testcase classname="tests.test_v6256_chat_hotkeys" name="test_use_bundle_resolves_power_bundle" time="0.013" /><testcase classname="tests.test_v6256_chat_hotkeys" name="test_spend_xp_queues_a_proposal" time="0.023" /><testcase classname="tests.test_v6256_chat_hotkeys" name="test_spend_xp_blocked_when_marketplace_disabled" time="0.027" /><testcase classname="tests.test_v6256_chat_hotkeys" name="test_spend_xp_insufficient_balance_error" time="0.019" /></testsuite></testsuites>