<?xml version="1.0" encoding="utf-8"?><testsuites name="pytest tests"><testsuite name="pytest" errors="0" failures="0" skipped="0" tests="6" time="2.556" timestamp="2026-05-13T08:17:53.673521+00:00" hostname="agent-env-983ba008-be40-4716-87ca-c8d187e456bf"><testcase classname="backend.tests.test_v62544_bugfix_batch.TestBugCReferenceLibrary" name="test_create_custom_reference_and_visible_in_library" time="0.930" /><testcase classname="backend.tests.test_v62544_bugfix_batch.TestBugCReferenceLibrary" name="test_library_requires_system_id" time="0.111" /><testcase classname="backend.tests.test_v62544_bugfix_batch.TestBugCReferenceLibrary" name="test_library_admin_sees_all" time="0.492" /><testcase classname="backend.tests.test_v62544_bugfix_batch.TestBugDAdhocLocation" name="test_create_scene_with_adhoc_location_label" time="0.577" /><testcase classname="backend.tests.test_v62544_bugfix_batch.TestBugDVoiceLineRoute" name="test_voice_line_route_registered" time="0.222" /><testcase classname="backend.tests.test_v62544_bugfix_batch.TestBugBCharacterEditRoute" name="test_characters_listing_for_gm" time="0.116" /></testsuite></testsuites>