<?xml version="1.0" encoding="utf-8"?><testsuites name="pytest tests"><testsuite name="pytest" errors="0" failures="0" skipped="0" tests="6" time="0.359" timestamp="2026-05-09T16:01:22.706997+00:00" hostname="agent-env-983ba008-be40-4716-87ca-c8d187e456bf"><testcase classname="backend.tests.test_v62532_besm_anime_cors" name="test_besm_reference_has_race_and_class_templates" time="0.023" /><testcase classname="backend.tests.test_v62532_besm_anime_cors" name="test_besm_class_adventurer_generalist_present" time="0.012" /><testcase classname="backend.tests.test_v62532_besm_anime_cors" name="test_anime5e_reference_parity_minimums" time="0.009" /><testcase classname="backend.tests.test_v62532_besm_anime_cors" name="test_anime5e_reference_anime_originals_present" time="0.008" /><testcase classname="backend.tests.test_v62532_besm_anime_cors" name="test_dnd5e_reference_regression" time="0.008" /><testcase classname="backend.tests.test_v62532_besm_anime_cors" name="test_cors_login_tablegnostic_origin" time="0.228" /></testsuite></testsuites>